# JRE version: Java(TM) SE Runtime Environment (8.0_60-b27) (build 1.8.0_60-b27)
# Java VM: Java HotSpot(TM) 64-Bit Server VM (25.60-b23 mixed mode bsd-amd64 compressed oops)
Heap:
 PSYoungGen      total 905216K, used 457475K [0x000000076ab00000, 0x00000007b7900000, 0x00000007c0000000)
  eden space 878592K, 49% used [0x000000076ab00000,0x0000000784fc1738,0x00000007a0500000)
  from space 26624K, 99% used [0x00000007a0500000,0x00000007a1eff750,0x00000007a1f00000)
  to   space 34304K, 0% used [0x00000007b5780000,0x00000007b5780000,0x00000007b7900000)
 ParOldGen       total 166912K, used 39817K [0x00000006c0000000, 0x00000006ca300000, 0x000000076ab00000)
  object space 166912K, 23% used [0x00000006c0000000,0x00000006c26e2410,0x00000006ca300000)
 Metaspace       used 71489K, capacity 72982K, committed 73344K, reserved 1112064K
  class space    used 9943K, capacity 10265K, committed 10368K, reserved 1048576K
GC Heap History (10 events):
Event: 4.633 GC heap before
{Heap before GC invocations=12 (full 2):
 PSYoungGen      total 637440K, used 5933K [0x000000076ab00000, 0x0000000794580000, 0x00000007c0000000)
  eden space 615936K, 0% used [0x000000076ab00000,0x000000076ab00000,0x0000000790480000)
  from space 21504K, 27% used [0x0000000791900000,0x0000000791ecb5f0,0x0000000792e00000)
  to   space 20992K, 0% used [0x0000000790480000,0x0000000790480000,0x0000000791900000)
 ParOldGen       total 91648K, used 28209K [0x00000006c0000000, 0x00000006c5980000, 0x000000076ab00000)
  object space 91648K, 30% used [0x00000006c0000000,0x00000006c1b8c5f0,0x00000006c5980000)
 Metaspace       used 34784K, capacity 35342K, committed 35416K, reserved 1079296K
  class space    used 4675K, capacity 4833K, committed 4864K, reserved 1048576K
Event: 4.683 GC heap after
Heap after GC invocations=12 (full 2):
 PSYoungGen      total 637440K, used 0K [0x000000076ab00000, 0x0000000794580000, 0x00000007c0000000)
  eden space 615936K, 0% used [0x000000076ab00000,0x000000076ab00000,0x0000000790480000)
  from space 21504K, 0% used [0x0000000791900000,0x0000000791900000,0x0000000792e00000)
  to   space 20992K, 0% used [0x0000000790480000,0x0000000790480000,0x0000000791900000)
 ParOldGen       total 134656K, used 23475K [0x00000006c0000000, 0x00000006c8380000, 0x000000076ab00000)
  object space 134656K, 17% used [0x00000006c0000000,0x00000006c16ecdc0,0x00000006c8380000)
 Metaspace       used 34784K, capacity 35342K, committed 35416K, reserved 1079296K
  class space    used 4675K, capacity 4833K, committed 4864K, reserved 1048576K
}
Event: 8.813 GC heap before
{Heap before GC invocations=13 (full 2):
 PSYoungGen      total 637440K, used 615936K [0x000000076ab00000, 0x0000000794580000, 0x00000007c0000000)
  eden space 615936K, 100% used [0x000000076ab00000,0x0000000790480000,0x0000000790480000)
  from space 21504K, 0% used [0x0000000791900000,0x0000000791900000,0x0000000792e00000)
  to   space 20992K, 0% used [0x0000000790480000,0x0000000790480000,0x0000000791900000)
 ParOldGen       total 134656K, used 23475K [0x00000006c0000000, 0x00000006c8380000, 0x000000076ab00000)
  object space 134656K, 17% used [0x00000006c0000000,0x00000006c16ecdc0,0x00000006c8380000)
 Metaspace       used 56182K, capacity 57014K, committed 57088K, reserved 1097728K
  class space    used 7952K, capacity 8175K, committed 8192K, reserved 1048576K
Event: 8.836 GC heap after
Heap after GC invocations=13 (full 2):
 PSYoungGen      total 636928K, used 20991K [0x000000076ab00000, 0x00000007a3900000, 0x00000007c0000000)
  eden space 615936K, 0% used [0x000000076ab00000,0x000000076ab00000,0x0000000790480000)
  from space 20992K, 99% used [0x0000000790480000,0x00000007918ffd60,0x0000000791900000)
  to   space 26624K, 0% used [0x00000007a1f00000,0x00000007a1f00000,0x00000007a3900000)
 ParOldGen       total 134656K, used 30285K [0x00000006c0000000, 0x00000006c8380000, 0x000000076ab00000)
  object space 134656K, 22% used [0x00000006c0000000,0x00000006c1d93548,0x00000006c8380000)
 Metaspace       used 56182K, capacity 57014K, committed 57088K, reserved 1097728K
  class space    used 7952K, capacity 8175K, committed 8192K, reserved 1048576K
}
Event: 9.016 GC heap before
{Heap before GC invocations=14 (full 2):
 PSYoungGen      total 636928K, used 63112K [0x000000076ab00000, 0x00000007a3900000, 0x00000007c0000000)
  eden space 615936K, 6% used [0x000000076ab00000,0x000000076d422648,0x0000000790480000)
  from space 20992K, 99% used [0x0000000790480000,0x00000007918ffd60,0x0000000791900000)
  to   space 26624K, 0% used [0x00000007a1f00000,0x00000007a1f00000,0x00000007a3900000)
 ParOldGen       total 134656K, used 30285K [0x00000006c0000000, 0x00000006c8380000, 0x000000076ab00000)
  object space 134656K, 22% used [0x00000006c0000000,0x00000006c1d93548,0x00000006c8380000)
 Metaspace       used 57736K, capacity 58876K, committed 59008K, reserved 1099776K
  class space    used 8199K, capacity 8488K, committed 8576K, reserved 1048576K
Event: 9.027 GC heap after
Heap after GC invocations=14 (full 2):
 PSYoungGen      total 905216K, used 1620K [0x000000076ab00000, 0x00000007a3d80000, 0x00000007c0000000)
  eden space 878592K, 0% used [0x000000076ab00000,0x000000076ab00000,0x00000007a0500000)
  from space 26624K, 6% used [0x00000007a1f00000,0x00000007a2095290,0x00000007a3900000)
  to   space 26624K, 0% used [0x00000007a0500000,0x00000007a0500000,0x00000007a1f00000)
 ParOldGen       total 134656K, used 37960K [0x00000006c0000000, 0x00000006c8380000, 0x000000076ab00000)
  object space 134656K, 28% used [0x00000006c0000000,0x00000006c25121c0,0x00000006c8380000)
 Metaspace       used 57736K, capacity 58876K, committed 59008K, reserved 1099776K
  class space    used 8199K, capacity 8488K, committed 8576K, reserved 1048576K
}
Event: 9.027 GC heap before
{Heap before GC invocations=15 (full 3):
 PSYoungGen      total 905216K, used 1620K [0x000000076ab00000, 0x00000007a3d80000, 0x00000007c0000000)
  eden space 878592K, 0% used [0x000000076ab00000,0x000000076ab00000,0x00000007a0500000)
  from space 26624K, 6% used [0x00000007a1f00000,0x00000007a2095290,0x00000007a3900000)
  to   space 26624K, 0% used [0x00000007a0500000,0x00000007a0500000,0x00000007a1f00000)
 ParOldGen       total 134656K, used 37960K [0x00000006c0000000, 0x00000006c8380000, 0x000000076ab00000)
  object space 134656K, 28% used [0x00000006c0000000,0x00000006c25121c0,0x00000006c8380000)
 Metaspace       used 57736K, capacity 58876K, committed 59008K, reserved 1099776K
  class space    used 8199K, capacity 8488K, committed 8576K, reserved 1048576K
Event: 9.200 GC heap after
Heap after GC invocations=15 (full 3):
 PSYoungGen      total 905216K, used 0K [0x000000076ab00000, 0x00000007a3d80000, 0x00000007c0000000)
  eden space 878592K, 0% used [0x000000076ab00000,0x000000076ab00000,0x00000007a0500000)
  from space 26624K, 0% used [0x00000007a1f00000,0x00000007a1f00000,0x00000007a3900000)
  to   space 26624K, 0% used [0x00000007a0500000,0x00000007a0500000,0x00000007a1f00000)
 ParOldGen       total 166912K, used 31508K [0x00000006c0000000, 0x00000006ca300000, 0x000000076ab00000)
  object space 166912K, 18% used [0x00000006c0000000,0x00000006c1ec50d0,0x00000006ca300000)
 Metaspace       used 57736K, capacity 58876K, committed 59008K, reserved 1099776K
  class space    used 8199K, capacity 8488K, committed 8576K, reserved 1048576K
}
Event: 82.902 GC heap before
{Heap before GC invocations=16 (full 3):
 PSYoungGen      total 905216K, used 878592K [0x000000076ab00000, 0x00000007a3d80000, 0x00000007c0000000)
  eden space 878592K, 100% used [0x000000076ab00000,0x00000007a0500000,0x00000007a0500000)
  from space 26624K, 0% used [0x00000007a1f00000,0x00000007a1f00000,0x00000007a3900000)
  to   space 26624K, 0% used [0x00000007a0500000,0x00000007a0500000,0x00000007a1f00000)
 ParOldGen       total 166912K, used 31508K [0x00000006c0000000, 0x00000006ca300000, 0x000000076ab00000)
  object space 166912K, 18% used [0x00000006c0000000,0x00000006c1ec50d0,0x00000006ca300000)
 Metaspace       used 71409K, capacity 72834K, committed 73216K, reserved 1112064K
  class space    used 9932K, capacity 10223K, committed 10240K, reserved 1048576K
Event: 82.930 GC heap after
Heap after GC invocations=16 (full 3):
 PSYoungGen      total 905216K, used 26621K [0x000000076ab00000, 0x00000007b7900000, 0x00000007c0000000)
  eden space 878592K, 0% used [0x000000076ab00000,0x000000076ab00000,0x00000007a0500000)
  from space 26624K, 99% used [0x00000007a0500000,0x00000007a1eff750,0x00000007a1f00000)
  to   space 34304K, 0% used [0x00000007b5780000,0x00000007b5780000,0x00000007b7900000)
 ParOldGen       total 166912K, used 39817K [0x00000006c0000000, 0x00000006ca300000, 0x000000076ab00000)
  object space 166912K, 23% used [0x00000006c0000000,0x00000006c26e2410,0x00000006ca300000)
 Metaspace       used 71409K, capacity 72834K, committed 73216K, reserved 1112064K
  class space    used 9932K, capacity 10223K, committed 10240K, reserved 1048576K
}

