# JRE version: Java(TM) SE Runtime Environment (8.0_60-b27) (build 1.8.0_60-b27)
# Java VM: Java HotSpot(TM) 64-Bit Server VM (25.60-b23 mixed mode bsd-amd64 compressed oops)
Heap:
 PSYoungGen      total 933888K, used 626013K [0x000000076ab00000, 0x00000007a5e00000, 0x00000007c0000000)
  eden space 907264K, 69% used [0x000000076ab00000,0x0000000790e57408,0x00000007a2100000)
  from space 26624K, 0% used [0x00000007a3b80000,0x00000007a3b80000,0x00000007a5580000)
  to   space 27136K, 0% used [0x00000007a2100000,0x00000007a2100000,0x00000007a3b80000)
 ParOldGen       total 160768K, used 31279K [0x00000006c0000000, 0x00000006c9d00000, 0x000000076ab00000)
  object space 160768K, 19% used [0x00000006c0000000,0x00000006c1e8be70,0x00000006c9d00000)
 Metaspace       used 69531K, capacity 70966K, committed 71296K, reserved 1110016K
  class space    used 9696K, capacity 10017K, committed 10112K, reserved 1048576K
GC Heap History (10 events):
Event: 4.604 GC heap before
{Heap before GC invocations=11 (full 1):
 PSYoungGen      total 462336K, used 40178K [0x000000076ab00000, 0x0000000793d00000, 0x00000007c0000000)
  eden space 446464K, 5% used [0x000000076ab00000,0x000000076c2be8d0,0x0000000785f00000)
  from space 15872K, 99% used [0x0000000785f00000,0x0000000786e7e0c8,0x0000000786e80000)
  to   space 21504K, 0% used [0x0000000792800000,0x0000000792800000,0x0000000793d00000)
 ParOldGen       total 90112K, used 17740K [0x00000006c0000000, 0x00000006c5800000, 0x000000076ab00000)
  object space 90112K, 19% used [0x00000006c0000000,0x00000006c11533d8,0x00000006c5800000)
 Metaspace       used 34803K, capacity 35342K, committed 35416K, reserved 1079296K
  class space    used 4678K, capacity 4833K, committed 4864K, reserved 1048576K
Event: 4.617 GC heap after
Heap after GC invocations=11 (full 1):
 PSYoungGen      total 652800K, used 5985K [0x000000076ab00000, 0x0000000795880000, 0x00000007c0000000)
  eden space 631296K, 0% used [0x000000076ab00000,0x000000076ab00000,0x0000000791380000)
  from space 21504K, 27% used [0x0000000792800000,0x0000000792dd8458,0x0000000793d00000)
  to   space 20992K, 0% used [0x0000000791380000,0x0000000791380000,0x0000000792800000)
 ParOldGen       total 90112K, used 28356K [0x00000006c0000000, 0x00000006c5800000, 0x000000076ab00000)
  object space 90112K, 31% used [0x00000006c0000000,0x00000006c1bb1090,0x00000006c5800000)
 Metaspace       used 34803K, capacity 35342K, committed 35416K, reserved 1079296K
  class space    used 4678K, capacity 4833K, committed 4864K, reserved 1048576K
}
Event: 4.617 GC heap before
{Heap before GC invocations=12 (full 2):
 PSYoungGen      total 652800K, used 5985K [0x000000076ab00000, 0x0000000795880000, 0x00000007c0000000)
  eden space 631296K, 0% used [0x000000076ab00000,0x000000076ab00000,0x0000000791380000)
  from space 21504K, 27% used [0x0000000792800000,0x0000000792dd8458,0x0000000793d00000)
  to   space 20992K, 0% used [0x0000000791380000,0x0000000791380000,0x0000000792800000)
 ParOldGen       total 90112K, used 28356K [0x00000006c0000000, 0x00000006c5800000, 0x000000076ab00000)
  object space 90112K, 31% used [0x00000006c0000000,0x00000006c1bb1090,0x00000006c5800000)
 Metaspace       used 34803K, capacity 35342K, committed 35416K, reserved 1079296K
  class space    used 4678K, capacity 4833K, committed 4864K, reserved 1048576K
Event: 4.671 GC heap after
Heap after GC invocations=12 (full 2):
 PSYoungGen      total 652800K, used 0K [0x000000076ab00000, 0x0000000795880000, 0x00000007c0000000)
  eden space 631296K, 0% used [0x000000076ab00000,0x000000076ab00000,0x0000000791380000)
  from space 21504K, 0% used [0x0000000792800000,0x0000000792800000,0x0000000793d00000)
  to   space 20992K, 0% used [0x0000000791380000,0x0000000791380000,0x0000000792800000)
 ParOldGen       total 131584K, used 23530K [0x00000006c0000000, 0x00000006c8080000, 0x000000076ab00000)
  object space 131584K, 17% used [0x00000006c0000000,0x00000006c16fa9e0,0x00000006c8080000)
 Metaspace       used 34803K, capacity 35342K, committed 35416K, reserved 1079296K
  class space    used 4678K, capacity 4833K, committed 4864K, reserved 1048576K
}
Event: 8.937 GC heap before
{Heap before GC invocations=13 (full 2):
 PSYoungGen      total 652800K, used 631296K [0x000000076ab00000, 0x0000000795880000, 0x00000007c0000000)
  eden space 631296K, 100% used [0x000000076ab00000,0x0000000791380000,0x0000000791380000)
  from space 21504K, 0% used [0x0000000792800000,0x0000000792800000,0x0000000793d00000)
  to   space 20992K, 0% used [0x0000000791380000,0x0000000791380000,0x0000000792800000)
 ParOldGen       total 131584K, used 23530K [0x00000006c0000000, 0x00000006c8080000, 0x000000076ab00000)
  object space 131584K, 17% used [0x00000006c0000000,0x00000006c16fa9e0,0x00000006c8080000)
 Metaspace       used 56373K, capacity 57192K, committed 57472K, reserved 1097728K
  class space    used 7986K, capacity 8210K, committed 8320K, reserved 1048576K
Event: 8.960 GC heap after
Heap after GC invocations=13 (full 2):
 PSYoungGen      total 652288K, used 20968K [0x000000076ab00000, 0x00000007a5580000, 0x00000007c0000000)
  eden space 631296K, 0% used [0x000000076ab00000,0x000000076ab00000,0x0000000791380000)
  from space 20992K, 99% used [0x0000000791380000,0x00000007927fa058,0x0000000792800000)
  to   space 26624K, 0% used [0x00000007a3b80000,0x00000007a3b80000,0x00000007a5580000)
 ParOldGen       total 131584K, used 30451K [0x00000006c0000000, 0x00000006c8080000, 0x000000076ab00000)
  object space 131584K, 23% used [0x00000006c0000000,0x00000006c1dbcc40,0x00000006c8080000)
 Metaspace       used 56373K, capacity 57192K, committed 57472K, reserved 1097728K
  class space    used 7986K, capacity 8210K, committed 8320K, reserved 1048576K
}
Event: 9.078 GC heap before
{Heap before GC invocations=14 (full 2):
 PSYoungGen      total 652288K, used 49745K [0x000000076ab00000, 0x00000007a5580000, 0x00000007c0000000)
  eden space 631296K, 4% used [0x000000076ab00000,0x000000076c71a3b0,0x0000000791380000)
  from space 20992K, 99% used [0x0000000791380000,0x00000007927fa058,0x0000000792800000)
  to   space 26624K, 0% used [0x00000007a3b80000,0x00000007a3b80000,0x00000007a5580000)
 ParOldGen       total 131584K, used 30451K [0x00000006c0000000, 0x00000006c8080000, 0x000000076ab00000)
  object space 131584K, 23% used [0x00000006c0000000,0x00000006c1dbcc40,0x00000006c8080000)
 Metaspace       used 57702K, capacity 58848K, committed 59008K, reserved 1099776K
  class space    used 8193K, capacity 8456K, committed 8576K, reserved 1048576K
Event: 9.087 GC heap after
Heap after GC invocations=14 (full 2):
 PSYoungGen      total 933888K, used 1270K [0x000000076ab00000, 0x00000007a5e00000, 0x00000007c0000000)
  eden space 907264K, 0% used [0x000000076ab00000,0x000000076ab00000,0x00000007a2100000)
  from space 26624K, 4% used [0x00000007a3b80000,0x00000007a3cbdae8,0x00000007a5580000)
  to   space 27136K, 0% used [0x00000007a2100000,0x00000007a2100000,0x00000007a3b80000)
 ParOldGen       total 131584K, used 38310K [0x00000006c0000000, 0x00000006c8080000, 0x000000076ab00000)
  object space 131584K, 29% used [0x00000006c0000000,0x00000006c2569b48,0x00000006c8080000)
 Metaspace       used 57702K, capacity 58848K, committed 59008K, reserved 1099776K
  class space    used 8193K, capacity 8456K, committed 8576K, reserved 1048576K
}
Event: 9.087 GC heap before
{Heap before GC invocations=15 (full 3):
 PSYoungGen      total 933888K, used 1270K [0x000000076ab00000, 0x00000007a5e00000, 0x00000007c0000000)
  eden space 907264K, 0% used [0x000000076ab00000,0x000000076ab00000,0x00000007a2100000)
  from space 26624K, 4% used [0x00000007a3b80000,0x00000007a3cbdae8,0x00000007a5580000)
  to   space 27136K, 0% used [0x00000007a2100000,0x00000007a2100000,0x00000007a3b80000)
 ParOldGen       total 131584K, used 38310K [0x00000006c0000000, 0x00000006c8080000, 0x000000076ab00000)
  object space 131584K, 29% used [0x00000006c0000000,0x00000006c2569b48,0x00000006c8080000)
 Metaspace       used 57702K, capacity 58848K, committed 59008K, reserved 1099776K
  class space    used 8193K, capacity 8456K, committed 8576K, reserved 1048576K
Event: 9.248 GC heap after
Heap after GC invocations=15 (full 3):
 PSYoungGen      total 933888K, used 0K [0x000000076ab00000, 0x00000007a5e00000, 0x00000007c0000000)
  eden space 907264K, 0% used [0x000000076ab00000,0x000000076ab00000,0x00000007a2100000)
  from space 26624K, 0% used [0x00000007a3b80000,0x00000007a3b80000,0x00000007a5580000)
  to   space 27136K, 0% used [0x00000007a2100000,0x00000007a2100000,0x00000007a3b80000)
 ParOldGen       total 160768K, used 31279K [0x00000006c0000000, 0x00000006c9d00000, 0x000000076ab00000)
  object space 160768K, 19% used [0x00000006c0000000,0x00000006c1e8be70,0x00000006c9d00000)
 Metaspace       used 57702K, capacity 58848K, committed 59008K, reserved 1099776K
  class space    used 8193K, capacity 8456K, committed 8576K, reserved 1048576K
}

