# JRE version: Java(TM) SE Runtime Environment (8.0_60-b27) (build 1.8.0_60-b27)
# Java VM: Java HotSpot(TM) 64-Bit Server VM (25.60-b23 mixed mode bsd-amd64 compressed oops)
Heap:
 PSYoungGen      total 694784K, used 589439K [0x000000076ab00000, 0x00000007a2180000, 0x00000007c0000000)
  eden space 670208K, 87% used [0x000000076ab00000,0x000000078ea9ff30,0x0000000793980000)
  from space 24576K, 0% used [0x0000000793980000,0x0000000793980000,0x0000000795180000)
  to   space 23552K, 0% used [0x00000007a0a80000,0x00000007a0a80000,0x00000007a2180000)
 ParOldGen       total 172032K, used 37087K [0x00000006c0000000, 0x00000006ca800000, 0x000000076ab00000)
  object space 172032K, 21% used [0x00000006c0000000,0x00000006c2437eb8,0x00000006ca800000)
 Metaspace       used 69899K, capacity 71356K, committed 71552K, reserved 1110016K
  class space    used 9754K, capacity 10082K, committed 10112K, reserved 1048576K
GC Heap History (10 events):
Event: 4.528 GC heap before
{Heap before GC invocations=10 (full 1):
 PSYoungGen      total 480768K, used 478098K [0x000000076ab00000, 0x0000000789280000, 0x00000007c0000000)
  eden space 467456K, 99% used [0x000000076ab00000,0x000000078725f2b8,0x0000000787380000)
  from space 13312K, 88% used [0x0000000788580000,0x0000000789105778,0x0000000789280000)
  to   space 15872K, 0% used [0x0000000787380000,0x0000000787380000,0x0000000788300000)
 ParOldGen       total 84992K, used 9250K [0x00000006c0000000, 0x00000006c5300000, 0x000000076ab00000)
  object space 84992K, 10% used [0x00000006c0000000,0x00000006c0908910,0x00000006c5300000)
 Metaspace       used 34870K, capacity 35342K, committed 35416K, reserved 1079296K
  class space    used 4691K, capacity 4833K, committed 4864K, reserved 1048576K
Event: 4.550 GC heap after
Heap after GC invocations=10 (full 1):
 PSYoungGen      total 483328K, used 15853K [0x000000076ab00000, 0x0000000796b00000, 0x00000007c0000000)
  eden space 467456K, 0% used [0x000000076ab00000,0x000000076ab00000,0x0000000787380000)
  from space 15872K, 99% used [0x0000000787380000,0x00000007882fb4f8,0x0000000788300000)
  to   space 22016K, 0% used [0x0000000795580000,0x0000000795580000,0x0000000796b00000)
 ParOldGen       total 84992K, used 18711K [0x00000006c0000000, 0x00000006c5300000, 0x000000076ab00000)
  object space 84992K, 22% used [0x00000006c0000000,0x00000006c1245d20,0x00000006c5300000)
 Metaspace       used 34870K, capacity 35342K, committed 35416K, reserved 1079296K
  class space    used 4691K, capacity 4833K, committed 4864K, reserved 1048576K
}
Event: 4.550 GC heap before
{Heap before GC invocations=11 (full 2):
 PSYoungGen      total 483328K, used 15853K [0x000000076ab00000, 0x0000000796b00000, 0x00000007c0000000)
  eden space 467456K, 0% used [0x000000076ab00000,0x000000076ab00000,0x0000000787380000)
  from space 15872K, 99% used [0x0000000787380000,0x00000007882fb4f8,0x0000000788300000)
  to   space 22016K, 0% used [0x0000000795580000,0x0000000795580000,0x0000000796b00000)
 ParOldGen       total 84992K, used 18711K [0x00000006c0000000, 0x00000006c5300000, 0x000000076ab00000)
  object space 84992K, 22% used [0x00000006c0000000,0x00000006c1245d20,0x00000006c5300000)
 Metaspace       used 34870K, capacity 35342K, committed 35416K, reserved 1079296K
  class space    used 4691K, capacity 4833K, committed 4864K, reserved 1048576K
Event: 4.639 GC heap after
Heap after GC invocations=11 (full 2):
 PSYoungGen      total 483328K, used 0K [0x000000076ab00000, 0x0000000796b00000, 0x00000007c0000000)
  eden space 467456K, 0% used [0x000000076ab00000,0x000000076ab00000,0x0000000787380000)
  from space 15872K, 0% used [0x0000000787380000,0x0000000787380000,0x0000000788300000)
  to   space 22016K, 0% used [0x0000000795580000,0x0000000795580000,0x0000000796b00000)
 ParOldGen       total 138752K, used 31733K [0x00000006c0000000, 0x00000006c8780000, 0x000000076ab00000)
  object space 138752K, 22% used [0x00000006c0000000,0x00000006c1efd620,0x00000006c8780000)
 Metaspace       used 34870K, capacity 35342K, committed 35416K, reserved 1079296K
  class space    used 4691K, capacity 4833K, committed 4864K, reserved 1048576K
}
Event: 8.085 GC heap before
{Heap before GC invocations=12 (full 2):
 PSYoungGen      total 483328K, used 467456K [0x000000076ab00000, 0x0000000796b00000, 0x00000007c0000000)
  eden space 467456K, 100% used [0x000000076ab00000,0x0000000787380000,0x0000000787380000)
  from space 15872K, 0% used [0x0000000787380000,0x0000000787380000,0x0000000788300000)
  to   space 22016K, 0% used [0x0000000795580000,0x0000000795580000,0x0000000796b00000)
 ParOldGen       total 138752K, used 31733K [0x00000006c0000000, 0x00000006c8780000, 0x000000076ab00000)
  object space 138752K, 22% used [0x00000006c0000000,0x00000006c1efd620,0x00000006c8780000)
 Metaspace       used 49858K, capacity 50530K, committed 50816K, reserved 1093632K
  class space    used 7003K, capacity 7187K, committed 7296K, reserved 1048576K
Event: 8.102 GC heap after
Heap after GC invocations=12 (full 2):
 PSYoungGen      total 659968K, used 20062K [0x000000076ab00000, 0x0000000796980000, 0x00000007c0000000)
  eden space 639488K, 0% used [0x000000076ab00000,0x000000076ab00000,0x0000000791b80000)
  from space 20480K, 97% used [0x0000000795580000,0x0000000796917a88,0x0000000796980000)
  to   space 24576K, 0% used [0x0000000793980000,0x0000000793980000,0x0000000795180000)
 ParOldGen       total 138752K, used 31741K [0x00000006c0000000, 0x00000006c8780000, 0x000000076ab00000)
  object space 138752K, 22% used [0x00000006c0000000,0x00000006c1eff620,0x00000006c8780000)
 Metaspace       used 49858K, capacity 50530K, committed 50816K, reserved 1093632K
  class space    used 7003K, capacity 7187K, committed 7296K, reserved 1048576K
}
Event: 8.866 GC heap before
{Heap before GC invocations=13 (full 2):
 PSYoungGen      total 659968K, used 188883K [0x000000076ab00000, 0x0000000796980000, 0x00000007c0000000)
  eden space 639488K, 26% used [0x000000076ab00000,0x0000000774fdd250,0x0000000791b80000)
  from space 20480K, 97% used [0x0000000795580000,0x0000000796917a88,0x0000000796980000)
  to   space 24576K, 0% used [0x0000000793980000,0x0000000793980000,0x0000000795180000)
 ParOldGen       total 138752K, used 31741K [0x00000006c0000000, 0x00000006c8780000, 0x000000076ab00000)
  object space 138752K, 22% used [0x00000006c0000000,0x00000006c1eff620,0x00000006c8780000)
 Metaspace       used 57755K, capacity 58880K, committed 59008K, reserved 1099776K
  class space    used 8208K, capacity 8488K, committed 8576K, reserved 1048576K
Event: 8.879 GC heap after
Heap after GC invocations=13 (full 2):
 PSYoungGen      total 694784K, used 9167K [0x000000076ab00000, 0x00000007a2180000, 0x00000007c0000000)
  eden space 670208K, 0% used [0x000000076ab00000,0x000000076ab00000,0x0000000793980000)
  from space 24576K, 37% used [0x0000000793980000,0x0000000794273c30,0x0000000795180000)
  to   space 23552K, 0% used [0x00000007a0a80000,0x00000007a0a80000,0x00000007a2180000)
 ParOldGen       total 138752K, used 37893K [0x00000006c0000000, 0x00000006c8780000, 0x000000076ab00000)
  object space 138752K, 27% used [0x00000006c0000000,0x00000006c2501558,0x00000006c8780000)
 Metaspace       used 57755K, capacity 58880K, committed 59008K, reserved 1099776K
  class space    used 8208K, capacity 8488K, committed 8576K, reserved 1048576K
}
Event: 8.879 GC heap before
{Heap before GC invocations=14 (full 3):
 PSYoungGen      total 694784K, used 9167K [0x000000076ab00000, 0x00000007a2180000, 0x00000007c0000000)
  eden space 670208K, 0% used [0x000000076ab00000,0x000000076ab00000,0x0000000793980000)
  from space 24576K, 37% used [0x0000000793980000,0x0000000794273c30,0x0000000795180000)
  to   space 23552K, 0% used [0x00000007a0a80000,0x00000007a0a80000,0x00000007a2180000)
 ParOldGen       total 138752K, used 37893K [0x00000006c0000000, 0x00000006c8780000, 0x000000076ab00000)
  object space 138752K, 27% used [0x00000006c0000000,0x00000006c2501558,0x00000006c8780000)
 Metaspace       used 57755K, capacity 58880K, committed 59008K, reserved 1099776K
  class space    used 8208K, capacity 8488K, committed 8576K, reserved 1048576K
Event: 8.989 GC heap after
Heap after GC invocations=14 (full 3):
 PSYoungGen      total 694784K, used 0K [0x000000076ab00000, 0x00000007a2180000, 0x00000007c0000000)
  eden space 670208K, 0% used [0x000000076ab00000,0x000000076ab00000,0x0000000793980000)
  from space 24576K, 0% used [0x0000000793980000,0x0000000793980000,0x0000000795180000)
  to   space 23552K, 0% used [0x00000007a0a80000,0x00000007a0a80000,0x00000007a2180000)
 ParOldGen       total 172032K, used 37087K [0x00000006c0000000, 0x00000006ca800000, 0x000000076ab00000)
  object space 172032K, 21% used [0x00000006c0000000,0x00000006c2437eb8,0x00000006ca800000)
 Metaspace       used 57755K, capacity 58880K, committed 59008K, reserved 1099776K
  class space    used 8208K, capacity 8488K, committed 8576K, reserved 1048576K
}

