# JRE version: Java(TM) SE Runtime Environment (8.0_60-b27) (build 1.8.0_60-b27)
# Java VM: Java HotSpot(TM) 64-Bit Server VM (25.60-b23 mixed mode bsd-amd64 compressed oops)
Heap:
 PSYoungGen      total 780288K, used 576961K [0x000000076ab00000, 0x00000007ab080000, 0x00000007c0000000)
  eden space 757248K, 76% used [0x000000076ab00000,0x000000078de70718,0x0000000798e80000)
  from space 23040K, 0% used [0x0000000798e80000,0x0000000798e80000,0x000000079a500000)
  to   space 29184K, 0% used [0x00000007a9400000,0x00000007a9400000,0x00000007ab080000)
 ParOldGen       total 206848K, used 50213K [0x00000006c0000000, 0x00000006cca00000, 0x000000076ab00000)
  object space 206848K, 24% used [0x00000006c0000000,0x00000006c3109700,0x00000006cca00000)
 Metaspace       used 69036K, capacity 70486K, committed 70784K, reserved 1110016K
  class space    used 9648K, capacity 9985K, committed 10112K, reserved 1048576K
GC Heap History (10 events):
Event: 3.386 GC heap before
{Heap before GC invocations=8 (full 1):
 PSYoungGen      total 463360K, used 463202K [0x000000076ab00000, 0x000000078c600000, 0x00000007c0000000)
  eden space 449536K, 100% used [0x000000076ab00000,0x0000000786200000,0x0000000786200000)
  from space 13824K, 98% used [0x000000078b880000,0x000000078c5d8ae0,0x000000078c600000)
  to   space 16384K, 0% used [0x000000078a600000,0x000000078a600000,0x000000078b600000)
 ParOldGen       total 91648K, used 7924K [0x00000006c0000000, 0x00000006c5980000, 0x000000076ab00000)
  object space 91648K, 8% used [0x00000006c0000000,0x00000006c07bd310,0x00000006c5980000)
 Metaspace       used 28806K, capacity 29382K, committed 29696K, reserved 1075200K
  class space    used 3680K, capacity 3812K, committed 3840K, reserved 1048576K
Event: 3.397 GC heap after
Heap after GC invocations=8 (full 1):
 PSYoungGen      total 535552K, used 14168K [0x000000076ab00000, 0x000000079b680000, 0x00000007c0000000)
  eden space 519168K, 0% used [0x000000076ab00000,0x000000076ab00000,0x000000078a600000)
  from space 16384K, 86% used [0x000000078a600000,0x000000078b3d60e0,0x000000078b600000)
  to   space 17920K, 0% used [0x000000079a500000,0x000000079a500000,0x000000079b680000)
 ParOldGen       total 91648K, used 7932K [0x00000006c0000000, 0x00000006c5980000, 0x000000076ab00000)
  object space 91648K, 8% used [0x00000006c0000000,0x00000006c07bf310,0x00000006c5980000)
 Metaspace       used 28806K, capacity 29382K, committed 29696K, reserved 1075200K
  class space    used 3680K, capacity 3812K, committed 3840K, reserved 1048576K
}
Event: 4.677 GC heap before
{Heap before GC invocations=9 (full 1):
 PSYoungGen      total 535552K, used 298021K [0x000000076ab00000, 0x000000079b680000, 0x00000007c0000000)
  eden space 519168K, 54% used [0x000000076ab00000,0x000000077c0336b0,0x000000078a600000)
  from space 16384K, 86% used [0x000000078a600000,0x000000078b3d60e0,0x000000078b600000)
  to   space 17920K, 0% used [0x000000079a500000,0x000000079a500000,0x000000079b680000)
 ParOldGen       total 91648K, used 7932K [0x00000006c0000000, 0x00000006c5980000, 0x000000076ab00000)
  object space 91648K, 8% used [0x00000006c0000000,0x00000006c07bf310,0x00000006c5980000)
 Metaspace       used 34843K, capacity 35342K, committed 35416K, reserved 1079296K
  class space    used 4694K, capacity 4833K, committed 4864K, reserved 1048576K
Event: 4.697 GC heap after
Heap after GC invocations=9 (full 1):
 PSYoungGen      total 775168K, used 17916K [0x000000076ab00000, 0x00000007a2280000, 0x00000007c0000000)
  eden space 757248K, 0% used [0x000000076ab00000,0x000000076ab00000,0x0000000798e80000)
  from space 17920K, 99% used [0x000000079a500000,0x000000079b67f2d8,0x000000079b680000)
  to   space 23040K, 0% used [0x0000000798e80000,0x0000000798e80000,0x000000079a500000)
 ParOldGen       total 91648K, used 13618K [0x00000006c0000000, 0x00000006c5980000, 0x000000076ab00000)
  object space 91648K, 14% used [0x00000006c0000000,0x00000006c0d4cb68,0x00000006c5980000)
 Metaspace       used 34843K, capacity 35342K, committed 35416K, reserved 1079296K
  class space    used 4694K, capacity 4833K, committed 4864K, reserved 1048576K
}
Event: 4.697 GC heap before
{Heap before GC invocations=10 (full 2):
 PSYoungGen      total 775168K, used 17916K [0x000000076ab00000, 0x00000007a2280000, 0x00000007c0000000)
  eden space 757248K, 0% used [0x000000076ab00000,0x000000076ab00000,0x0000000798e80000)
  from space 17920K, 99% used [0x000000079a500000,0x000000079b67f2d8,0x000000079b680000)
  to   space 23040K, 0% used [0x0000000798e80000,0x0000000798e80000,0x000000079a500000)
 ParOldGen       total 91648K, used 13618K [0x00000006c0000000, 0x00000006c5980000, 0x000000076ab00000)
  object space 91648K, 14% used [0x00000006c0000000,0x00000006c0d4cb68,0x00000006c5980000)
 Metaspace       used 34843K, capacity 35342K, committed 35416K, reserved 1079296K
  class space    used 4694K, capacity 4833K, committed 4864K, reserved 1048576K
Event: 4.782 GC heap after
Heap after GC invocations=10 (full 2):
 PSYoungGen      total 775168K, used 0K [0x000000076ab00000, 0x00000007a2280000, 0x00000007c0000000)
  eden space 757248K, 0% used [0x000000076ab00000,0x000000076ab00000,0x0000000798e80000)
  from space 17920K, 0% used [0x000000079a500000,0x000000079a500000,0x000000079b680000)
  to   space 23040K, 0% used [0x0000000798e80000,0x0000000798e80000,0x000000079a500000)
 ParOldGen       total 150528K, used 30062K [0x00000006c0000000, 0x00000006c9300000, 0x000000076ab00000)
  object space 150528K, 19% used [0x00000006c0000000,0x00000006c1d5b928,0x00000006c9300000)
 Metaspace       used 34843K, capacity 35342K, committed 35416K, reserved 1079296K
  class space    used 4694K, capacity 4833K, committed 4864K, reserved 1048576K
}
Event: 9.014 GC heap before
{Heap before GC invocations=11 (full 2):
 PSYoungGen      total 775168K, used 656785K [0x000000076ab00000, 0x00000007a2280000, 0x00000007c0000000)
  eden space 757248K, 86% used [0x000000076ab00000,0x0000000792c64500,0x0000000798e80000)
  from space 17920K, 0% used [0x000000079a500000,0x000000079a500000,0x000000079b680000)
  to   space 23040K, 0% used [0x0000000798e80000,0x0000000798e80000,0x000000079a500000)
 ParOldGen       total 150528K, used 30062K [0x00000006c0000000, 0x00000006c9300000, 0x000000076ab00000)
  object space 150528K, 19% used [0x00000006c0000000,0x00000006c1d5b928,0x00000006c9300000)
 Metaspace       used 57737K, capacity 58880K, committed 59008K, reserved 1099776K
  class space    used 8215K, capacity 8488K, committed 8576K, reserved 1048576K
Event: 9.040 GC heap after
Heap after GC invocations=11 (full 2):
 PSYoungGen      total 780288K, used 23021K [0x000000076ab00000, 0x00000007ab080000, 0x00000007c0000000)
  eden space 757248K, 0% used [0x000000076ab00000,0x000000076ab00000,0x0000000798e80000)
  from space 23040K, 99% used [0x0000000798e80000,0x000000079a4fb4b8,0x000000079a500000)
  to   space 29184K, 0% used [0x00000007a9400000,0x00000007a9400000,0x00000007ab080000)
 ParOldGen       total 150528K, used 36134K [0x00000006c0000000, 0x00000006c9300000, 0x000000076ab00000)
  object space 150528K, 24% used [0x00000006c0000000,0x00000006c2349978,0x00000006c9300000)
 Metaspace       used 57737K, capacity 58880K, committed 59008K, reserved 1099776K
  class space    used 8215K, capacity 8488K, committed 8576K, reserved 1048576K
}
Event: 9.040 GC heap before
{Heap before GC invocations=12 (full 3):
 PSYoungGen      total 780288K, used 23021K [0x000000076ab00000, 0x00000007ab080000, 0x00000007c0000000)
  eden space 757248K, 0% used [0x000000076ab00000,0x000000076ab00000,0x0000000798e80000)
  from space 23040K, 99% used [0x0000000798e80000,0x000000079a4fb4b8,0x000000079a500000)
  to   space 29184K, 0% used [0x00000007a9400000,0x00000007a9400000,0x00000007ab080000)
 ParOldGen       total 150528K, used 36134K [0x00000006c0000000, 0x00000006c9300000, 0x000000076ab00000)
  object space 150528K, 24% used [0x00000006c0000000,0x00000006c2349978,0x00000006c9300000)
 Metaspace       used 57737K, capacity 58880K, committed 59008K, reserved 1099776K
  class space    used 8215K, capacity 8488K, committed 8576K, reserved 1048576K
Event: 9.155 GC heap after
Heap after GC invocations=12 (full 3):
 PSYoungGen      total 780288K, used 0K [0x000000076ab00000, 0x00000007ab080000, 0x00000007c0000000)
  eden space 757248K, 0% used [0x000000076ab00000,0x000000076ab00000,0x0000000798e80000)
  from space 23040K, 0% used [0x0000000798e80000,0x0000000798e80000,0x000000079a500000)
  to   space 29184K, 0% used [0x00000007a9400000,0x00000007a9400000,0x00000007ab080000)
 ParOldGen       total 206848K, used 50213K [0x00000006c0000000, 0x00000006cca00000, 0x000000076ab00000)
  object space 206848K, 24% used [0x00000006c0000000,0x00000006c3109700,0x00000006cca00000)
 Metaspace       used 57737K, capacity 58880K, committed 59008K, reserved 1099776K
  class space    used 8215K, capacity 8488K, committed 8576K, reserved 1048576K
}

