# JRE version: Java(TM) SE Runtime Environment (8.0_60-b27) (build 1.8.0_60-b27)
# Java VM: Java HotSpot(TM) 64-Bit Server VM (25.60-b23 mixed mode bsd-amd64 compressed oops)
Heap:
 PSYoungGen      total 978432K, used 627926K [0x000000076ab00000, 0x00000007a9b00000, 0x00000007c0000000)
  eden space 951296K, 66% used [0x000000076ab00000,0x0000000791035b30,0x00000007a4c00000)
  from space 27136K, 0% used [0x00000007a6700000,0x00000007a6700000,0x00000007a8180000)
  to   space 27648K, 0% used [0x00000007a4c00000,0x00000007a4c00000,0x00000007a6700000)
 ParOldGen       total 147456K, used 30855K [0x00000006c0000000, 0x00000006c9000000, 0x000000076ab00000)
  object space 147456K, 20% used [0x00000006c0000000,0x00000006c1e21c40,0x00000006c9000000)
 Metaspace       used 68618K, capacity 70000K, committed 70144K, reserved 1110016K
  class space    used 9594K, capacity 9888K, committed 9984K, reserved 1048576K
GC Heap History (10 events):
Event: 4.898 GC heap before
{Heap before GC invocations=11 (full 1):
 PSYoungGen      total 468480K, used 30416K [0x000000076ab00000, 0x0000000794b00000, 0x00000007c0000000)
  eden space 452608K, 3% used [0x000000076ab00000,0x000000076b939528,0x0000000786500000)
  from space 15872K, 99% used [0x0000000786500000,0x000000078747aae8,0x0000000787480000)
  to   space 21504K, 0% used [0x0000000793600000,0x0000000793600000,0x0000000794b00000)
 ParOldGen       total 89088K, used 18209K [0x00000006c0000000, 0x00000006c5700000, 0x000000076ab00000)
  object space 89088K, 20% used [0x00000006c0000000,0x00000006c11c8680,0x00000006c5700000)
 Metaspace       used 34813K, capacity 35342K, committed 35416K, reserved 1079296K
  class space    used 4686K, capacity 4833K, committed 4864K, reserved 1048576K
Event: 4.910 GC heap after
Heap after GC invocations=11 (full 1):
 PSYoungGen      total 666624K, used 5843K [0x000000076ab00000, 0x0000000796f00000, 0x00000007c0000000)
  eden space 645120K, 0% used [0x000000076ab00000,0x000000076ab00000,0x0000000792100000)
  from space 21504K, 27% used [0x0000000793600000,0x0000000793bb4fb0,0x0000000794b00000)
  to   space 21504K, 0% used [0x0000000792100000,0x0000000792100000,0x0000000793600000)
 ParOldGen       total 89088K, used 28740K [0x00000006c0000000, 0x00000006c5700000, 0x000000076ab00000)
  object space 89088K, 32% used [0x00000006c0000000,0x00000006c1c110e8,0x00000006c5700000)
 Metaspace       used 34813K, capacity 35342K, committed 35416K, reserved 1079296K
  class space    used 4686K, capacity 4833K, committed 4864K, reserved 1048576K
}
Event: 4.910 GC heap before
{Heap before GC invocations=12 (full 2):
 PSYoungGen      total 666624K, used 5843K [0x000000076ab00000, 0x0000000796f00000, 0x00000007c0000000)
  eden space 645120K, 0% used [0x000000076ab00000,0x000000076ab00000,0x0000000792100000)
  from space 21504K, 27% used [0x0000000793600000,0x0000000793bb4fb0,0x0000000794b00000)
  to   space 21504K, 0% used [0x0000000792100000,0x0000000792100000,0x0000000793600000)
 ParOldGen       total 89088K, used 28740K [0x00000006c0000000, 0x00000006c5700000, 0x000000076ab00000)
  object space 89088K, 32% used [0x00000006c0000000,0x00000006c1c110e8,0x00000006c5700000)
 Metaspace       used 34813K, capacity 35342K, committed 35416K, reserved 1079296K
  class space    used 4686K, capacity 4833K, committed 4864K, reserved 1048576K
Event: 4.960 GC heap after
Heap after GC invocations=12 (full 2):
 PSYoungGen      total 666624K, used 0K [0x000000076ab00000, 0x0000000796f00000, 0x00000007c0000000)
  eden space 645120K, 0% used [0x000000076ab00000,0x000000076ab00000,0x0000000792100000)
  from space 21504K, 0% used [0x0000000793600000,0x0000000793600000,0x0000000794b00000)
  to   space 21504K, 0% used [0x0000000792100000,0x0000000792100000,0x0000000793600000)
 ParOldGen       total 125952K, used 23437K [0x00000006c0000000, 0x00000006c7b00000, 0x000000076ab00000)
  object space 125952K, 18% used [0x00000006c0000000,0x00000006c16e3620,0x00000006c7b00000)
 Metaspace       used 34813K, capacity 35342K, committed 35416K, reserved 1079296K
  class space    used 4686K, capacity 4833K, committed 4864K, reserved 1048576K
}
Event: 9.220 GC heap before
{Heap before GC invocations=13 (full 2):
 PSYoungGen      total 666624K, used 645120K [0x000000076ab00000, 0x0000000796f00000, 0x00000007c0000000)
  eden space 645120K, 100% used [0x000000076ab00000,0x0000000792100000,0x0000000792100000)
  from space 21504K, 0% used [0x0000000793600000,0x0000000793600000,0x0000000794b00000)
  to   space 21504K, 0% used [0x0000000792100000,0x0000000792100000,0x0000000793600000)
 ParOldGen       total 125952K, used 23437K [0x00000006c0000000, 0x00000006c7b00000, 0x000000076ab00000)
  object space 125952K, 18% used [0x00000006c0000000,0x00000006c16e3620,0x00000006c7b00000)
 Metaspace       used 57442K, capacity 58624K, committed 58880K, reserved 1099776K
  class space    used 8162K, capacity 8424K, committed 8448K, reserved 1048576K
Event: 9.245 GC heap after
Heap after GC invocations=13 (full 2):
 PSYoungGen      total 666624K, used 21494K [0x000000076ab00000, 0x00000007a8180000, 0x00000007c0000000)
  eden space 645120K, 0% used [0x000000076ab00000,0x000000076ab00000,0x0000000792100000)
  from space 21504K, 99% used [0x0000000792100000,0x00000007935fda08,0x0000000793600000)
  to   space 27136K, 0% used [0x00000007a6700000,0x00000007a6700000,0x00000007a8180000)
 ParOldGen       total 125952K, used 30979K [0x00000006c0000000, 0x00000006c7b00000, 0x000000076ab00000)
  object space 125952K, 24% used [0x00000006c0000000,0x00000006c1e40ff8,0x00000006c7b00000)
 Metaspace       used 57442K, capacity 58624K, committed 58880K, reserved 1099776K
  class space    used 8162K, capacity 8424K, committed 8448K, reserved 1048576K
}
Event: 9.280 GC heap before
{Heap before GC invocations=14 (full 2):
 PSYoungGen      total 666624K, used 36654K [0x000000076ab00000, 0x00000007a8180000, 0x00000007c0000000)
  eden space 645120K, 2% used [0x000000076ab00000,0x000000076b9ce098,0x0000000792100000)
  from space 21504K, 99% used [0x0000000792100000,0x00000007935fda08,0x0000000793600000)
  to   space 27136K, 0% used [0x00000007a6700000,0x00000007a6700000,0x00000007a8180000)
 ParOldGen       total 125952K, used 30979K [0x00000006c0000000, 0x00000006c7b00000, 0x000000076ab00000)
  object space 125952K, 24% used [0x00000006c0000000,0x00000006c1e40ff8,0x00000006c7b00000)
 Metaspace       used 57695K, capacity 58848K, committed 59008K, reserved 1099776K
  class space    used 8194K, capacity 8456K, committed 8576K, reserved 1048576K
Event: 9.289 GC heap after
Heap after GC invocations=14 (full 2):
 PSYoungGen      total 978432K, used 256K [0x000000076ab00000, 0x00000007a9b00000, 0x00000007c0000000)
  eden space 951296K, 0% used [0x000000076ab00000,0x000000076ab00000,0x00000007a4c00000)
  from space 27136K, 0% used [0x00000007a6700000,0x00000007a6740000,0x00000007a8180000)
  to   space 27648K, 0% used [0x00000007a4c00000,0x00000007a4c00000,0x00000007a6700000)
 ParOldGen       total 125952K, used 39433K [0x00000006c0000000, 0x00000006c7b00000, 0x000000076ab00000)
  object space 125952K, 31% used [0x00000006c0000000,0x00000006c2682500,0x00000006c7b00000)
 Metaspace       used 57695K, capacity 58848K, committed 59008K, reserved 1099776K
  class space    used 8194K, capacity 8456K, committed 8576K, reserved 1048576K
}
Event: 9.289 GC heap before
{Heap before GC invocations=15 (full 3):
 PSYoungGen      total 978432K, used 256K [0x000000076ab00000, 0x00000007a9b00000, 0x00000007c0000000)
  eden space 951296K, 0% used [0x000000076ab00000,0x000000076ab00000,0x00000007a4c00000)
  from space 27136K, 0% used [0x00000007a6700000,0x00000007a6740000,0x00000007a8180000)
  to   space 27648K, 0% used [0x00000007a4c00000,0x00000007a4c00000,0x00000007a6700000)
 ParOldGen       total 125952K, used 39433K [0x00000006c0000000, 0x00000006c7b00000, 0x000000076ab00000)
  object space 125952K, 31% used [0x00000006c0000000,0x00000006c2682500,0x00000006c7b00000)
 Metaspace       used 57695K, capacity 58848K, committed 59008K, reserved 1099776K
  class space    used 8194K, capacity 8456K, committed 8576K, reserved 1048576K
Event: 9.450 GC heap after
Heap after GC invocations=15 (full 3):
 PSYoungGen      total 978432K, used 0K [0x000000076ab00000, 0x00000007a9b00000, 0x00000007c0000000)
  eden space 951296K, 0% used [0x000000076ab00000,0x000000076ab00000,0x00000007a4c00000)
  from space 27136K, 0% used [0x00000007a6700000,0x00000007a6700000,0x00000007a8180000)
  to   space 27648K, 0% used [0x00000007a4c00000,0x00000007a4c00000,0x00000007a6700000)
 ParOldGen       total 147456K, used 30855K [0x00000006c0000000, 0x00000006c9000000, 0x000000076ab00000)
  object space 147456K, 20% used [0x00000006c0000000,0x00000006c1e21c40,0x00000006c9000000)
 Metaspace       used 57695K, capacity 58848K, committed 59008K, reserved 1099776K
  class space    used 8194K, capacity 8456K, committed 8576K, reserved 1048576K
}

