# JRE version: Java(TM) SE Runtime Environment (8.0_60-b27) (build 1.8.0_60-b27)
# Java VM: Java HotSpot(TM) 64-Bit Server VM (25.60-b23 mixed mode bsd-amd64 compressed oops)
Heap:
 PSYoungGen      total 936960K, used 756836K [0x000000076ab00000, 0x00000007a5880000, 0x00000007c0000000)
  eden space 910336K, 83% used [0x000000076ab00000,0x0000000798e19078,0x00000007a2400000)
  from space 26624K, 0% used [0x00000007a3e00000,0x00000007a3e00000,0x00000007a5800000)
  to   space 26624K, 0% used [0x00000007a2400000,0x00000007a2400000,0x00000007a3e00000)
 ParOldGen       total 160256K, used 31962K [0x00000006c0000000, 0x00000006c9c80000, 0x000000076ab00000)
  object space 160256K, 19% used [0x00000006c0000000,0x00000006c1f368e8,0x00000006c9c80000)
 Metaspace       used 69063K, capacity 70526K, committed 70656K, reserved 1110016K
  class space    used 9642K, capacity 9965K, committed 9984K, reserved 1048576K
GC Heap History (10 events):
Event: 4.888 GC heap before
{Heap before GC invocations=11 (full 1):
 PSYoungGen      total 460288K, used 40160K [0x000000076ab00000, 0x0000000793900000, 0x00000007c0000000)
  eden space 444416K, 5% used [0x000000076ab00000,0x000000076c2be058,0x0000000785d00000)
  from space 15872K, 99% used [0x0000000785d00000,0x0000000786c7a0d8,0x0000000786c80000)
  to   space 21504K, 0% used [0x0000000792400000,0x0000000792400000,0x0000000793900000)
 ParOldGen       total 91136K, used 17915K [0x00000006c0000000, 0x00000006c5900000, 0x000000076ab00000)
  object space 91136K, 19% used [0x00000006c0000000,0x00000006c117ecd8,0x00000006c5900000)
 Metaspace       used 34792K, capacity 35342K, committed 35416K, reserved 1079296K
  class space    used 4671K, capacity 4833K, committed 4864K, reserved 1048576K
Event: 4.902 GC heap after
Heap after GC invocations=11 (full 1):
 PSYoungGen      total 648704K, used 5888K [0x000000076ab00000, 0x0000000795780000, 0x00000007c0000000)
  eden space 627200K, 0% used [0x000000076ab00000,0x000000076ab00000,0x0000000790f80000)
  from space 21504K, 27% used [0x0000000792400000,0x00000007929c0130,0x0000000793900000)
  to   space 20992K, 0% used [0x0000000790f80000,0x0000000790f80000,0x0000000792400000)
 ParOldGen       total 91136K, used 28480K [0x00000006c0000000, 0x00000006c5900000, 0x000000076ab00000)
  object space 91136K, 31% used [0x00000006c0000000,0x00000006c1bd03a0,0x00000006c5900000)
 Metaspace       used 34792K, capacity 35342K, committed 35416K, reserved 1079296K
  class space    used 4671K, capacity 4833K, committed 4864K, reserved 1048576K
}
Event: 4.902 GC heap before
{Heap before GC invocations=12 (full 2):
 PSYoungGen      total 648704K, used 5888K [0x000000076ab00000, 0x0000000795780000, 0x00000007c0000000)
  eden space 627200K, 0% used [0x000000076ab00000,0x000000076ab00000,0x0000000790f80000)
  from space 21504K, 27% used [0x0000000792400000,0x00000007929c0130,0x0000000793900000)
  to   space 20992K, 0% used [0x0000000790f80000,0x0000000790f80000,0x0000000792400000)
 ParOldGen       total 91136K, used 28480K [0x00000006c0000000, 0x00000006c5900000, 0x000000076ab00000)
  object space 91136K, 31% used [0x00000006c0000000,0x00000006c1bd03a0,0x00000006c5900000)
 Metaspace       used 34792K, capacity 35342K, committed 35416K, reserved 1079296K
  class space    used 4671K, capacity 4833K, committed 4864K, reserved 1048576K
Event: 4.951 GC heap after
Heap after GC invocations=12 (full 2):
 PSYoungGen      total 648704K, used 0K [0x000000076ab00000, 0x0000000795780000, 0x00000007c0000000)
  eden space 627200K, 0% used [0x000000076ab00000,0x000000076ab00000,0x0000000790f80000)
  from space 21504K, 0% used [0x0000000792400000,0x0000000792400000,0x0000000793900000)
  to   space 20992K, 0% used [0x0000000790f80000,0x0000000790f80000,0x0000000792400000)
 ParOldGen       total 131072K, used 23468K [0x00000006c0000000, 0x00000006c8000000, 0x000000076ab00000)
  object space 131072K, 17% used [0x00000006c0000000,0x00000006c16eb3c8,0x00000006c8000000)
 Metaspace       used 34792K, capacity 35342K, committed 35416K, reserved 1079296K
  class space    used 4671K, capacity 4833K, committed 4864K, reserved 1048576K
}
Event: 9.201 GC heap before
{Heap before GC invocations=13 (full 2):
 PSYoungGen      total 648704K, used 627200K [0x000000076ab00000, 0x0000000795780000, 0x00000007c0000000)
  eden space 627200K, 100% used [0x000000076ab00000,0x0000000790f80000,0x0000000790f80000)
  from space 21504K, 0% used [0x0000000792400000,0x0000000792400000,0x0000000793900000)
  to   space 20992K, 0% used [0x0000000790f80000,0x0000000790f80000,0x0000000792400000)
 ParOldGen       total 131072K, used 23468K [0x00000006c0000000, 0x00000006c8000000, 0x000000076ab00000)
  object space 131072K, 17% used [0x00000006c0000000,0x00000006c16eb3c8,0x00000006c8000000)
 Metaspace       used 56400K, capacity 57230K, committed 57344K, reserved 1097728K
  class space    used 7978K, capacity 8179K, committed 8192K, reserved 1048576K
Event: 9.222 GC heap after
Heap after GC invocations=13 (full 2):
 PSYoungGen      total 648192K, used 20987K [0x000000076ab00000, 0x00000007a5800000, 0x00000007c0000000)
  eden space 627200K, 0% used [0x000000076ab00000,0x000000076ab00000,0x0000000790f80000)
  from space 20992K, 99% used [0x0000000790f80000,0x00000007923fec88,0x0000000792400000)
  to   space 26624K, 0% used [0x00000007a3e00000,0x00000007a3e00000,0x00000007a5800000)
 ParOldGen       total 131072K, used 30201K [0x00000006c0000000, 0x00000006c8000000, 0x000000076ab00000)
  object space 131072K, 23% used [0x00000006c0000000,0x00000006c1d7e7f8,0x00000006c8000000)
 Metaspace       used 56400K, capacity 57230K, committed 57344K, reserved 1097728K
  class space    used 7978K, capacity 8179K, committed 8192K, reserved 1048576K
}
Event: 9.403 GC heap before
{Heap before GC invocations=14 (full 2):
 PSYoungGen      total 648192K, used 74695K [0x000000076ab00000, 0x00000007a5800000, 0x00000007c0000000)
  eden space 627200K, 8% used [0x000000076ab00000,0x000000076df73128,0x0000000790f80000)
  from space 20992K, 99% used [0x0000000790f80000,0x00000007923fec88,0x0000000792400000)
  to   space 26624K, 0% used [0x00000007a3e00000,0x00000007a3e00000,0x00000007a5800000)
 ParOldGen       total 131072K, used 30201K [0x00000006c0000000, 0x00000006c8000000, 0x000000076ab00000)
  object space 131072K, 23% used [0x00000006c0000000,0x00000006c1d7e7f8,0x00000006c8000000)
 Metaspace       used 58152K, capacity 58966K, committed 59028K, reserved 1099776K
  class space    used 8209K, capacity 8437K, committed 8448K, reserved 1048576K
Event: 9.413 GC heap after
Heap after GC invocations=14 (full 2):
 PSYoungGen      total 936960K, used 2144K [0x000000076ab00000, 0x00000007a5880000, 0x00000007c0000000)
  eden space 910336K, 0% used [0x000000076ab00000,0x000000076ab00000,0x00000007a2400000)
  from space 26624K, 8% used [0x00000007a3e00000,0x00000007a4018240,0x00000007a5800000)
  to   space 26624K, 0% used [0x00000007a2400000,0x00000007a2400000,0x00000007a3e00000)
 ParOldGen       total 131072K, used 37961K [0x00000006c0000000, 0x00000006c8000000, 0x000000076ab00000)
  object space 131072K, 28% used [0x00000006c0000000,0x00000006c25125c8,0x00000006c8000000)
 Metaspace       used 58152K, capacity 58966K, committed 59028K, reserved 1099776K
  class space    used 8209K, capacity 8437K, committed 8448K, reserved 1048576K
}
Event: 9.413 GC heap before
{Heap before GC invocations=15 (full 3):
 PSYoungGen      total 936960K, used 2144K [0x000000076ab00000, 0x00000007a5880000, 0x00000007c0000000)
  eden space 910336K, 0% used [0x000000076ab00000,0x000000076ab00000,0x00000007a2400000)
  from space 26624K, 8% used [0x00000007a3e00000,0x00000007a4018240,0x00000007a5800000)
  to   space 26624K, 0% used [0x00000007a2400000,0x00000007a2400000,0x00000007a3e00000)
 ParOldGen       total 131072K, used 37961K [0x00000006c0000000, 0x00000006c8000000, 0x000000076ab00000)
  object space 131072K, 28% used [0x00000006c0000000,0x00000006c25125c8,0x00000006c8000000)
 Metaspace       used 58152K, capacity 58966K, committed 59028K, reserved 1099776K
  class space    used 8209K, capacity 8437K, committed 8448K, reserved 1048576K
Event: 9.571 GC heap after
Heap after GC invocations=15 (full 3):
 PSYoungGen      total 936960K, used 0K [0x000000076ab00000, 0x00000007a5880000, 0x00000007c0000000)
  eden space 910336K, 0% used [0x000000076ab00000,0x000000076ab00000,0x00000007a2400000)
  from space 26624K, 0% used [0x00000007a3e00000,0x00000007a3e00000,0x00000007a5800000)
  to   space 26624K, 0% used [0x00000007a2400000,0x00000007a2400000,0x00000007a3e00000)
 ParOldGen       total 160256K, used 31962K [0x00000006c0000000, 0x00000006c9c80000, 0x000000076ab00000)
  object space 160256K, 19% used [0x00000006c0000000,0x00000006c1f368e8,0x00000006c9c80000)
 Metaspace       used 58152K, capacity 58966K, committed 59028K, reserved 1099776K
  class space    used 8209K, capacity 8437K, committed 8448K, reserved 1048576K
}

