# JRE version: Java(TM) SE Runtime Environment (8.0_60-b27) (build 1.8.0_60-b27)
# Java VM: Java HotSpot(TM) 64-Bit Server VM (25.60-b23 mixed mode bsd-amd64 compressed oops)
Heap:
 PSYoungGen      total 977408K, used 749897K [0x000000076ab00000, 0x00000007a8080000, 0x00000007c0000000)
  eden space 950784K, 78% used [0x000000076ab00000,0x0000000798752520,0x00000007a4b80000)
  from space 26624K, 0% used [0x00000007a6680000,0x00000007a6680000,0x00000007a8080000)
  to   space 27136K, 0% used [0x00000007a4b80000,0x00000007a4b80000,0x00000007a6600000)
 ParOldGen       total 154112K, used 31683K [0x00000006c0000000, 0x00000006c9680000, 0x000000076ab00000)
  object space 154112K, 20% used [0x00000006c0000000,0x00000006c1ef0de8,0x00000006c9680000)
 Metaspace       used 69143K, capacity 70654K, committed 70912K, reserved 1110016K
  class space    used 9645K, capacity 9965K, committed 9984K, reserved 1048576K
GC Heap History (10 events):
Event: 4.823 GC heap before
{Heap before GC invocations=11 (full 1):
 PSYoungGen      total 466944K, used 30418K [0x000000076ab00000, 0x0000000794b80000, 0x00000007c0000000)
  eden space 451072K, 3% used [0x000000076ab00000,0x000000076b934e28,0x0000000786380000)
  from space 15872K, 99% used [0x0000000786380000,0x00000007872ffa88,0x0000000787300000)
  to   space 21504K, 0% used [0x0000000793680000,0x0000000793680000,0x0000000794b80000)
 ParOldGen       total 89600K, used 18110K [0x00000006c0000000, 0x00000006c5780000, 0x000000076ab00000)
  object space 89600K, 20% used [0x00000006c0000000,0x00000006c11af840,0x00000006c5780000)
 Metaspace       used 34824K, capacity 35342K, committed 35416K, reserved 1079296K
  class space    used 4676K, capacity 4833K, committed 4864K, reserved 1048576K
Event: 4.834 GC heap after
Heap after GC invocations=11 (full 1):
 PSYoungGen      total 667648K, used 5815K [0x000000076ab00000, 0x0000000796c80000, 0x00000007c0000000)
  eden space 646144K, 0% used [0x000000076ab00000,0x000000076ab00000,0x0000000792200000)
  from space 21504K, 27% used [0x0000000793680000,0x0000000793c2dd48,0x0000000794b80000)
  to   space 20992K, 0% used [0x0000000792200000,0x0000000792200000,0x0000000793680000)
 ParOldGen       total 89600K, used 28645K [0x00000006c0000000, 0x00000006c5780000, 0x000000076ab00000)
  object space 89600K, 31% used [0x00000006c0000000,0x00000006c1bf94d8,0x00000006c5780000)
 Metaspace       used 34824K, capacity 35342K, committed 35416K, reserved 1079296K
  class space    used 4676K, capacity 4833K, committed 4864K, reserved 1048576K
}
Event: 4.834 GC heap before
{Heap before GC invocations=12 (full 2):
 PSYoungGen      total 667648K, used 5815K [0x000000076ab00000, 0x0000000796c80000, 0x00000007c0000000)
  eden space 646144K, 0% used [0x000000076ab00000,0x000000076ab00000,0x0000000792200000)
  from space 21504K, 27% used [0x0000000793680000,0x0000000793c2dd48,0x0000000794b80000)
  to   space 20992K, 0% used [0x0000000792200000,0x0000000792200000,0x0000000793680000)
 ParOldGen       total 89600K, used 28645K [0x00000006c0000000, 0x00000006c5780000, 0x000000076ab00000)
  object space 89600K, 31% used [0x00000006c0000000,0x00000006c1bf94d8,0x00000006c5780000)
 Metaspace       used 34824K, capacity 35342K, committed 35416K, reserved 1079296K
  class space    used 4676K, capacity 4833K, committed 4864K, reserved 1048576K
Event: 4.887 GC heap after
Heap after GC invocations=12 (full 2):
 PSYoungGen      total 667648K, used 0K [0x000000076ab00000, 0x0000000796c80000, 0x00000007c0000000)
  eden space 646144K, 0% used [0x000000076ab00000,0x000000076ab00000,0x0000000792200000)
  from space 21504K, 0% used [0x0000000793680000,0x0000000793680000,0x0000000794b80000)
  to   space 20992K, 0% used [0x0000000792200000,0x0000000792200000,0x0000000793680000)
 ParOldGen       total 126976K, used 23441K [0x00000006c0000000, 0x00000006c7c00000, 0x000000076ab00000)
  object space 126976K, 18% used [0x00000006c0000000,0x00000006c16e4518,0x00000006c7c00000)
 Metaspace       used 34824K, capacity 35342K, committed 35416K, reserved 1079296K
  class space    used 4676K, capacity 4833K, committed 4864K, reserved 1048576K
}
Event: 9.078 GC heap before
{Heap before GC invocations=13 (full 2):
 PSYoungGen      total 667648K, used 646144K [0x000000076ab00000, 0x0000000796c80000, 0x00000007c0000000)
  eden space 646144K, 100% used [0x000000076ab00000,0x0000000792200000,0x0000000792200000)
  from space 21504K, 0% used [0x0000000793680000,0x0000000793680000,0x0000000794b80000)
  to   space 20992K, 0% used [0x0000000792200000,0x0000000792200000,0x0000000793680000)
 ParOldGen       total 126976K, used 23441K [0x00000006c0000000, 0x00000006c7c00000, 0x000000076ab00000)
  object space 126976K, 18% used [0x00000006c0000000,0x00000006c16e4518,0x00000006c7c00000)
 Metaspace       used 56729K, capacity 57496K, committed 57728K, reserved 1099776K
  class space    used 8016K, capacity 8234K, committed 8320K, reserved 1048576K
Event: 9.101 GC heap after
Heap after GC invocations=13 (full 2):
 PSYoungGen      total 667136K, used 20981K [0x000000076ab00000, 0x00000007a8080000, 0x00000007c0000000)
  eden space 646144K, 0% used [0x000000076ab00000,0x000000076ab00000,0x0000000792200000)
  from space 20992K, 99% used [0x0000000792200000,0x000000079367d648,0x0000000793680000)
  to   space 26624K, 0% used [0x00000007a6680000,0x00000007a6680000,0x00000007a8080000)
 ParOldGen       total 126976K, used 30484K [0x00000006c0000000, 0x00000006c7c00000, 0x000000076ab00000)
  object space 126976K, 24% used [0x00000006c0000000,0x00000006c1dc5070,0x00000006c7c00000)
 Metaspace       used 56729K, capacity 57496K, committed 57728K, reserved 1099776K
  class space    used 8016K, capacity 8234K, committed 8320K, reserved 1048576K
}
Event: 9.244 GC heap before
{Heap before GC invocations=14 (full 2):
 PSYoungGen      total 667136K, used 71671K [0x000000076ab00000, 0x00000007a8080000, 0x00000007c0000000)
  eden space 646144K, 7% used [0x000000076ab00000,0x000000076dc80828,0x0000000792200000)
  from space 20992K, 99% used [0x0000000792200000,0x000000079367d648,0x0000000793680000)
  to   space 26624K, 0% used [0x00000007a6680000,0x00000007a6680000,0x00000007a8080000)
 ParOldGen       total 126976K, used 30484K [0x00000006c0000000, 0x00000006c7c00000, 0x000000076ab00000)
  object space 126976K, 24% used [0x00000006c0000000,0x00000006c1dc5070,0x00000006c7c00000)
 Metaspace       used 58123K, capacity 58966K, committed 59028K, reserved 1099776K
  class space    used 8206K, capacity 8437K, committed 8448K, reserved 1048576K
Event: 9.254 GC heap after
Heap after GC invocations=14 (full 2):
 PSYoungGen      total 977408K, used 1811K [0x000000076ab00000, 0x00000007a8080000, 0x00000007c0000000)
  eden space 950784K, 0% used [0x000000076ab00000,0x000000076ab00000,0x00000007a4b80000)
  from space 26624K, 6% used [0x00000007a6680000,0x00000007a6844ec8,0x00000007a8080000)
  to   space 27136K, 0% used [0x00000007a4b80000,0x00000007a4b80000,0x00000007a6600000)
 ParOldGen       total 126976K, used 38248K [0x00000006c0000000, 0x00000006c7c00000, 0x000000076ab00000)
  object space 126976K, 30% used [0x00000006c0000000,0x00000006c255a140,0x00000006c7c00000)
 Metaspace       used 58123K, capacity 58966K, committed 59028K, reserved 1099776K
  class space    used 8206K, capacity 8437K, committed 8448K, reserved 1048576K
}
Event: 9.254 GC heap before
{Heap before GC invocations=15 (full 3):
 PSYoungGen      total 977408K, used 1811K [0x000000076ab00000, 0x00000007a8080000, 0x00000007c0000000)
  eden space 950784K, 0% used [0x000000076ab00000,0x000000076ab00000,0x00000007a4b80000)
  from space 26624K, 6% used [0x00000007a6680000,0x00000007a6844ec8,0x00000007a8080000)
  to   space 27136K, 0% used [0x00000007a4b80000,0x00000007a4b80000,0x00000007a6600000)
 ParOldGen       total 126976K, used 38248K [0x00000006c0000000, 0x00000006c7c00000, 0x000000076ab00000)
  object space 126976K, 30% used [0x00000006c0000000,0x00000006c255a140,0x00000006c7c00000)
 Metaspace       used 58123K, capacity 58966K, committed 59028K, reserved 1099776K
  class space    used 8206K, capacity 8437K, committed 8448K, reserved 1048576K
Event: 9.416 GC heap after
Heap after GC invocations=15 (full 3):
 PSYoungGen      total 977408K, used 0K [0x000000076ab00000, 0x00000007a8080000, 0x00000007c0000000)
  eden space 950784K, 0% used [0x000000076ab00000,0x000000076ab00000,0x00000007a4b80000)
  from space 26624K, 0% used [0x00000007a6680000,0x00000007a6680000,0x00000007a8080000)
  to   space 27136K, 0% used [0x00000007a4b80000,0x00000007a4b80000,0x00000007a6600000)
 ParOldGen       total 154112K, used 31683K [0x00000006c0000000, 0x00000006c9680000, 0x000000076ab00000)
  object space 154112K, 20% used [0x00000006c0000000,0x00000006c1ef0de8,0x00000006c9680000)
 Metaspace       used 58123K, capacity 58966K, committed 59028K, reserved 1099776K
  class space    used 8206K, capacity 8437K, committed 8448K, reserved 1048576K
}

