# JRE version: Java(TM) SE Runtime Environment (8.0_60-b27) (build 1.8.0_60-b27)
# Java VM: Java HotSpot(TM) 64-Bit Server VM (25.60-b23 mixed mode bsd-amd64 compressed oops)
Heap:
 PSYoungGen      total 962560K, used 656443K [0x000000076ab00000, 0x00000007a7500000, 0x00000007c0000000)
  eden space 935936K, 70% used [0x000000076ab00000,0x0000000792c0ecf8,0x00000007a3d00000)
  from space 26624K, 0% used [0x00000007a5780000,0x00000007a5780000,0x00000007a7180000)
  to   space 27136K, 0% used [0x00000007a3d00000,0x00000007a3d00000,0x00000007a5780000)
 ParOldGen       total 157184K, used 31594K [0x00000006c0000000, 0x00000006c9980000, 0x000000076ab00000)
  object space 157184K, 20% used [0x00000006c0000000,0x00000006c1eda8f0,0x00000006c9980000)
 Metaspace       used 69787K, capacity 71314K, committed 71552K, reserved 1110016K
  class space    used 9713K, capacity 10059K, committed 10112K, reserved 1048576K
GC Heap History (10 events):
Event: 4.876 GC heap before
{Heap before GC invocations=11 (full 1):
 PSYoungGen      total 468480K, used 35462K [0x000000076ab00000, 0x0000000794900000, 0x00000007c0000000)
  eden space 452608K, 4% used [0x000000076ab00000,0x000000076be29030,0x0000000786500000)
  from space 15872K, 99% used [0x0000000786500000,0x0000000787478ad8,0x0000000787480000)
  to   space 21504K, 0% used [0x0000000793400000,0x0000000793400000,0x0000000794900000)
 ParOldGen       total 89088K, used 17807K [0x00000006c0000000, 0x00000006c5700000, 0x000000076ab00000)
  object space 89088K, 19% used [0x00000006c0000000,0x00000006c1163f18,0x00000006c5700000)
 Metaspace       used 34770K, capacity 35342K, committed 35416K, reserved 1079296K
  class space    used 4673K, capacity 4833K, committed 4864K, reserved 1048576K
Event: 4.887 GC heap after
Heap after GC invocations=11 (full 1):
 PSYoungGen      total 665088K, used 5936K [0x000000076ab00000, 0x0000000796480000, 0x00000007c0000000)
  eden space 643584K, 0% used [0x000000076ab00000,0x000000076ab00000,0x0000000791f80000)
  from space 21504K, 27% used [0x0000000793400000,0x00000007939cc140,0x0000000794900000)
  to   space 20992K, 0% used [0x0000000791f80000,0x0000000791f80000,0x0000000793400000)
 ParOldGen       total 89088K, used 28366K [0x00000006c0000000, 0x00000006c5700000, 0x000000076ab00000)
  object space 89088K, 31% used [0x00000006c0000000,0x00000006c1bb3bb0,0x00000006c5700000)
 Metaspace       used 34770K, capacity 35342K, committed 35416K, reserved 1079296K
  class space    used 4673K, capacity 4833K, committed 4864K, reserved 1048576K
}
Event: 4.887 GC heap before
{Heap before GC invocations=12 (full 2):
 PSYoungGen      total 665088K, used 5936K [0x000000076ab00000, 0x0000000796480000, 0x00000007c0000000)
  eden space 643584K, 0% used [0x000000076ab00000,0x000000076ab00000,0x0000000791f80000)
  from space 21504K, 27% used [0x0000000793400000,0x00000007939cc140,0x0000000794900000)
  to   space 20992K, 0% used [0x0000000791f80000,0x0000000791f80000,0x0000000793400000)
 ParOldGen       total 89088K, used 28366K [0x00000006c0000000, 0x00000006c5700000, 0x000000076ab00000)
  object space 89088K, 31% used [0x00000006c0000000,0x00000006c1bb3bb0,0x00000006c5700000)
 Metaspace       used 34770K, capacity 35342K, committed 35416K, reserved 1079296K
  class space    used 4673K, capacity 4833K, committed 4864K, reserved 1048576K
Event: 4.937 GC heap after
Heap after GC invocations=12 (full 2):
 PSYoungGen      total 665088K, used 0K [0x000000076ab00000, 0x0000000796480000, 0x00000007c0000000)
  eden space 643584K, 0% used [0x000000076ab00000,0x000000076ab00000,0x0000000791f80000)
  from space 21504K, 0% used [0x0000000793400000,0x0000000793400000,0x0000000794900000)
  to   space 20992K, 0% used [0x0000000791f80000,0x0000000791f80000,0x0000000793400000)
 ParOldGen       total 128000K, used 23467K [0x00000006c0000000, 0x00000006c7d00000, 0x000000076ab00000)
  object space 128000K, 18% used [0x00000006c0000000,0x00000006c16eac08,0x00000006c7d00000)
 Metaspace       used 34770K, capacity 35342K, committed 35416K, reserved 1079296K
  class space    used 4673K, capacity 4833K, committed 4864K, reserved 1048576K
}
Event: 9.265 GC heap before
{Heap before GC invocations=13 (full 2):
 PSYoungGen      total 665088K, used 643584K [0x000000076ab00000, 0x0000000796480000, 0x00000007c0000000)
  eden space 643584K, 100% used [0x000000076ab00000,0x0000000791f80000,0x0000000791f80000)
  from space 21504K, 0% used [0x0000000793400000,0x0000000793400000,0x0000000794900000)
  to   space 20992K, 0% used [0x0000000791f80000,0x0000000791f80000,0x0000000793400000)
 ParOldGen       total 128000K, used 23467K [0x00000006c0000000, 0x00000006c7d00000, 0x000000076ab00000)
  object space 128000K, 18% used [0x00000006c0000000,0x00000006c16eac08,0x00000006c7d00000)
 Metaspace       used 56843K, capacity 57744K, committed 57984K, reserved 1099776K
  class space    used 8029K, capacity 8244K, committed 8320K, reserved 1048576K
Event: 9.290 GC heap after
Heap after GC invocations=13 (full 2):
 PSYoungGen      total 664576K, used 20974K [0x000000076ab00000, 0x00000007a7180000, 0x00000007c0000000)
  eden space 643584K, 0% used [0x000000076ab00000,0x000000076ab00000,0x0000000791f80000)
  from space 20992K, 99% used [0x0000000791f80000,0x00000007933fb9e0,0x0000000793400000)
  to   space 26624K, 0% used [0x00000007a5780000,0x00000007a5780000,0x00000007a7180000)
 ParOldGen       total 128000K, used 30538K [0x00000006c0000000, 0x00000006c7d00000, 0x000000076ab00000)
  object space 128000K, 23% used [0x00000006c0000000,0x00000006c1dd2838,0x00000006c7d00000)
 Metaspace       used 56843K, capacity 57744K, committed 57984K, reserved 1099776K
  class space    used 8029K, capacity 8244K, committed 8320K, reserved 1048576K
}
Event: 9.449 GC heap before
{Heap before GC invocations=14 (full 2):
 PSYoungGen      total 664576K, used 64808K [0x000000076ab00000, 0x00000007a7180000, 0x00000007c0000000)
  eden space 643584K, 6% used [0x000000076ab00000,0x000000076d5ce760,0x0000000791f80000)
  from space 20992K, 99% used [0x0000000791f80000,0x00000007933fb9e0,0x0000000793400000)
  to   space 26624K, 0% used [0x00000007a5780000,0x00000007a5780000,0x00000007a7180000)
 ParOldGen       total 128000K, used 30538K [0x00000006c0000000, 0x00000006c7d00000, 0x000000076ab00000)
  object space 128000K, 23% used [0x00000006c0000000,0x00000006c1dd2838,0x00000006c7d00000)
 Metaspace       used 58121K, capacity 58966K, committed 59028K, reserved 1099776K
  class space    used 8204K, capacity 8437K, committed 8448K, reserved 1048576K
Event: 9.459 GC heap after
Heap after GC invocations=14 (full 2):
 PSYoungGen      total 962560K, used 1614K [0x000000076ab00000, 0x00000007a7500000, 0x00000007c0000000)
  eden space 935936K, 0% used [0x000000076ab00000,0x000000076ab00000,0x00000007a3d00000)
  from space 26624K, 6% used [0x00000007a5780000,0x00000007a59138c8,0x00000007a7180000)
  to   space 27136K, 0% used [0x00000007a3d00000,0x00000007a3d00000,0x00000007a5780000)
 ParOldGen       total 128000K, used 38342K [0x00000006c0000000, 0x00000006c7d00000, 0x000000076ab00000)
  object space 128000K, 29% used [0x00000006c0000000,0x00000006c2571918,0x00000006c7d00000)
 Metaspace       used 58121K, capacity 58966K, committed 59028K, reserved 1099776K
  class space    used 8204K, capacity 8437K, committed 8448K, reserved 1048576K
}
Event: 9.459 GC heap before
{Heap before GC invocations=15 (full 3):
 PSYoungGen      total 962560K, used 1614K [0x000000076ab00000, 0x00000007a7500000, 0x00000007c0000000)
  eden space 935936K, 0% used [0x000000076ab00000,0x000000076ab00000,0x00000007a3d00000)
  from space 26624K, 6% used [0x00000007a5780000,0x00000007a59138c8,0x00000007a7180000)
  to   space 27136K, 0% used [0x00000007a3d00000,0x00000007a3d00000,0x00000007a5780000)
 ParOldGen       total 128000K, used 38342K [0x00000006c0000000, 0x00000006c7d00000, 0x000000076ab00000)
  object space 128000K, 29% used [0x00000006c0000000,0x00000006c2571918,0x00000006c7d00000)
 Metaspace       used 58121K, capacity 58966K, committed 59028K, reserved 1099776K
  class space    used 8204K, capacity 8437K, committed 8448K, reserved 1048576K
Event: 9.631 GC heap after
Heap after GC invocations=15 (full 3):
 PSYoungGen      total 962560K, used 0K [0x000000076ab00000, 0x00000007a7500000, 0x00000007c0000000)
  eden space 935936K, 0% used [0x000000076ab00000,0x000000076ab00000,0x00000007a3d00000)
  from space 26624K, 0% used [0x00000007a5780000,0x00000007a5780000,0x00000007a7180000)
  to   space 27136K, 0% used [0x00000007a3d00000,0x00000007a3d00000,0x00000007a5780000)
 ParOldGen       total 157184K, used 31594K [0x00000006c0000000, 0x00000006c9980000, 0x000000076ab00000)
  object space 157184K, 20% used [0x00000006c0000000,0x00000006c1eda8f0,0x00000006c9980000)
 Metaspace       used 58121K, capacity 58966K, committed 59028K, reserved 1099776K
  class space    used 8204K, capacity 8437K, committed 8448K, reserved 1048576K
}

