# JRE version: Java(TM) SE Runtime Environment (8.0_60-b27) (build 1.8.0_60-b27)
# Java VM: Java HotSpot(TM) 64-Bit Server VM (25.60-b23 mixed mode bsd-amd64 compressed oops)
Heap:
 PSYoungGen      total 1063424K, used 410173K [0x000000076ab00000, 0x00000007aff80000, 0x00000007c0000000)
  eden space 1048064K, 37% used [0x000000076ab00000,0x0000000782c8fc18,0x00000007aaa80000)
  from space 15360K, 99% used [0x00000007ad900000,0x00000007ae7ffa80,0x00000007ae800000)
  to   space 24064K, 0% used [0x00000007ae800000,0x00000007ae800000,0x00000007aff80000)
 ParOldGen       total 217600K, used 50688K [0x00000006c0000000, 0x00000006cd480000, 0x000000076ab00000)
  object space 217600K, 23% used [0x00000006c0000000,0x00000006c3180140,0x00000006cd480000)
 Metaspace       used 69641K, capacity 71154K, committed 71296K, reserved 1110016K
  class space    used 9705K, capacity 10027K, committed 10112K, reserved 1048576K
GC Heap History (10 events):
Event: 10.245 GC heap before
{Heap before GC invocations=12 (full 3):
 PSYoungGen      total 757760K, used 23546K [0x000000076ab00000, 0x00000007a8200000, 0x00000007c0000000)
  eden space 734208K, 0% used [0x000000076ab00000,0x000000076ab00000,0x0000000797800000)
  from space 23552K, 99% used [0x0000000797800000,0x0000000798efeb38,0x0000000798f00000)
  to   space 29696K, 0% used [0x00000007a6500000,0x00000007a6500000,0x00000007a8200000)
 ParOldGen       total 156672K, used 36150K [0x00000006c0000000, 0x00000006c9900000, 0x000000076ab00000)
  object space 156672K, 23% used [0x00000006c0000000,0x00000006c234d888,0x00000006c9900000)
 Metaspace       used 58127K, capacity 58966K, committed 59028K, reserved 1099776K
  class space    used 8212K, capacity 8437K, committed 8448K, reserved 1048576K
Event: 10.359 GC heap after
Heap after GC invocations=12 (full 3):
 PSYoungGen      total 757760K, used 0K [0x000000076ab00000, 0x00000007a8200000, 0x00000007c0000000)
  eden space 734208K, 0% used [0x000000076ab00000,0x000000076ab00000,0x0000000797800000)
  from space 23552K, 0% used [0x0000000797800000,0x0000000797800000,0x0000000798f00000)
  to   space 29696K, 0% used [0x00000007a6500000,0x00000007a6500000,0x00000007a8200000)
 ParOldGen       total 217600K, used 50656K [0x00000006c0000000, 0x00000006cd480000, 0x000000076ab00000)
  object space 217600K, 23% used [0x00000006c0000000,0x00000006c3178140,0x00000006cd480000)
 Metaspace       used 58127K, capacity 58966K, committed 59028K, reserved 1099776K
  class space    used 8212K, capacity 8437K, committed 8448K, reserved 1048576K
}
Event: 113.815 GC heap before
{Heap before GC invocations=13 (full 3):
 PSYoungGen      total 757760K, used 734208K [0x000000076ab00000, 0x00000007a8200000, 0x00000007c0000000)
  eden space 734208K, 100% used [0x000000076ab00000,0x0000000797800000,0x0000000797800000)
  from space 23552K, 0% used [0x0000000797800000,0x0000000797800000,0x0000000798f00000)
  to   space 29696K, 0% used [0x00000007a6500000,0x00000007a6500000,0x00000007a8200000)
 ParOldGen       total 217600K, used 50656K [0x00000006c0000000, 0x00000006cd480000, 0x000000076ab00000)
  object space 217600K, 23% used [0x00000006c0000000,0x00000006c3178140,0x00000006cd480000)
 Metaspace       used 63645K, capacity 65126K, committed 65280K, reserved 1105920K
  class space    used 9043K, capacity 9369K, committed 9472K, reserved 1048576K
Event: 113.839 GC heap after
Heap after GC invocations=13 (full 3):
 PSYoungGen      total 935936K, used 19618K [0x000000076ab00000, 0x00000007a7880000, 0x00000007c0000000)
  eden space 915968K, 0% used [0x000000076ab00000,0x000000076ab00000,0x00000007a2980000)
  from space 19968K, 98% used [0x00000007a6500000,0x00000007a7828b58,0x00000007a7880000)
  to   space 30208K, 0% used [0x00000007a3d80000,0x00000007a3d80000,0x00000007a5b00000)
 ParOldGen       total 217600K, used 50664K [0x00000006c0000000, 0x00000006cd480000, 0x000000076ab00000)
  object space 217600K, 23% used [0x00000006c0000000,0x00000006c317a140,0x00000006cd480000)
 Metaspace       used 63645K, capacity 65126K, committed 65280K, reserved 1105920K
  class space    used 9043K, capacity 9369K, committed 9472K, reserved 1048576K
}
Event: 397.807 GC heap before
{Heap before GC invocations=14 (full 3):
 PSYoungGen      total 935936K, used 935586K [0x000000076ab00000, 0x00000007a7880000, 0x00000007c0000000)
  eden space 915968K, 100% used [0x000000076ab00000,0x00000007a2980000,0x00000007a2980000)
  from space 19968K, 98% used [0x00000007a6500000,0x00000007a7828b58,0x00000007a7880000)
  to   space 30208K, 0% used [0x00000007a3d80000,0x00000007a3d80000,0x00000007a5b00000)
 ParOldGen       total 217600K, used 50664K [0x00000006c0000000, 0x00000006cd480000, 0x000000076ab00000)
  object space 217600K, 23% used [0x00000006c0000000,0x00000006c317a140,0x00000006cd480000)
 Metaspace       used 63677K, capacity 65138K, committed 65280K, reserved 1105920K
  class space    used 9045K, capacity 9371K, committed 9472K, reserved 1048576K
Event: 397.826 GC heap after
Heap after GC invocations=14 (full 3):
 PSYoungGen      total 966656K, used 15438K [0x000000076ab00000, 0x00000007b1b80000, 0x00000007c0000000)
  eden space 936448K, 0% used [0x000000076ab00000,0x000000076ab00000,0x00000007a3d80000)
  from space 30208K, 51% used [0x00000007a3d80000,0x00000007a4c93a70,0x00000007a5b00000)
  to   space 29184K, 0% used [0x00000007aff00000,0x00000007aff00000,0x00000007b1b80000)
 ParOldGen       total 217600K, used 50672K [0x00000006c0000000, 0x00000006cd480000, 0x000000076ab00000)
  object space 217600K, 23% used [0x00000006c0000000,0x00000006c317c140,0x00000006cd480000)
 Metaspace       used 63677K, capacity 65138K, committed 65280K, reserved 1105920K
  class space    used 9045K, capacity 9371K, committed 9472K, reserved 1048576K
}
Event: 693.885 GC heap before
{Heap before GC invocations=15 (full 3):
 PSYoungGen      total 966656K, used 951886K [0x000000076ab00000, 0x00000007b1b80000, 0x00000007c0000000)
  eden space 936448K, 100% used [0x000000076ab00000,0x00000007a3d80000,0x00000007a3d80000)
  from space 30208K, 51% used [0x00000007a3d80000,0x00000007a4c93a70,0x00000007a5b00000)
  to   space 29184K, 0% used [0x00000007aff00000,0x00000007aff00000,0x00000007b1b80000)
 ParOldGen       total 217600K, used 50672K [0x00000006c0000000, 0x00000006cd480000, 0x000000076ab00000)
  object space 217600K, 23% used [0x00000006c0000000,0x00000006c317c140,0x00000006cd480000)
 Metaspace       used 63682K, capacity 65144K, committed 65280K, reserved 1105920K
  class space    used 9046K, capacity 9372K, committed 9472K, reserved 1048576K
Event: 693.911 GC heap after
Heap after GC invocations=15 (full 3):
 PSYoungGen      total 1113088K, used 15294K [0x000000076ab00000, 0x00000007b1000000, 0x00000007c0000000)
  eden space 1095680K, 0% used [0x000000076ab00000,0x000000076ab00000,0x00000007ad900000)
  from space 17408K, 87% used [0x00000007aff00000,0x00000007b0defa60,0x00000007b1000000)
  to   space 28160K, 0% used [0x00000007ad900000,0x00000007ad900000,0x00000007af480000)
 ParOldGen       total 217600K, used 50680K [0x00000006c0000000, 0x00000006cd480000, 0x000000076ab00000)
  object space 217600K, 23% used [0x00000006c0000000,0x00000006c317e140,0x00000006cd480000)
 Metaspace       used 63682K, capacity 65144K, committed 65280K, reserved 1105920K
  class space    used 9046K, capacity 9372K, committed 9472K, reserved 1048576K
}
Event: 1044.319 GC heap before
{Heap before GC invocations=16 (full 3):
 PSYoungGen      total 1113088K, used 1110974K [0x000000076ab00000, 0x00000007b1000000, 0x00000007c0000000)
  eden space 1095680K, 100% used [0x000000076ab00000,0x00000007ad900000,0x00000007ad900000)
  from space 17408K, 87% used [0x00000007aff00000,0x00000007b0defa60,0x00000007b1000000)
  to   space 28160K, 0% used [0x00000007ad900000,0x00000007ad900000,0x00000007af480000)
 ParOldGen       total 217600K, used 50680K [0x00000006c0000000, 0x00000006cd480000, 0x000000076ab00000)
  object space 217600K, 23% used [0x00000006c0000000,0x00000006c317e140,0x00000006cd480000)
 Metaspace       used 63682K, capacity 65144K, committed 65280K, reserved 1105920K
  class space    used 9046K, capacity 9372K, committed 9472K, reserved 1048576K
Event: 1044.335 GC heap after
Heap after GC invocations=16 (full 3):
 PSYoungGen      total 1063424K, used 15358K [0x000000076ab00000, 0x00000007aff80000, 0x00000007c0000000)
  eden space 1048064K, 0% used [0x000000076ab00000,0x000000076ab00000,0x00000007aaa80000)
  from space 15360K, 99% used [0x00000007ad900000,0x00000007ae7ffa80,0x00000007ae800000)
  to   space 24064K, 0% used [0x00000007ae800000,0x00000007ae800000,0x00000007aff80000)
 ParOldGen       total 217600K, used 50688K [0x00000006c0000000, 0x00000006cd480000, 0x000000076ab00000)
  object space 217600K, 23% used [0x00000006c0000000,0x00000006c3180140,0x00000006cd480000)
 Metaspace       used 63682K, capacity 65144K, committed 65280K, reserved 1105920K
  class space    used 9046K, capacity 9372K, committed 9472K, reserved 1048576K
}

