# JRE version: Java(TM) SE Runtime Environment (8.0_60-b27) (build 1.8.0_60-b27)
# Java VM: Java HotSpot(TM) 64-Bit Server VM (25.60-b23 mixed mode bsd-amd64 compressed oops)
Heap:
 PSYoungGen      total 990208K, used 665592K [0x000000076ab00000, 0x00000007a9c00000, 0x00000007c0000000)
  eden space 963072K, 69% used [0x000000076ab00000,0x00000007934fe150,0x00000007a5780000)
  from space 27136K, 0% used [0x00000007a7280000,0x00000007a7280000,0x00000007a8d00000)
  to   space 27648K, 0% used [0x00000007a5780000,0x00000007a5780000,0x00000007a7280000)
 ParOldGen       total 146432K, used 30957K [0x00000006c0000000, 0x00000006c8f00000, 0x000000076ab00000)
  object space 146432K, 21% used [0x00000006c0000000,0x00000006c1e3b738,0x00000006c8f00000)
 Metaspace       used 69014K, capacity 70486K, committed 70784K, reserved 1110016K
  class space    used 9647K, capacity 9985K, committed 10112K, reserved 1048576K
GC Heap History (10 events):
Event: 4.671 GC heap before
{Heap before GC invocations=11 (full 1):
 PSYoungGen      total 471552K, used 30477K [0x000000076ab00000, 0x0000000795080000, 0x00000007c0000000)
  eden space 455680K, 3% used [0x000000076ab00000,0x000000076b947ce8,0x0000000786800000)
  from space 15872K, 99% used [0x0000000786800000,0x000000078777bae8,0x0000000787780000)
  to   space 21504K, 0% used [0x0000000793b80000,0x0000000793b80000,0x0000000795080000)
 ParOldGen       total 89088K, used 18682K [0x00000006c0000000, 0x00000006c5700000, 0x000000076ab00000)
  object space 89088K, 20% used [0x00000006c0000000,0x00000006c123e9f0,0x00000006c5700000)
 Metaspace       used 34848K, capacity 35342K, committed 35416K, reserved 1079296K
  class space    used 4697K, capacity 4833K, committed 4864K, reserved 1048576K
Event: 4.683 GC heap after
Heap after GC invocations=11 (full 1):
 PSYoungGen      total 672256K, used 5773K [0x000000076ab00000, 0x0000000797600000, 0x00000007c0000000)
  eden space 650752K, 0% used [0x000000076ab00000,0x000000076ab00000,0x0000000792680000)
  from space 21504K, 26% used [0x0000000793b80000,0x00000007941235f8,0x0000000795080000)
  to   space 21504K, 0% used [0x0000000792680000,0x0000000792680000,0x0000000793b80000)
 ParOldGen       total 89088K, used 29201K [0x00000006c0000000, 0x00000006c5700000, 0x000000076ab00000)
  object space 89088K, 32% used [0x00000006c0000000,0x00000006c1c846b0,0x00000006c5700000)
 Metaspace       used 34848K, capacity 35342K, committed 35416K, reserved 1079296K
  class space    used 4697K, capacity 4833K, committed 4864K, reserved 1048576K
}
Event: 4.683 GC heap before
{Heap before GC invocations=12 (full 2):
 PSYoungGen      total 672256K, used 5773K [0x000000076ab00000, 0x0000000797600000, 0x00000007c0000000)
  eden space 650752K, 0% used [0x000000076ab00000,0x000000076ab00000,0x0000000792680000)
  from space 21504K, 26% used [0x0000000793b80000,0x00000007941235f8,0x0000000795080000)
  to   space 21504K, 0% used [0x0000000792680000,0x0000000792680000,0x0000000793b80000)
 ParOldGen       total 89088K, used 29201K [0x00000006c0000000, 0x00000006c5700000, 0x000000076ab00000)
  object space 89088K, 32% used [0x00000006c0000000,0x00000006c1c846b0,0x00000006c5700000)
 Metaspace       used 34848K, capacity 35342K, committed 35416K, reserved 1079296K
  class space    used 4697K, capacity 4833K, committed 4864K, reserved 1048576K
Event: 4.734 GC heap after
Heap after GC invocations=12 (full 2):
 PSYoungGen      total 672256K, used 0K [0x000000076ab00000, 0x0000000797600000, 0x00000007c0000000)
  eden space 650752K, 0% used [0x000000076ab00000,0x000000076ab00000,0x0000000792680000)
  from space 21504K, 0% used [0x0000000793b80000,0x0000000793b80000,0x0000000795080000)
  to   space 21504K, 0% used [0x0000000792680000,0x0000000792680000,0x0000000793b80000)
 ParOldGen       total 124928K, used 23823K [0x00000006c0000000, 0x00000006c7a00000, 0x000000076ab00000)
  object space 124928K, 19% used [0x00000006c0000000,0x00000006c1743f00,0x00000006c7a00000)
 Metaspace       used 34848K, capacity 35342K, committed 35416K, reserved 1079296K
  class space    used 4697K, capacity 4833K, committed 4864K, reserved 1048576K
}
Event: 8.996 GC heap before
{Heap before GC invocations=13 (full 2):
 PSYoungGen      total 672256K, used 650752K [0x000000076ab00000, 0x0000000797600000, 0x00000007c0000000)
  eden space 650752K, 100% used [0x000000076ab00000,0x0000000792680000,0x0000000792680000)
  from space 21504K, 0% used [0x0000000793b80000,0x0000000793b80000,0x0000000795080000)
  to   space 21504K, 0% used [0x0000000792680000,0x0000000792680000,0x0000000793b80000)
 ParOldGen       total 124928K, used 23823K [0x00000006c0000000, 0x00000006c7a00000, 0x000000076ab00000)
  object space 124928K, 19% used [0x00000006c0000000,0x00000006c1743f00,0x00000006c7a00000)
 Metaspace       used 57308K, capacity 58488K, committed 58624K, reserved 1099776K
  class space    used 8147K, capacity 8412K, committed 8448K, reserved 1048576K
Event: 9.021 GC heap after
Heap after GC invocations=13 (full 2):
 PSYoungGen      total 672256K, used 21484K [0x000000076ab00000, 0x00000007a8d00000, 0x00000007c0000000)
  eden space 650752K, 0% used [0x000000076ab00000,0x000000076ab00000,0x0000000792680000)
  from space 21504K, 99% used [0x0000000792680000,0x0000000793b7b018,0x0000000793b80000)
  to   space 27136K, 0% used [0x00000007a7280000,0x00000007a7280000,0x00000007a8d00000)
 ParOldGen       total 124928K, used 31298K [0x00000006c0000000, 0x00000006c7a00000, 0x000000076ab00000)
  object space 124928K, 25% used [0x00000006c0000000,0x00000006c1e90af0,0x00000006c7a00000)
 Metaspace       used 57308K, capacity 58488K, committed 58624K, reserved 1099776K
  class space    used 8147K, capacity 8412K, committed 8448K, reserved 1048576K
}
Event: 9.074 GC heap before
{Heap before GC invocations=14 (full 2):
 PSYoungGen      total 672256K, used 39840K [0x000000076ab00000, 0x00000007a8d00000, 0x00000007c0000000)
  eden space 650752K, 2% used [0x000000076ab00000,0x000000076bced190,0x0000000792680000)
  from space 21504K, 99% used [0x0000000792680000,0x0000000793b7b018,0x0000000793b80000)
  to   space 27136K, 0% used [0x00000007a7280000,0x00000007a7280000,0x00000007a8d00000)
 ParOldGen       total 124928K, used 31298K [0x00000006c0000000, 0x00000006c7a00000, 0x000000076ab00000)
  object space 124928K, 25% used [0x00000006c0000000,0x00000006c1e90af0,0x00000006c7a00000)
 Metaspace       used 57729K, capacity 58880K, committed 59008K, reserved 1099776K
  class space    used 8211K, capacity 8488K, committed 8576K, reserved 1048576K
Event: 9.083 GC heap after
Heap after GC invocations=14 (full 2):
 PSYoungGen      total 990208K, used 384K [0x000000076ab00000, 0x00000007a9c00000, 0x00000007c0000000)
  eden space 963072K, 0% used [0x000000076ab00000,0x000000076ab00000,0x00000007a5780000)
  from space 27136K, 1% used [0x00000007a7280000,0x00000007a72e0000,0x00000007a8d00000)
  to   space 27648K, 0% used [0x00000007a5780000,0x00000007a5780000,0x00000007a7280000)
 ParOldGen       total 124928K, used 39742K [0x00000006c0000000, 0x00000006c7a00000, 0x000000076ab00000)
  object space 124928K, 31% used [0x00000006c0000000,0x00000006c26cfae0,0x00000006c7a00000)
 Metaspace       used 57729K, capacity 58880K, committed 59008K, reserved 1099776K
  class space    used 8211K, capacity 8488K, committed 8576K, reserved 1048576K
}
Event: 9.083 GC heap before
{Heap before GC invocations=15 (full 3):
 PSYoungGen      total 990208K, used 384K [0x000000076ab00000, 0x00000007a9c00000, 0x00000007c0000000)
  eden space 963072K, 0% used [0x000000076ab00000,0x000000076ab00000,0x00000007a5780000)
  from space 27136K, 1% used [0x00000007a7280000,0x00000007a72e0000,0x00000007a8d00000)
  to   space 27648K, 0% used [0x00000007a5780000,0x00000007a5780000,0x00000007a7280000)
 ParOldGen       total 124928K, used 39742K [0x00000006c0000000, 0x00000006c7a00000, 0x000000076ab00000)
  object space 124928K, 31% used [0x00000006c0000000,0x00000006c26cfae0,0x00000006c7a00000)
 Metaspace       used 57729K, capacity 58880K, committed 59008K, reserved 1099776K
  class space    used 8211K, capacity 8488K, committed 8576K, reserved 1048576K
Event: 9.213 GC heap after
Heap after GC invocations=15 (full 3):
 PSYoungGen      total 990208K, used 0K [0x000000076ab00000, 0x00000007a9c00000, 0x00000007c0000000)
  eden space 963072K, 0% used [0x000000076ab00000,0x000000076ab00000,0x00000007a5780000)
  from space 27136K, 0% used [0x00000007a7280000,0x00000007a7280000,0x00000007a8d00000)
  to   space 27648K, 0% used [0x00000007a5780000,0x00000007a5780000,0x00000007a7280000)
 ParOldGen       total 146432K, used 30957K [0x00000006c0000000, 0x00000006c8f00000, 0x000000076ab00000)
  object space 146432K, 21% used [0x00000006c0000000,0x00000006c1e3b738,0x00000006c8f00000)
 Metaspace       used 57729K, capacity 58880K, committed 59008K, reserved 1099776K
  class space    used 8211K, capacity 8488K, committed 8576K, reserved 1048576K
}

