# JRE version: Java(TM) SE Runtime Environment (8.0_60-b27) (build 1.8.0_60-b27)
# Java VM: Java HotSpot(TM) 64-Bit Server VM (25.60-b23 mixed mode bsd-amd64 compressed oops)
Heap:
 PSYoungGen      total 996352K, used 616150K [0x000000076ab00000, 0x00000007a9a00000, 0x00000007c0000000)
  eden space 976896K, 63% used [0x000000076ab00000,0x00000007904b5888,0x00000007a6500000)
  from space 19456K, 0% used [0x00000007a8700000,0x00000007a8700000,0x00000007a9a00000)
  to   space 27136K, 0% used [0x00000007a6500000,0x00000007a6500000,0x00000007a7f80000)
 ParOldGen       total 144896K, used 31870K [0x00000006c0000000, 0x00000006c8d80000, 0x000000076ab00000)
  object space 144896K, 21% used [0x00000006c0000000,0x00000006c1f1fa68,0x00000006c8d80000)
 Metaspace       used 68855K, capacity 70338K, committed 70656K, reserved 1110016K
  class space    used 9613K, capacity 9929K, committed 9984K, reserved 1048576K
GC Heap History (10 events):
Event: 5.464 GC heap before
{Heap before GC invocations=11 (full 1):
 PSYoungGen      total 470528K, used 25322K [0x000000076ab00000, 0x0000000795480000, 0x00000007c0000000)
  eden space 454656K, 2% used [0x000000076ab00000,0x000000076b43b100,0x0000000786700000)
  from space 15872K, 99% used [0x0000000786700000,0x000000078767fad8,0x0000000787680000)
  to   space 22016K, 0% used [0x0000000793f00000,0x0000000793f00000,0x0000000795480000)
 ParOldGen       total 88576K, used 18487K [0x00000006c0000000, 0x00000006c5680000, 0x000000076ab00000)
  object space 88576K, 20% used [0x00000006c0000000,0x00000006c120df60,0x00000006c5680000)
 Metaspace       used 34809K, capacity 35342K, committed 35416K, reserved 1079296K
  class space    used 4679K, capacity 4833K, committed 4864K, reserved 1048576K
Event: 5.478 GC heap after
Heap after GC invocations=11 (full 1):
 PSYoungGen      total 676352K, used 5578K [0x000000076ab00000, 0x0000000798100000, 0x00000007c0000000)
  eden space 654336K, 0% used [0x000000076ab00000,0x000000076ab00000,0x0000000792a00000)
  from space 22016K, 25% used [0x0000000793f00000,0x00000007944729f0,0x0000000795480000)
  to   space 21504K, 0% used [0x0000000792a00000,0x0000000792a00000,0x0000000793f00000)
 ParOldGen       total 88576K, used 29060K [0x00000006c0000000, 0x00000006c5680000, 0x000000076ab00000)
  object space 88576K, 32% used [0x00000006c0000000,0x00000006c1c613f8,0x00000006c5680000)
 Metaspace       used 34809K, capacity 35342K, committed 35416K, reserved 1079296K
  class space    used 4679K, capacity 4833K, committed 4864K, reserved 1048576K
}
Event: 5.478 GC heap before
{Heap before GC invocations=12 (full 2):
 PSYoungGen      total 676352K, used 5578K [0x000000076ab00000, 0x0000000798100000, 0x00000007c0000000)
  eden space 654336K, 0% used [0x000000076ab00000,0x000000076ab00000,0x0000000792a00000)
  from space 22016K, 25% used [0x0000000793f00000,0x00000007944729f0,0x0000000795480000)
  to   space 21504K, 0% used [0x0000000792a00000,0x0000000792a00000,0x0000000793f00000)
 ParOldGen       total 88576K, used 29060K [0x00000006c0000000, 0x00000006c5680000, 0x000000076ab00000)
  object space 88576K, 32% used [0x00000006c0000000,0x00000006c1c613f8,0x00000006c5680000)
 Metaspace       used 34809K, capacity 35342K, committed 35416K, reserved 1079296K
  class space    used 4679K, capacity 4833K, committed 4864K, reserved 1048576K
Event: 5.538 GC heap after
Heap after GC invocations=12 (full 2):
 PSYoungGen      total 676352K, used 0K [0x000000076ab00000, 0x0000000798100000, 0x00000007c0000000)
  eden space 654336K, 0% used [0x000000076ab00000,0x000000076ab00000,0x0000000792a00000)
  from space 22016K, 0% used [0x0000000793f00000,0x0000000793f00000,0x0000000795480000)
  to   space 21504K, 0% used [0x0000000792a00000,0x0000000792a00000,0x0000000793f00000)
 ParOldGen       total 121344K, used 23174K [0x00000006c0000000, 0x00000006c7680000, 0x000000076ab00000)
  object space 121344K, 19% used [0x00000006c0000000,0x00000006c16a1930,0x00000006c7680000)
 Metaspace       used 34809K, capacity 35342K, committed 35416K, reserved 1079296K
  class space    used 4679K, capacity 4833K, committed 4864K, reserved 1048576K
}
Event: 10.037 GC heap before
{Heap before GC invocations=13 (full 2):
 PSYoungGen      total 676352K, used 654336K [0x000000076ab00000, 0x0000000798100000, 0x00000007c0000000)
  eden space 654336K, 100% used [0x000000076ab00000,0x0000000792a00000,0x0000000792a00000)
  from space 22016K, 0% used [0x0000000793f00000,0x0000000793f00000,0x0000000795480000)
  to   space 21504K, 0% used [0x0000000792a00000,0x0000000792a00000,0x0000000793f00000)
 ParOldGen       total 121344K, used 23174K [0x00000006c0000000, 0x00000006c7680000, 0x000000076ab00000)
  object space 121344K, 19% used [0x00000006c0000000,0x00000006c16a1930,0x00000006c7680000)
 Metaspace       used 56400K, capacity 57230K, committed 57344K, reserved 1097728K
  class space    used 7981K, capacity 8179K, committed 8192K, reserved 1048576K
Event: 10.062 GC heap after
Heap after GC invocations=13 (full 2):
 PSYoungGen      total 675840K, used 21477K [0x000000076ab00000, 0x00000007aa180000, 0x00000007c0000000)
  eden space 654336K, 0% used [0x000000076ab00000,0x000000076ab00000,0x0000000792a00000)
  from space 21504K, 99% used [0x0000000792a00000,0x0000000793ef9750,0x0000000793f00000)
  to   space 27136K, 0% used [0x00000007a8700000,0x00000007a8700000,0x00000007aa180000)
 ParOldGen       total 121344K, used 29253K [0x00000006c0000000, 0x00000006c7680000, 0x000000076ab00000)
  object space 121344K, 24% used [0x00000006c0000000,0x00000006c1c917c0,0x00000006c7680000)
 Metaspace       used 56400K, capacity 57230K, committed 57344K, reserved 1097728K
  class space    used 7981K, capacity 8179K, committed 8192K, reserved 1048576K
}
Event: 10.254 GC heap before
{Heap before GC invocations=14 (full 2):
 PSYoungGen      total 675840K, used 66194K [0x000000076ab00000, 0x00000007aa180000, 0x00000007c0000000)
  eden space 654336K, 6% used [0x000000076ab00000,0x000000076d6ab160,0x0000000792a00000)
  from space 21504K, 99% used [0x0000000792a00000,0x0000000793ef9750,0x0000000793f00000)
  to   space 27136K, 0% used [0x00000007a8700000,0x00000007a8700000,0x00000007aa180000)
 ParOldGen       total 121344K, used 29253K [0x00000006c0000000, 0x00000006c7680000, 0x000000076ab00000)
  object space 121344K, 24% used [0x00000006c0000000,0x00000006c1c917c0,0x00000006c7680000)
 Metaspace       used 58075K, capacity 58902K, committed 59028K, reserved 1099776K
  class space    used 8206K, capacity 8437K, committed 8448K, reserved 1048576K
Event: 10.263 GC heap after
Heap after GC invocations=14 (full 2):
 PSYoungGen      total 996352K, used 2030K [0x000000076ab00000, 0x00000007a9a00000, 0x00000007c0000000)
  eden space 976896K, 0% used [0x000000076ab00000,0x000000076ab00000,0x00000007a6500000)
  from space 19456K, 10% used [0x00000007a8700000,0x00000007a88fb8c8,0x00000007a9a00000)
  to   space 27136K, 0% used [0x00000007a6500000,0x00000007a6500000,0x00000007a7f80000)
 ParOldGen       total 121344K, used 37032K [0x00000006c0000000, 0x00000006c7680000, 0x000000076ab00000)
  object space 121344K, 30% used [0x00000006c0000000,0x00000006c242a170,0x00000006c7680000)
 Metaspace       used 58075K, capacity 58902K, committed 59028K, reserved 1099776K
  class space    used 8206K, capacity 8437K, committed 8448K, reserved 1048576K
}
Event: 10.263 GC heap before
{Heap before GC invocations=15 (full 3):
 PSYoungGen      total 996352K, used 2030K [0x000000076ab00000, 0x00000007a9a00000, 0x00000007c0000000)
  eden space 976896K, 0% used [0x000000076ab00000,0x000000076ab00000,0x00000007a6500000)
  from space 19456K, 10% used [0x00000007a8700000,0x00000007a88fb8c8,0x00000007a9a00000)
  to   space 27136K, 0% used [0x00000007a6500000,0x00000007a6500000,0x00000007a7f80000)
 ParOldGen       total 121344K, used 37032K [0x00000006c0000000, 0x00000006c7680000, 0x000000076ab00000)
  object space 121344K, 30% used [0x00000006c0000000,0x00000006c242a170,0x00000006c7680000)
 Metaspace       used 58075K, capacity 58902K, committed 59028K, reserved 1099776K
  class space    used 8206K, capacity 8437K, committed 8448K, reserved 1048576K
Event: 10.427 GC heap after
Heap after GC invocations=15 (full 3):
 PSYoungGen      total 996352K, used 0K [0x000000076ab00000, 0x00000007a9a00000, 0x00000007c0000000)
  eden space 976896K, 0% used [0x000000076ab00000,0x000000076ab00000,0x00000007a6500000)
  from space 19456K, 0% used [0x00000007a8700000,0x00000007a8700000,0x00000007a9a00000)
  to   space 27136K, 0% used [0x00000007a6500000,0x00000007a6500000,0x00000007a7f80000)
 ParOldGen       total 144896K, used 31870K [0x00000006c0000000, 0x00000006c8d80000, 0x000000076ab00000)
  object space 144896K, 21% used [0x00000006c0000000,0x00000006c1f1fa68,0x00000006c8d80000)
 Metaspace       used 58075K, capacity 58902K, committed 59028K, reserved 1099776K
  class space    used 8206K, capacity 8437K, committed 8448K, reserved 1048576K
}

