# JRE version: Java(TM) SE Runtime Environment (8.0_60-b27) (build 1.8.0_60-b27)
# Java VM: Java HotSpot(TM) 64-Bit Server VM (25.60-b23 mixed mode bsd-amd64 compressed oops)
Heap:
 PSYoungGen      total 991744K, used 849266K [0x000000076ab00000, 0x00000007a9080000, 0x00000007c0000000)
  eden space 967168K, 87% used [0x000000076ab00000,0x000000079e85cb48,0x00000007a5b80000)
  from space 24576K, 0% used [0x00000007a7880000,0x00000007a7880000,0x00000007a9080000)
  to   space 27136K, 0% used [0x00000007a5b80000,0x00000007a5b80000,0x00000007a7600000)
 ParOldGen       total 147968K, used 31600K [0x00000006c0000000, 0x00000006c9080000, 0x000000076ab00000)
  object space 147968K, 21% used [0x00000006c0000000,0x00000006c1edc228,0x00000006c9080000)
 Metaspace       used 70296K, capacity 71784K, committed 72192K, reserved 1112064K
  class space    used 9792K, capacity 10126K, committed 10240K, reserved 1048576K
GC Heap History (10 events):
Event: 4.734 GC heap before
{Heap before GC invocations=11 (full 1):
 PSYoungGen      total 471552K, used 30490K [0x000000076ab00000, 0x0000000795100000, 0x00000007c0000000)
  eden space 455680K, 3% used [0x000000076ab00000,0x000000076b949440,0x0000000786800000)
  from space 15872K, 99% used [0x0000000786800000,0x000000078777d4d8,0x0000000787780000)
  to   space 21504K, 0% used [0x0000000793c00000,0x0000000793c00000,0x0000000795100000)
 ParOldGen       total 88064K, used 18387K [0x00000006c0000000, 0x00000006c5600000, 0x000000076ab00000)
  object space 88064K, 20% used [0x00000006c0000000,0x00000006c11f4da0,0x00000006c5600000)
 Metaspace       used 34815K, capacity 35342K, committed 35416K, reserved 1079296K
  class space    used 4681K, capacity 4833K, committed 4864K, reserved 1048576K
Event: 4.748 GC heap after
Heap after GC invocations=11 (full 1):
 PSYoungGen      total 672768K, used 5706K [0x000000076ab00000, 0x0000000797b00000, 0x00000007c0000000)
  eden space 651264K, 0% used [0x000000076ab00000,0x000000076ab00000,0x0000000792700000)
  from space 21504K, 26% used [0x0000000793c00000,0x00000007941929f0,0x0000000795100000)
  to   space 21504K, 0% used [0x0000000792700000,0x0000000792700000,0x0000000793c00000)
 ParOldGen       total 88064K, used 28871K [0x00000006c0000000, 0x00000006c5600000, 0x000000076ab00000)
  object space 88064K, 32% used [0x00000006c0000000,0x00000006c1c31e50,0x00000006c5600000)
 Metaspace       used 34815K, capacity 35342K, committed 35416K, reserved 1079296K
  class space    used 4681K, capacity 4833K, committed 4864K, reserved 1048576K
}
Event: 4.748 GC heap before
{Heap before GC invocations=12 (full 2):
 PSYoungGen      total 672768K, used 5706K [0x000000076ab00000, 0x0000000797b00000, 0x00000007c0000000)
  eden space 651264K, 0% used [0x000000076ab00000,0x000000076ab00000,0x0000000792700000)
  from space 21504K, 26% used [0x0000000793c00000,0x00000007941929f0,0x0000000795100000)
  to   space 21504K, 0% used [0x0000000792700000,0x0000000792700000,0x0000000793c00000)
 ParOldGen       total 88064K, used 28871K [0x00000006c0000000, 0x00000006c5600000, 0x000000076ab00000)
  object space 88064K, 32% used [0x00000006c0000000,0x00000006c1c31e50,0x00000006c5600000)
 Metaspace       used 34815K, capacity 35342K, committed 35416K, reserved 1079296K
  class space    used 4681K, capacity 4833K, committed 4864K, reserved 1048576K
Event: 4.808 GC heap after
Heap after GC invocations=12 (full 2):
 PSYoungGen      total 672768K, used 0K [0x000000076ab00000, 0x0000000797b00000, 0x00000007c0000000)
  eden space 651264K, 0% used [0x000000076ab00000,0x000000076ab00000,0x0000000792700000)
  from space 21504K, 0% used [0x0000000793c00000,0x0000000793c00000,0x0000000795100000)
  to   space 21504K, 0% used [0x0000000792700000,0x0000000792700000,0x0000000793c00000)
 ParOldGen       total 122880K, used 23275K [0x00000006c0000000, 0x00000006c7800000, 0x000000076ab00000)
  object space 122880K, 18% used [0x00000006c0000000,0x00000006c16baf28,0x00000006c7800000)
 Metaspace       used 34815K, capacity 35342K, committed 35416K, reserved 1079296K
  class space    used 4681K, capacity 4833K, committed 4864K, reserved 1048576K
}
Event: 8.998 GC heap before
{Heap before GC invocations=13 (full 2):
 PSYoungGen      total 672768K, used 651264K [0x000000076ab00000, 0x0000000797b00000, 0x00000007c0000000)
  eden space 651264K, 100% used [0x000000076ab00000,0x0000000792700000,0x0000000792700000)
  from space 21504K, 0% used [0x0000000793c00000,0x0000000793c00000,0x0000000795100000)
  to   space 21504K, 0% used [0x0000000792700000,0x0000000792700000,0x0000000793c00000)
 ParOldGen       total 122880K, used 23275K [0x00000006c0000000, 0x00000006c7800000, 0x000000076ab00000)
  object space 122880K, 18% used [0x00000006c0000000,0x00000006c16baf28,0x00000006c7800000)
 Metaspace       used 56972K, capacity 57786K, committed 57984K, reserved 1099776K
  class space    used 8043K, capacity 8267K, committed 8320K, reserved 1048576K
Event: 9.024 GC heap after
Heap after GC invocations=13 (full 2):
 PSYoungGen      total 672768K, used 21503K [0x000000076ab00000, 0x00000007a9300000, 0x00000007c0000000)
  eden space 651264K, 0% used [0x000000076ab00000,0x000000076ab00000,0x0000000792700000)
  from space 21504K, 99% used [0x0000000792700000,0x0000000793bffea0,0x0000000793c00000)
  to   space 27136K, 0% used [0x00000007a7880000,0x00000007a7880000,0x00000007a9300000)
 ParOldGen       total 122880K, used 29990K [0x00000006c0000000, 0x00000006c7800000, 0x000000076ab00000)
  object space 122880K, 24% used [0x00000006c0000000,0x00000006c1d498a0,0x00000006c7800000)
 Metaspace       used 56972K, capacity 57786K, committed 57984K, reserved 1099776K
  class space    used 8043K, capacity 8267K, committed 8320K, reserved 1048576K
}
Event: 9.166 GC heap before
{Heap before GC invocations=14 (full 2):
 PSYoungGen      total 672768K, used 72826K [0x000000076ab00000, 0x00000007a9300000, 0x00000007c0000000)
  eden space 651264K, 7% used [0x000000076ab00000,0x000000076dd1ebe8,0x0000000792700000)
  from space 21504K, 99% used [0x0000000792700000,0x0000000793bffea0,0x0000000793c00000)
  to   space 27136K, 0% used [0x00000007a7880000,0x00000007a7880000,0x00000007a9300000)
 ParOldGen       total 122880K, used 29990K [0x00000006c0000000, 0x00000006c7800000, 0x000000076ab00000)
  object space 122880K, 24% used [0x00000006c0000000,0x00000006c1d498a0,0x00000006c7800000)
 Metaspace       used 58183K, capacity 58966K, committed 59028K, reserved 1099776K
  class space    used 8215K, capacity 8437K, committed 8448K, reserved 1048576K
Event: 9.177 GC heap after
Heap after GC invocations=14 (full 2):
 PSYoungGen      total 991744K, used 1686K [0x000000076ab00000, 0x00000007a9080000, 0x00000007c0000000)
  eden space 967168K, 0% used [0x000000076ab00000,0x000000076ab00000,0x00000007a5b80000)
  from space 24576K, 6% used [0x00000007a7880000,0x00000007a7a25828,0x00000007a9080000)
  to   space 27136K, 0% used [0x00000007a5b80000,0x00000007a5b80000,0x00000007a7600000)
 ParOldGen       total 122880K, used 37838K [0x00000006c0000000, 0x00000006c7800000, 0x000000076ab00000)
  object space 122880K, 30% used [0x00000006c0000000,0x00000006c24f39c0,0x00000006c7800000)
 Metaspace       used 58183K, capacity 58966K, committed 59028K, reserved 1099776K
  class space    used 8215K, capacity 8437K, committed 8448K, reserved 1048576K
}
Event: 9.177 GC heap before
{Heap before GC invocations=15 (full 3):
 PSYoungGen      total 991744K, used 1686K [0x000000076ab00000, 0x00000007a9080000, 0x00000007c0000000)
  eden space 967168K, 0% used [0x000000076ab00000,0x000000076ab00000,0x00000007a5b80000)
  from space 24576K, 6% used [0x00000007a7880000,0x00000007a7a25828,0x00000007a9080000)
  to   space 27136K, 0% used [0x00000007a5b80000,0x00000007a5b80000,0x00000007a7600000)
 ParOldGen       total 122880K, used 37838K [0x00000006c0000000, 0x00000006c7800000, 0x000000076ab00000)
  object space 122880K, 30% used [0x00000006c0000000,0x00000006c24f39c0,0x00000006c7800000)
 Metaspace       used 58183K, capacity 58966K, committed 59028K, reserved 1099776K
  class space    used 8215K, capacity 8437K, committed 8448K, reserved 1048576K
Event: 9.352 GC heap after
Heap after GC invocations=15 (full 3):
 PSYoungGen      total 991744K, used 0K [0x000000076ab00000, 0x00000007a9080000, 0x00000007c0000000)
  eden space 967168K, 0% used [0x000000076ab00000,0x000000076ab00000,0x00000007a5b80000)
  from space 24576K, 0% used [0x00000007a7880000,0x00000007a7880000,0x00000007a9080000)
  to   space 27136K, 0% used [0x00000007a5b80000,0x00000007a5b80000,0x00000007a7600000)
 ParOldGen       total 147968K, used 31600K [0x00000006c0000000, 0x00000006c9080000, 0x000000076ab00000)
  object space 147968K, 21% used [0x00000006c0000000,0x00000006c1edc228,0x00000006c9080000)
 Metaspace       used 58183K, capacity 58966K, committed 59028K, reserved 1099776K
  class space    used 8215K, capacity 8437K, committed 8448K, reserved 1048576K
}

