# JRE version: Java(TM) SE Runtime Environment (8.0_60-b27) (build 1.8.0_60-b27)
# Java VM: Java HotSpot(TM) 64-Bit Server VM (25.60-b23 mixed mode bsd-amd64 compressed oops)
Heap:
 PSYoungGen      total 980992K, used 935824K [0x000000076ab00000, 0x00000007a8380000, 0x00000007c0000000)
  eden space 953856K, 98% used [0x000000076ab00000,0x00000007a3ce41a0,0x00000007a4e80000)
  from space 27136K, 0% used [0x00000007a6900000,0x00000007a6900000,0x00000007a8380000)
  to   space 27136K, 0% used [0x00000007a4e80000,0x00000007a4e80000,0x00000007a6900000)
 ParOldGen       total 150016K, used 31364K [0x00000006c0000000, 0x00000006c9280000, 0x000000076ab00000)
  object space 150016K, 20% used [0x00000006c0000000,0x00000006c1ea11c0,0x00000006c9280000)
 Metaspace       used 69759K, capacity 71262K, committed 71552K, reserved 1110016K
  class space    used 9710K, capacity 10061K, committed 10112K, reserved 1048576K
GC Heap History (10 events):
Event: 4.702 GC heap before
{Heap before GC invocations=11 (full 1):
 PSYoungGen      total 467968K, used 32934K [0x000000076ab00000, 0x0000000794980000, 0x00000007c0000000)
  eden space 452096K, 3% used [0x000000076ab00000,0x000000076bbb0070,0x0000000786480000)
  from space 15872K, 99% used [0x0000000786480000,0x00000007873f9ac8,0x0000000787400000)
  to   space 21504K, 0% used [0x0000000793480000,0x0000000793480000,0x0000000794980000)
 ParOldGen       total 89088K, used 18248K [0x00000006c0000000, 0x00000006c5700000, 0x000000076ab00000)
  object space 89088K, 20% used [0x00000006c0000000,0x00000006c11d2220,0x00000006c5700000)
 Metaspace       used 34811K, capacity 35342K, committed 35416K, reserved 1079296K
  class space    used 4672K, capacity 4833K, committed 4864K, reserved 1048576K
Event: 4.714 GC heap after
Heap after GC invocations=11 (full 1):
 PSYoungGen      total 665088K, used 5747K [0x000000076ab00000, 0x0000000797000000, 0x00000007c0000000)
  eden space 643584K, 0% used [0x000000076ab00000,0x000000076ab00000,0x0000000791f80000)
  from space 21504K, 26% used [0x0000000793480000,0x0000000793a1cf90,0x0000000794980000)
  to   space 21504K, 0% used [0x0000000791f80000,0x0000000791f80000,0x0000000793480000)
 ParOldGen       total 89088K, used 28705K [0x00000006c0000000, 0x00000006c5700000, 0x000000076ab00000)
  object space 89088K, 32% used [0x00000006c0000000,0x00000006c1c08488,0x00000006c5700000)
 Metaspace       used 34811K, capacity 35342K, committed 35416K, reserved 1079296K
  class space    used 4672K, capacity 4833K, committed 4864K, reserved 1048576K
}
Event: 4.714 GC heap before
{Heap before GC invocations=12 (full 2):
 PSYoungGen      total 665088K, used 5747K [0x000000076ab00000, 0x0000000797000000, 0x00000007c0000000)
  eden space 643584K, 0% used [0x000000076ab00000,0x000000076ab00000,0x0000000791f80000)
  from space 21504K, 26% used [0x0000000793480000,0x0000000793a1cf90,0x0000000794980000)
  to   space 21504K, 0% used [0x0000000791f80000,0x0000000791f80000,0x0000000793480000)
 ParOldGen       total 89088K, used 28705K [0x00000006c0000000, 0x00000006c5700000, 0x000000076ab00000)
  object space 89088K, 32% used [0x00000006c0000000,0x00000006c1c08488,0x00000006c5700000)
 Metaspace       used 34811K, capacity 35342K, committed 35416K, reserved 1079296K
  class space    used 4672K, capacity 4833K, committed 4864K, reserved 1048576K
Event: 4.765 GC heap after
Heap after GC invocations=12 (full 2):
 PSYoungGen      total 665088K, used 0K [0x000000076ab00000, 0x0000000797000000, 0x00000007c0000000)
  eden space 643584K, 0% used [0x000000076ab00000,0x000000076ab00000,0x0000000791f80000)
  from space 21504K, 0% used [0x0000000793480000,0x0000000793480000,0x0000000794980000)
  to   space 21504K, 0% used [0x0000000791f80000,0x0000000791f80000,0x0000000793480000)
 ParOldGen       total 124928K, used 23356K [0x00000006c0000000, 0x00000006c7a00000, 0x000000076ab00000)
  object space 124928K, 18% used [0x00000006c0000000,0x00000006c16cf1d0,0x00000006c7a00000)
 Metaspace       used 34811K, capacity 35342K, committed 35416K, reserved 1079296K
  class space    used 4672K, capacity 4833K, committed 4864K, reserved 1048576K
}
Event: 9.022 GC heap before
{Heap before GC invocations=13 (full 2):
 PSYoungGen      total 665088K, used 643584K [0x000000076ab00000, 0x0000000797000000, 0x00000007c0000000)
  eden space 643584K, 100% used [0x000000076ab00000,0x0000000791f80000,0x0000000791f80000)
  from space 21504K, 0% used [0x0000000793480000,0x0000000793480000,0x0000000794980000)
  to   space 21504K, 0% used [0x0000000791f80000,0x0000000791f80000,0x0000000793480000)
 ParOldGen       total 124928K, used 23356K [0x00000006c0000000, 0x00000006c7a00000, 0x000000076ab00000)
  object space 124928K, 18% used [0x00000006c0000000,0x00000006c16cf1d0,0x00000006c7a00000)
 Metaspace       used 57290K, capacity 58074K, committed 58240K, reserved 1099776K
  class space    used 8080K, capacity 8299K, committed 8320K, reserved 1048576K
Event: 9.045 GC heap after
Heap after GC invocations=13 (full 2):
 PSYoungGen      total 665088K, used 21490K [0x000000076ab00000, 0x00000007a8380000, 0x00000007c0000000)
  eden space 643584K, 0% used [0x000000076ab00000,0x000000076ab00000,0x0000000791f80000)
  from space 21504K, 99% used [0x0000000791f80000,0x000000079347c800,0x0000000793480000)
  to   space 27136K, 0% used [0x00000007a6900000,0x00000007a6900000,0x00000007a8380000)
 ParOldGen       total 124928K, used 30338K [0x00000006c0000000, 0x00000006c7a00000, 0x000000076ab00000)
  object space 124928K, 24% used [0x00000006c0000000,0x00000006c1da0a90,0x00000006c7a00000)
 Metaspace       used 57290K, capacity 58074K, committed 58240K, reserved 1099776K
  class space    used 8080K, capacity 8299K, committed 8320K, reserved 1048576K
}
Event: 9.171 GC heap before
{Heap before GC invocations=14 (full 2):
 PSYoungGen      total 665088K, used 58683K [0x000000076ab00000, 0x00000007a8380000, 0x00000007c0000000)
  eden space 643584K, 5% used [0x000000076ab00000,0x000000076cf527c8,0x0000000791f80000)
  from space 21504K, 99% used [0x0000000791f80000,0x000000079347c800,0x0000000793480000)
  to   space 27136K, 0% used [0x00000007a6900000,0x00000007a6900000,0x00000007a8380000)
 ParOldGen       total 124928K, used 30338K [0x00000006c0000000, 0x00000006c7a00000, 0x000000076ab00000)
  object space 124928K, 24% used [0x00000006c0000000,0x00000006c1da0a90,0x00000006c7a00000)
 Metaspace       used 58168K, capacity 58966K, committed 59028K, reserved 1099776K
  class space    used 8209K, capacity 8437K, committed 8448K, reserved 1048576K
Event: 9.180 GC heap after
Heap after GC invocations=14 (full 2):
 PSYoungGen      total 980992K, used 1363K [0x000000076ab00000, 0x00000007a8380000, 0x00000007c0000000)
  eden space 953856K, 0% used [0x000000076ab00000,0x000000076ab00000,0x00000007a4e80000)
  from space 27136K, 5% used [0x00000007a6900000,0x00000007a6a54cd8,0x00000007a8380000)
  to   space 27136K, 0% used [0x00000007a4e80000,0x00000007a4e80000,0x00000007a6900000)
 ParOldGen       total 124928K, used 38202K [0x00000006c0000000, 0x00000006c7a00000, 0x000000076ab00000)
  object space 124928K, 30% used [0x00000006c0000000,0x00000006c254eba0,0x00000006c7a00000)
 Metaspace       used 58168K, capacity 58966K, committed 59028K, reserved 1099776K
  class space    used 8209K, capacity 8437K, committed 8448K, reserved 1048576K
}
Event: 9.181 GC heap before
{Heap before GC invocations=15 (full 3):
 PSYoungGen      total 980992K, used 1363K [0x000000076ab00000, 0x00000007a8380000, 0x00000007c0000000)
  eden space 953856K, 0% used [0x000000076ab00000,0x000000076ab00000,0x00000007a4e80000)
  from space 27136K, 5% used [0x00000007a6900000,0x00000007a6a54cd8,0x00000007a8380000)
  to   space 27136K, 0% used [0x00000007a4e80000,0x00000007a4e80000,0x00000007a6900000)
 ParOldGen       total 124928K, used 38202K [0x00000006c0000000, 0x00000006c7a00000, 0x000000076ab00000)
  object space 124928K, 30% used [0x00000006c0000000,0x00000006c254eba0,0x00000006c7a00000)
 Metaspace       used 58168K, capacity 58966K, committed 59028K, reserved 1099776K
  class space    used 8209K, capacity 8437K, committed 8448K, reserved 1048576K
Event: 9.343 GC heap after
Heap after GC invocations=15 (full 3):
 PSYoungGen      total 980992K, used 0K [0x000000076ab00000, 0x00000007a8380000, 0x00000007c0000000)
  eden space 953856K, 0% used [0x000000076ab00000,0x000000076ab00000,0x00000007a4e80000)
  from space 27136K, 0% used [0x00000007a6900000,0x00000007a6900000,0x00000007a8380000)
  to   space 27136K, 0% used [0x00000007a4e80000,0x00000007a4e80000,0x00000007a6900000)
 ParOldGen       total 150016K, used 31364K [0x00000006c0000000, 0x00000006c9280000, 0x000000076ab00000)
  object space 150016K, 20% used [0x00000006c0000000,0x00000006c1ea11c0,0x00000006c9280000)
 Metaspace       used 58168K, capacity 58966K, committed 59028K, reserved 1099776K
  class space    used 8209K, capacity 8437K, committed 8448K, reserved 1048576K
}

