# JRE version: Java(TM) SE Runtime Environment (8.0_60-b27) (build 1.8.0_60-b27)
# Java VM: Java HotSpot(TM) 64-Bit Server VM (25.60-b23 mixed mode bsd-amd64 compressed oops)
Heap:
 PSYoungGen      total 934400K, used 612841K [0x000000076ab00000, 0x00000007a5d80000, 0x00000007c0000000)
  eden space 915968K, 66% used [0x000000076ab00000,0x000000079017a5a8,0x00000007a2980000)
  from space 18432K, 0% used [0x00000007a4b80000,0x00000007a4b80000,0x00000007a5d80000)
  to   space 26624K, 0% used [0x00000007a2980000,0x00000007a2980000,0x00000007a4380000)
 ParOldGen       total 159232K, used 32768K [0x00000006c0000000, 0x00000006c9b80000, 0x000000076ab00000)
  object space 159232K, 20% used [0x00000006c0000000,0x00000006c2000198,0x00000006c9b80000)
 Metaspace       used 69335K, capacity 70744K, committed 71040K, reserved 1110016K
  class space    used 9671K, capacity 9996K, committed 10112K, reserved 1048576K
GC Heap History (10 events):
Event: 5.059 GC heap before
{Heap before GC invocations=11 (full 1):
 PSYoungGen      total 462848K, used 34728K [0x000000076ab00000, 0x0000000793f80000, 0x00000007c0000000)
  eden space 446976K, 4% used [0x000000076ab00000,0x000000076bd6d930,0x0000000785f80000)
  from space 15872K, 99% used [0x0000000785f80000,0x0000000786efcac8,0x0000000786f00000)
  to   space 21504K, 0% used [0x0000000792a80000,0x0000000792a80000,0x0000000793f80000)
 ParOldGen       total 90112K, used 17992K [0x00000006c0000000, 0x00000006c5800000, 0x000000076ab00000)
  object space 90112K, 19% used [0x00000006c0000000,0x00000006c11920f0,0x00000006c5800000)
 Metaspace       used 34800K, capacity 35342K, committed 35416K, reserved 1079296K
  class space    used 4674K, capacity 4833K, committed 4864K, reserved 1048576K
Event: 5.074 GC heap after
Heap after GC invocations=11 (full 1):
 PSYoungGen      total 654848K, used 5925K [0x000000076ab00000, 0x0000000795f80000, 0x00000007c0000000)
  eden space 633344K, 0% used [0x000000076ab00000,0x000000076ab00000,0x0000000791580000)
  from space 21504K, 27% used [0x0000000792a80000,0x0000000793049608,0x0000000793f80000)
  to   space 21504K, 0% used [0x0000000791580000,0x0000000791580000,0x0000000792a80000)
 ParOldGen       total 90112K, used 28592K [0x00000006c0000000, 0x00000006c5800000, 0x000000076ab00000)
  object space 90112K, 31% used [0x00000006c0000000,0x00000006c1bec1d0,0x00000006c5800000)
 Metaspace       used 34800K, capacity 35342K, committed 35416K, reserved 1079296K
  class space    used 4674K, capacity 4833K, committed 4864K, reserved 1048576K
}
Event: 5.074 GC heap before
{Heap before GC invocations=12 (full 2):
 PSYoungGen      total 654848K, used 5925K [0x000000076ab00000, 0x0000000795f80000, 0x00000007c0000000)
  eden space 633344K, 0% used [0x000000076ab00000,0x000000076ab00000,0x0000000791580000)
  from space 21504K, 27% used [0x0000000792a80000,0x0000000793049608,0x0000000793f80000)
  to   space 21504K, 0% used [0x0000000791580000,0x0000000791580000,0x0000000792a80000)
 ParOldGen       total 90112K, used 28592K [0x00000006c0000000, 0x00000006c5800000, 0x000000076ab00000)
  object space 90112K, 31% used [0x00000006c0000000,0x00000006c1bec1d0,0x00000006c5800000)
 Metaspace       used 34800K, capacity 35342K, committed 35416K, reserved 1079296K
  class space    used 4674K, capacity 4833K, committed 4864K, reserved 1048576K
Event: 5.128 GC heap after
Heap after GC invocations=12 (full 2):
 PSYoungGen      total 654848K, used 0K [0x000000076ab00000, 0x0000000795f80000, 0x00000007c0000000)
  eden space 633344K, 0% used [0x000000076ab00000,0x000000076ab00000,0x0000000791580000)
  from space 21504K, 0% used [0x0000000792a80000,0x0000000792a80000,0x0000000793f80000)
  to   space 21504K, 0% used [0x0000000791580000,0x0000000791580000,0x0000000792a80000)
 ParOldGen       total 129024K, used 23478K [0x00000006c0000000, 0x00000006c7e00000, 0x000000076ab00000)
  object space 129024K, 18% used [0x00000006c0000000,0x00000006c16edbb8,0x00000006c7e00000)
 Metaspace       used 34800K, capacity 35342K, committed 35416K, reserved 1079296K
  class space    used 4674K, capacity 4833K, committed 4864K, reserved 1048576K
}
Event: 9.468 GC heap before
{Heap before GC invocations=13 (full 2):
 PSYoungGen      total 654848K, used 633344K [0x000000076ab00000, 0x0000000795f80000, 0x00000007c0000000)
  eden space 633344K, 100% used [0x000000076ab00000,0x0000000791580000,0x0000000791580000)
  from space 21504K, 0% used [0x0000000792a80000,0x0000000792a80000,0x0000000793f80000)
  to   space 21504K, 0% used [0x0000000791580000,0x0000000791580000,0x0000000792a80000)
 ParOldGen       total 129024K, used 23478K [0x00000006c0000000, 0x00000006c7e00000, 0x000000076ab00000)
  object space 129024K, 18% used [0x00000006c0000000,0x00000006c16edbb8,0x00000006c7e00000)
 Metaspace       used 55401K, capacity 56122K, committed 56448K, reserved 1097728K
  class space    used 7821K, capacity 7993K, committed 8064K, reserved 1048576K
Event: 9.492 GC heap after
Heap after GC invocations=13 (full 2):
 PSYoungGen      total 654848K, used 21493K [0x000000076ab00000, 0x00000007a6580000, 0x00000007c0000000)
  eden space 633344K, 0% used [0x000000076ab00000,0x000000076ab00000,0x0000000791580000)
  from space 21504K, 99% used [0x0000000791580000,0x0000000792a7d4e0,0x0000000792a80000)
  to   space 26624K, 0% used [0x00000007a4b80000,0x00000007a4b80000,0x00000007a6580000)
 ParOldGen       total 129024K, used 28831K [0x00000006c0000000, 0x00000006c7e00000, 0x000000076ab00000)
  object space 129024K, 22% used [0x00000006c0000000,0x00000006c1c27fd8,0x00000006c7e00000)
 Metaspace       used 55401K, capacity 56122K, committed 56448K, reserved 1097728K
  class space    used 7821K, capacity 7993K, committed 8064K, reserved 1048576K
}
Event: 9.807 GC heap before
{Heap before GC invocations=14 (full 2):
 PSYoungGen      total 654848K, used 92716K [0x000000076ab00000, 0x00000007a6580000, 0x00000007c0000000)
  eden space 633344K, 11% used [0x000000076ab00000,0x000000076f08dc40,0x0000000791580000)
  from space 21504K, 99% used [0x0000000791580000,0x0000000792a7d4e0,0x0000000792a80000)
  to   space 26624K, 0% used [0x00000007a4b80000,0x00000007a4b80000,0x00000007a6580000)
 ParOldGen       total 129024K, used 28831K [0x00000006c0000000, 0x00000006c7e00000, 0x000000076ab00000)
  object space 129024K, 22% used [0x00000006c0000000,0x00000006c1c27fd8,0x00000006c7e00000)
 Metaspace       used 58190K, capacity 58966K, committed 59028K, reserved 1099776K
  class space    used 8225K, capacity 8437K, committed 8448K, reserved 1048576K
Event: 9.818 GC heap after
Heap after GC invocations=14 (full 2):
 PSYoungGen      total 934400K, used 3153K [0x000000076ab00000, 0x00000007a5d80000, 0x00000007c0000000)
  eden space 915968K, 0% used [0x000000076ab00000,0x000000076ab00000,0x00000007a2980000)
  from space 18432K, 17% used [0x00000007a4b80000,0x00000007a4e947c8,0x00000007a5d80000)
  to   space 26624K, 0% used [0x00000007a2980000,0x00000007a2980000,0x00000007a4380000)
 ParOldGen       total 129024K, used 36455K [0x00000006c0000000, 0x00000006c7e00000, 0x000000076ab00000)
  object space 129024K, 28% used [0x00000006c0000000,0x00000006c2399c18,0x00000006c7e00000)
 Metaspace       used 58190K, capacity 58966K, committed 59028K, reserved 1099776K
  class space    used 8225K, capacity 8437K, committed 8448K, reserved 1048576K
}
Event: 9.818 GC heap before
{Heap before GC invocations=15 (full 3):
 PSYoungGen      total 934400K, used 3153K [0x000000076ab00000, 0x00000007a5d80000, 0x00000007c0000000)
  eden space 915968K, 0% used [0x000000076ab00000,0x000000076ab00000,0x00000007a2980000)
  from space 18432K, 17% used [0x00000007a4b80000,0x00000007a4e947c8,0x00000007a5d80000)
  to   space 26624K, 0% used [0x00000007a2980000,0x00000007a2980000,0x00000007a4380000)
 ParOldGen       total 129024K, used 36455K [0x00000006c0000000, 0x00000006c7e00000, 0x000000076ab00000)
  object space 129024K, 28% used [0x00000006c0000000,0x00000006c2399c18,0x00000006c7e00000)
 Metaspace       used 58190K, capacity 58966K, committed 59028K, reserved 1099776K
  class space    used 8225K, capacity 8437K, committed 8448K, reserved 1048576K
Event: 9.992 GC heap after
Heap after GC invocations=15 (full 3):
 PSYoungGen      total 934400K, used 0K [0x000000076ab00000, 0x00000007a5d80000, 0x00000007c0000000)
  eden space 915968K, 0% used [0x000000076ab00000,0x000000076ab00000,0x00000007a2980000)
  from space 18432K, 0% used [0x00000007a4b80000,0x00000007a4b80000,0x00000007a5d80000)
  to   space 26624K, 0% used [0x00000007a2980000,0x00000007a2980000,0x00000007a4380000)
 ParOldGen       total 159232K, used 32768K [0x00000006c0000000, 0x00000006c9b80000, 0x000000076ab00000)
  object space 159232K, 20% used [0x00000006c0000000,0x00000006c2000198,0x00000006c9b80000)
 Metaspace       used 58190K, capacity 58966K, committed 59028K, reserved 1099776K
  class space    used 8225K, capacity 8437K, committed 8448K, reserved 1048576K
}

