# JRE version: Java(TM) SE Runtime Environment (8.0_60-b27) (build 1.8.0_60-b27)
# Java VM: Java HotSpot(TM) 64-Bit Server VM (25.60-b23 mixed mode bsd-amd64 compressed oops)
Heap:
 PSYoungGen      total 921600K, used 670775K [0x000000076ab00000, 0x00000007a5580000, 0x00000007c0000000)
  eden space 894976K, 74% used [0x000000076ab00000,0x0000000793a0df80,0x00000007a1500000)
  from space 26624K, 0% used [0x00000007a2f80000,0x00000007a2f80000,0x00000007a4980000)
  to   space 27136K, 0% used [0x00000007a1500000,0x00000007a1500000,0x00000007a2f80000)
 ParOldGen       total 162816K, used 31149K [0x00000006c0000000, 0x00000006c9f00000, 0x000000076ab00000)
  object space 162816K, 19% used [0x00000006c0000000,0x00000006c1e6b588,0x00000006c9f00000)
 Metaspace       used 69681K, capacity 71176K, committed 71552K, reserved 1110016K
  class space    used 9705K, capacity 10020K, committed 10112K, reserved 1048576K
GC Heap History (10 events):
Event: 4.396 GC heap before
{Heap before GC invocations=11 (full 1):
 PSYoungGen      total 459264K, used 40068K [0x000000076ab00000, 0x0000000793700000, 0x00000007c0000000)
  eden space 443392K, 5% used [0x000000076ab00000,0x000000076c2a2078,0x0000000785c00000)
  from space 15872K, 99% used [0x0000000785c00000,0x0000000786b7f078,0x0000000786b80000)
  to   space 21504K, 0% used [0x0000000792200000,0x0000000792200000,0x0000000793700000)
 ParOldGen       total 91136K, used 17755K [0x00000006c0000000, 0x00000006c5900000, 0x000000076ab00000)
  object space 91136K, 19% used [0x00000006c0000000,0x00000006c1156ed8,0x00000006c5900000)
 Metaspace       used 34805K, capacity 35342K, committed 35416K, reserved 1079296K
  class space    used 4678K, capacity 4833K, committed 4864K, reserved 1048576K
Event: 4.408 GC heap after
Heap after GC invocations=11 (full 1):
 PSYoungGen      total 646656K, used 5913K [0x000000076ab00000, 0x0000000795100000, 0x00000007c0000000)
  eden space 625152K, 0% used [0x000000076ab00000,0x000000076ab00000,0x0000000790d80000)
  from space 21504K, 27% used [0x0000000792200000,0x00000007927c6718,0x0000000793700000)
  to   space 20992K, 0% used [0x0000000790d80000,0x0000000790d80000,0x0000000792200000)
 ParOldGen       total 91136K, used 28412K [0x00000006c0000000, 0x00000006c5900000, 0x000000076ab00000)
  object space 91136K, 31% used [0x00000006c0000000,0x00000006c1bbf3c8,0x00000006c5900000)
 Metaspace       used 34805K, capacity 35342K, committed 35416K, reserved 1079296K
  class space    used 4678K, capacity 4833K, committed 4864K, reserved 1048576K
}
Event: 4.408 GC heap before
{Heap before GC invocations=12 (full 2):
 PSYoungGen      total 646656K, used 5913K [0x000000076ab00000, 0x0000000795100000, 0x00000007c0000000)
  eden space 625152K, 0% used [0x000000076ab00000,0x000000076ab00000,0x0000000790d80000)
  from space 21504K, 27% used [0x0000000792200000,0x00000007927c6718,0x0000000793700000)
  to   space 20992K, 0% used [0x0000000790d80000,0x0000000790d80000,0x0000000792200000)
 ParOldGen       total 91136K, used 28412K [0x00000006c0000000, 0x00000006c5900000, 0x000000076ab00000)
  object space 91136K, 31% used [0x00000006c0000000,0x00000006c1bbf3c8,0x00000006c5900000)
 Metaspace       used 34805K, capacity 35342K, committed 35416K, reserved 1079296K
  class space    used 4678K, capacity 4833K, committed 4864K, reserved 1048576K
Event: 4.460 GC heap after
Heap after GC invocations=12 (full 2):
 PSYoungGen      total 646656K, used 0K [0x000000076ab00000, 0x0000000795100000, 0x00000007c0000000)
  eden space 625152K, 0% used [0x000000076ab00000,0x000000076ab00000,0x0000000790d80000)
  from space 21504K, 0% used [0x0000000792200000,0x0000000792200000,0x0000000793700000)
  to   space 20992K, 0% used [0x0000000790d80000,0x0000000790d80000,0x0000000792200000)
 ParOldGen       total 133120K, used 23462K [0x00000006c0000000, 0x00000006c8200000, 0x000000076ab00000)
  object space 133120K, 17% used [0x00000006c0000000,0x00000006c16e9908,0x00000006c8200000)
 Metaspace       used 34805K, capacity 35342K, committed 35416K, reserved 1079296K
  class space    used 4678K, capacity 4833K, committed 4864K, reserved 1048576K
}
Event: 8.687 GC heap before
{Heap before GC invocations=13 (full 2):
 PSYoungGen      total 646656K, used 625152K [0x000000076ab00000, 0x0000000795100000, 0x00000007c0000000)
  eden space 625152K, 100% used [0x000000076ab00000,0x0000000790d80000,0x0000000790d80000)
  from space 21504K, 0% used [0x0000000792200000,0x0000000792200000,0x0000000793700000)
  to   space 20992K, 0% used [0x0000000790d80000,0x0000000790d80000,0x0000000792200000)
 ParOldGen       total 133120K, used 23462K [0x00000006c0000000, 0x00000006c8200000, 0x000000076ab00000)
  object space 133120K, 17% used [0x00000006c0000000,0x00000006c16e9908,0x00000006c8200000)
 Metaspace       used 56583K, capacity 57472K, committed 57728K, reserved 1099776K
  class space    used 8016K, capacity 8258K, committed 8320K, reserved 1048576K
Event: 8.711 GC heap after
Heap after GC invocations=13 (full 2):
 PSYoungGen      total 646144K, used 20988K [0x000000076ab00000, 0x00000007a4980000, 0x00000007c0000000)
  eden space 625152K, 0% used [0x000000076ab00000,0x000000076ab00000,0x0000000790d80000)
  from space 20992K, 99% used [0x0000000790d80000,0x00000007921ff108,0x0000000792200000)
  to   space 26624K, 0% used [0x00000007a2f80000,0x00000007a2f80000,0x00000007a4980000)
 ParOldGen       total 133120K, used 30778K [0x00000006c0000000, 0x00000006c8200000, 0x000000076ab00000)
  object space 133120K, 23% used [0x00000006c0000000,0x00000006c1e0eab0,0x00000006c8200000)
 Metaspace       used 56583K, capacity 57472K, committed 57728K, reserved 1099776K
  class space    used 8016K, capacity 8258K, committed 8320K, reserved 1048576K
}
Event: 8.817 GC heap before
{Heap before GC invocations=14 (full 2):
 PSYoungGen      total 646144K, used 53970K [0x000000076ab00000, 0x00000007a4980000, 0x00000007c0000000)
  eden space 625152K, 5% used [0x000000076ab00000,0x000000076cb35840,0x0000000790d80000)
  from space 20992K, 99% used [0x0000000790d80000,0x00000007921ff108,0x0000000792200000)
  to   space 26624K, 0% used [0x00000007a2f80000,0x00000007a2f80000,0x00000007a4980000)
 ParOldGen       total 133120K, used 30778K [0x00000006c0000000, 0x00000006c8200000, 0x000000076ab00000)
  object space 133120K, 23% used [0x00000006c0000000,0x00000006c1e0eab0,0x00000006c8200000)
 Metaspace       used 57743K, capacity 58848K, committed 59008K, reserved 1099776K
  class space    used 8191K, capacity 8456K, committed 8576K, reserved 1048576K
Event: 8.826 GC heap after
Heap after GC invocations=14 (full 2):
 PSYoungGen      total 921600K, used 1081K [0x000000076ab00000, 0x00000007a5580000, 0x00000007c0000000)
  eden space 894976K, 0% used [0x000000076ab00000,0x000000076ab00000,0x00000007a1500000)
  from space 26624K, 4% used [0x00000007a2f80000,0x00000007a308e7d8,0x00000007a4980000)
  to   space 27136K, 0% used [0x00000007a1500000,0x00000007a1500000,0x00000007a2f80000)
 ParOldGen       total 133120K, used 38724K [0x00000006c0000000, 0x00000006c8200000, 0x000000076ab00000)
  object space 133120K, 29% used [0x00000006c0000000,0x00000006c25d1078,0x00000006c8200000)
 Metaspace       used 57743K, capacity 58848K, committed 59008K, reserved 1099776K
  class space    used 8191K, capacity 8456K, committed 8576K, reserved 1048576K
}
Event: 8.826 GC heap before
{Heap before GC invocations=15 (full 3):
 PSYoungGen      total 921600K, used 1081K [0x000000076ab00000, 0x00000007a5580000, 0x00000007c0000000)
  eden space 894976K, 0% used [0x000000076ab00000,0x000000076ab00000,0x00000007a1500000)
  from space 26624K, 4% used [0x00000007a2f80000,0x00000007a308e7d8,0x00000007a4980000)
  to   space 27136K, 0% used [0x00000007a1500000,0x00000007a1500000,0x00000007a2f80000)
 ParOldGen       total 133120K, used 38724K [0x00000006c0000000, 0x00000006c8200000, 0x000000076ab00000)
  object space 133120K, 29% used [0x00000006c0000000,0x00000006c25d1078,0x00000006c8200000)
 Metaspace       used 57743K, capacity 58848K, committed 59008K, reserved 1099776K
  class space    used 8191K, capacity 8456K, committed 8576K, reserved 1048576K
Event: 8.986 GC heap after
Heap after GC invocations=15 (full 3):
 PSYoungGen      total 921600K, used 0K [0x000000076ab00000, 0x00000007a5580000, 0x00000007c0000000)
  eden space 894976K, 0% used [0x000000076ab00000,0x000000076ab00000,0x00000007a1500000)
  from space 26624K, 0% used [0x00000007a2f80000,0x00000007a2f80000,0x00000007a4980000)
  to   space 27136K, 0% used [0x00000007a1500000,0x00000007a1500000,0x00000007a2f80000)
 ParOldGen       total 162816K, used 31149K [0x00000006c0000000, 0x00000006c9f00000, 0x000000076ab00000)
  object space 162816K, 19% used [0x00000006c0000000,0x00000006c1e6b588,0x00000006c9f00000)
 Metaspace       used 57743K, capacity 58848K, committed 59008K, reserved 1099776K
  class space    used 8191K, capacity 8456K, committed 8576K, reserved 1048576K
}

