# JRE version: Java(TM) SE Runtime Environment (8.0_60-b27) (build 1.8.0_60-b27)
# Java VM: Java HotSpot(TM) 64-Bit Server VM (25.60-b23 mixed mode bsd-amd64 compressed oops)
Heap:
 PSYoungGen      total 847360K, used 97053K [0x000000076ab00000, 0x00000007a2700000, 0x00000007c0000000)
  eden space 823808K, 8% used [0x000000076ab00000,0x000000076f2cf350,0x000000079cf80000)
  from space 23552K, 99% used [0x000000079ec00000,0x00000007a02f8228,0x00000007a0300000)
  to   space 29184K, 0% used [0x000000079cf80000,0x000000079cf80000,0x000000079ec00000)
 ParOldGen       total 181248K, used 43728K [0x00000006c0000000, 0x00000006cb100000, 0x000000076ab00000)
  object space 181248K, 24% used [0x00000006c0000000,0x00000006c2ab4088,0x00000006cb100000)
 Metaspace       used 69853K, capacity 71384K, committed 71552K, reserved 1110016K
  class space    used 9745K, capacity 10060K, committed 10112K, reserved 1048576K
GC Heap History (10 events):
Event: 5.530 GC heap before
{Heap before GC invocations=11 (full 2):
 PSYoungGen      total 482304K, used 15857K [0x000000076ab00000, 0x0000000796900000, 0x00000007c0000000)
  eden space 466432K, 0% used [0x000000076ab00000,0x000000076ab00000,0x0000000787280000)
  from space 15872K, 99% used [0x0000000787280000,0x00000007881fc478,0x0000000788200000)
  to   space 22016K, 0% used [0x0000000795380000,0x0000000795380000,0x0000000796900000)
 ParOldGen       total 86528K, used 19302K [0x00000006c0000000, 0x00000006c5480000, 0x000000076ab00000)
  object space 86528K, 22% used [0x00000006c0000000,0x00000006c12d9b10,0x00000006c5480000)
 Metaspace       used 34793K, capacity 35342K, committed 35416K, reserved 1079296K
  class space    used 4678K, capacity 4833K, committed 4864K, reserved 1048576K
Event: 5.650 GC heap after
Heap after GC invocations=11 (full 2):
 PSYoungGen      total 482304K, used 0K [0x000000076ab00000, 0x0000000796900000, 0x00000007c0000000)
  eden space 466432K, 0% used [0x000000076ab00000,0x000000076ab00000,0x0000000787280000)
  from space 15872K, 0% used [0x0000000787280000,0x0000000787280000,0x0000000788200000)
  to   space 22016K, 0% used [0x0000000795380000,0x0000000795380000,0x0000000796900000)
 ParOldGen       total 143360K, used 31726K [0x00000006c0000000, 0x00000006c8c00000, 0x000000076ab00000)
  object space 143360K, 22% used [0x00000006c0000000,0x00000006c1efbb90,0x00000006c8c00000)
 Metaspace       used 34793K, capacity 35342K, committed 35416K, reserved 1079296K
  class space    used 4678K, capacity 4833K, committed 4864K, reserved 1048576K
}
Event: 9.595 GC heap before
{Heap before GC invocations=12 (full 2):
 PSYoungGen      total 482304K, used 466432K [0x000000076ab00000, 0x0000000796900000, 0x00000007c0000000)
  eden space 466432K, 100% used [0x000000076ab00000,0x0000000787280000,0x0000000787280000)
  from space 15872K, 0% used [0x0000000787280000,0x0000000787280000,0x0000000788200000)
  to   space 22016K, 0% used [0x0000000795380000,0x0000000795380000,0x0000000796900000)
 ParOldGen       total 143360K, used 31727K [0x00000006c0000000, 0x00000006c8c00000, 0x000000076ab00000)
  object space 143360K, 22% used [0x00000006c0000000,0x00000006c1efbe98,0x00000006c8c00000)
 Metaspace       used 49851K, capacity 50542K, committed 50816K, reserved 1093632K
  class space    used 7002K, capacity 7189K, committed 7296K, reserved 1048576K
Event: 9.617 GC heap after
Heap after GC invocations=12 (full 2):
 PSYoungGen      total 647168K, used 20175K [0x000000076ab00000, 0x0000000796780000, 0x00000007c0000000)
  eden space 626688K, 0% used [0x000000076ab00000,0x000000076ab00000,0x0000000790f00000)
  from space 20480K, 98% used [0x0000000795380000,0x0000000796733df8,0x0000000796780000)
  to   space 24576K, 0% used [0x0000000793780000,0x0000000793780000,0x0000000794f80000)
 ParOldGen       total 143360K, used 31735K [0x00000006c0000000, 0x00000006c8c00000, 0x000000076ab00000)
  object space 143360K, 22% used [0x00000006c0000000,0x00000006c1efde98,0x00000006c8c00000)
 Metaspace       used 49851K, capacity 50542K, committed 50816K, reserved 1093632K
  class space    used 7002K, capacity 7189K, committed 7296K, reserved 1048576K
}
Event: 10.516 GC heap before
{Heap before GC invocations=13 (full 2):
 PSYoungGen      total 647168K, used 197898K [0x000000076ab00000, 0x0000000796780000, 0x00000007c0000000)
  eden space 626688K, 28% used [0x000000076ab00000,0x000000077588ebf0,0x0000000790f00000)
  from space 20480K, 98% used [0x0000000795380000,0x0000000796733df8,0x0000000796780000)
  to   space 24576K, 0% used [0x0000000793780000,0x0000000793780000,0x0000000794f80000)
 ParOldGen       total 143360K, used 31735K [0x00000006c0000000, 0x00000006c8c00000, 0x000000076ab00000)
  object space 143360K, 22% used [0x00000006c0000000,0x00000006c1efde98,0x00000006c8c00000)
 Metaspace       used 58140K, capacity 58972K, committed 59028K, reserved 1099776K
  class space    used 8224K, capacity 8438K, committed 8448K, reserved 1048576K
Event: 10.531 GC heap after
Heap after GC invocations=13 (full 2):
 PSYoungGen      total 692736K, used 9577K [0x000000076ab00000, 0x00000007a0300000, 0x00000007c0000000)
  eden space 668160K, 0% used [0x000000076ab00000,0x000000076ab00000,0x0000000793780000)
  from space 24576K, 38% used [0x0000000793780000,0x00000007940da6f8,0x0000000794f80000)
  to   space 23552K, 0% used [0x000000079ec00000,0x000000079ec00000,0x00000007a0300000)
 ParOldGen       total 143360K, used 38018K [0x00000006c0000000, 0x00000006c8c00000, 0x000000076ab00000)
  object space 143360K, 26% used [0x00000006c0000000,0x00000006c2520ad8,0x00000006c8c00000)
 Metaspace       used 58140K, capacity 58972K, committed 59028K, reserved 1099776K
  class space    used 8224K, capacity 8438K, committed 8448K, reserved 1048576K
}
Event: 10.531 GC heap before
{Heap before GC invocations=14 (full 3):
 PSYoungGen      total 692736K, used 9577K [0x000000076ab00000, 0x00000007a0300000, 0x00000007c0000000)
  eden space 668160K, 0% used [0x000000076ab00000,0x000000076ab00000,0x0000000793780000)
  from space 24576K, 38% used [0x0000000793780000,0x00000007940da6f8,0x0000000794f80000)
  to   space 23552K, 0% used [0x000000079ec00000,0x000000079ec00000,0x00000007a0300000)
 ParOldGen       total 143360K, used 38018K [0x00000006c0000000, 0x00000006c8c00000, 0x000000076ab00000)
  object space 143360K, 26% used [0x00000006c0000000,0x00000006c2520ad8,0x00000006c8c00000)
 Metaspace       used 58140K, capacity 58972K, committed 59028K, reserved 1099776K
  class space    used 8224K, capacity 8438K, committed 8448K, reserved 1048576K
Event: 10.660 GC heap after
Heap after GC invocations=14 (full 3):
 PSYoungGen      total 692736K, used 0K [0x000000076ab00000, 0x00000007a0300000, 0x00000007c0000000)
  eden space 668160K, 0% used [0x000000076ab00000,0x000000076ab00000,0x0000000793780000)
  from space 24576K, 0% used [0x0000000793780000,0x0000000793780000,0x0000000794f80000)
  to   space 23552K, 0% used [0x000000079ec00000,0x000000079ec00000,0x00000007a0300000)
 ParOldGen       total 181248K, used 37604K [0x00000006c0000000, 0x00000006cb100000, 0x000000076ab00000)
  object space 181248K, 20% used [0x00000006c0000000,0x00000006c24b91a0,0x00000006cb100000)
 Metaspace       used 58140K, capacity 58972K, committed 59028K, reserved 1099776K
  class space    used 8224K, capacity 8438K, committed 8448K, reserved 1048576K
}
Event: 57.036 GC heap before
{Heap before GC invocations=15 (full 3):
 PSYoungGen      total 692736K, used 668160K [0x000000076ab00000, 0x00000007a0300000, 0x00000007c0000000)
  eden space 668160K, 100% used [0x000000076ab00000,0x0000000793780000,0x0000000793780000)
  from space 24576K, 0% used [0x0000000793780000,0x0000000793780000,0x0000000794f80000)
  to   space 23552K, 0% used [0x000000079ec00000,0x000000079ec00000,0x00000007a0300000)
 ParOldGen       total 181248K, used 37612K [0x00000006c0000000, 0x00000006cb100000, 0x000000076ab00000)
  object space 181248K, 20% used [0x00000006c0000000,0x00000006c24bb088,0x00000006cb100000)
 Metaspace       used 69775K, capacity 71302K, committed 71552K, reserved 1110016K
  class space    used 9733K, capacity 10057K, committed 10112K, reserved 1048576K
Event: 57.065 GC heap after
Heap after GC invocations=15 (full 3):
 PSYoungGen      total 847360K, used 23520K [0x000000076ab00000, 0x00000007a2700000, 0x00000007c0000000)
  eden space 823808K, 0% used [0x000000076ab00000,0x000000076ab00000,0x000000079cf80000)
  from space 23552K, 99% used [0x000000079ec00000,0x00000007a02f8228,0x00000007a0300000)
  to   space 29184K, 0% used [0x000000079cf80000,0x000000079cf80000,0x000000079ec00000)
 ParOldGen       total 181248K, used 43728K [0x00000006c0000000, 0x00000006cb100000, 0x000000076ab00000)
  object space 181248K, 24% used [0x00000006c0000000,0x00000006c2ab4088,0x00000006cb100000)
 Metaspace       used 69775K, capacity 71302K, committed 71552K, reserved 1110016K
  class space    used 9733K, capacity 10057K, committed 10112K, reserved 1048576K
}

