# JRE version: Java(TM) SE Runtime Environment (8.0_60-b27) (build 1.8.0_60-b27)
# Java VM: Java HotSpot(TM) 64-Bit Server VM (25.60-b23 mixed mode bsd-amd64 compressed oops)
Heap:
 PSYoungGen      total 935936K, used 560749K [0x000000076ab00000, 0x00000007a6000000, 0x00000007c0000000)
  eden space 908800K, 61% used [0x000000076ab00000,0x000000078ce9b628,0x00000007a2280000)
  from space 27136K, 0% used [0x00000007a3d00000,0x00000007a3d00000,0x00000007a5780000)
  to   space 27136K, 0% used [0x00000007a2280000,0x00000007a2280000,0x00000007a3d00000)
 ParOldGen       total 160768K, used 31451K [0x00000006c0000000, 0x00000006c9d00000, 0x000000076ab00000)
  object space 160768K, 19% used [0x00000006c0000000,0x00000006c1eb6d90,0x00000006c9d00000)
 Metaspace       used 68865K, capacity 70324K, committed 70656K, reserved 1110016K
  class space    used 9608K, capacity 9926K, committed 9984K, reserved 1048576K
GC Heap History (10 events):
Event: 5.064 GC heap before
{Heap before GC invocations=11 (full 1):
 PSYoungGen      total 460288K, used 35324K [0x000000076ab00000, 0x0000000793a80000, 0x00000007c0000000)
  eden space 444416K, 4% used [0x000000076ab00000,0x000000076be01150,0x0000000785d00000)
  from space 15872K, 99% used [0x0000000785d00000,0x0000000786c7e088,0x0000000786c80000)
  to   space 21504K, 0% used [0x0000000792580000,0x0000000792580000,0x0000000793a80000)
 ParOldGen       total 91136K, used 17859K [0x00000006c0000000, 0x00000006c5900000, 0x000000076ab00000)
  object space 91136K, 19% used [0x00000006c0000000,0x00000006c1170f30,0x00000006c5900000)
 Metaspace       used 34764K, capacity 35342K, committed 35416K, reserved 1079296K
  class space    used 4670K, capacity 4833K, committed 4864K, reserved 1048576K
Event: 5.077 GC heap after
Heap after GC invocations=11 (full 1):
 PSYoungGen      total 650240K, used 5953K [0x000000076ab00000, 0x0000000795700000, 0x00000007c0000000)
  eden space 628736K, 0% used [0x000000076ab00000,0x000000076ab00000,0x0000000791100000)
  from space 21504K, 27% used [0x0000000792580000,0x0000000792b50438,0x0000000793a80000)
  to   space 20992K, 0% used [0x0000000791100000,0x0000000791100000,0x0000000792580000)
 ParOldGen       total 91136K, used 28422K [0x00000006c0000000, 0x00000006c5900000, 0x000000076ab00000)
  object space 91136K, 31% used [0x00000006c0000000,0x00000006c1bc19e0,0x00000006c5900000)
 Metaspace       used 34764K, capacity 35342K, committed 35416K, reserved 1079296K
  class space    used 4670K, capacity 4833K, committed 4864K, reserved 1048576K
}
Event: 5.077 GC heap before
{Heap before GC invocations=12 (full 2):
 PSYoungGen      total 650240K, used 5953K [0x000000076ab00000, 0x0000000795700000, 0x00000007c0000000)
  eden space 628736K, 0% used [0x000000076ab00000,0x000000076ab00000,0x0000000791100000)
  from space 21504K, 27% used [0x0000000792580000,0x0000000792b50438,0x0000000793a80000)
  to   space 20992K, 0% used [0x0000000791100000,0x0000000791100000,0x0000000792580000)
 ParOldGen       total 91136K, used 28422K [0x00000006c0000000, 0x00000006c5900000, 0x000000076ab00000)
  object space 91136K, 31% used [0x00000006c0000000,0x00000006c1bc19e0,0x00000006c5900000)
 Metaspace       used 34764K, capacity 35342K, committed 35416K, reserved 1079296K
  class space    used 4670K, capacity 4833K, committed 4864K, reserved 1048576K
Event: 5.130 GC heap after
Heap after GC invocations=12 (full 2):
 PSYoungGen      total 650240K, used 0K [0x000000076ab00000, 0x0000000795700000, 0x00000007c0000000)
  eden space 628736K, 0% used [0x000000076ab00000,0x000000076ab00000,0x0000000791100000)
  from space 21504K, 0% used [0x0000000792580000,0x0000000792580000,0x0000000793a80000)
  to   space 20992K, 0% used [0x0000000791100000,0x0000000791100000,0x0000000792580000)
 ParOldGen       total 131584K, used 23469K [0x00000006c0000000, 0x00000006c8080000, 0x000000076ab00000)
  object space 131584K, 17% used [0x00000006c0000000,0x00000006c16eb510,0x00000006c8080000)
 Metaspace       used 34764K, capacity 35342K, committed 35416K, reserved 1079296K
  class space    used 4670K, capacity 4833K, committed 4864K, reserved 1048576K
}
Event: 9.738 GC heap before
{Heap before GC invocations=13 (full 2):
 PSYoungGen      total 650240K, used 628736K [0x000000076ab00000, 0x0000000795700000, 0x00000007c0000000)
  eden space 628736K, 100% used [0x000000076ab00000,0x0000000791100000,0x0000000791100000)
  from space 21504K, 0% used [0x0000000792580000,0x0000000792580000,0x0000000793a80000)
  to   space 20992K, 0% used [0x0000000791100000,0x0000000791100000,0x0000000792580000)
 ParOldGen       total 131584K, used 23469K [0x00000006c0000000, 0x00000006c8080000, 0x000000076ab00000)
  object space 131584K, 17% used [0x00000006c0000000,0x00000006c16eb510,0x00000006c8080000)
 Metaspace       used 57152K, capacity 57968K, committed 58240K, reserved 1099776K
  class space    used 8069K, capacity 8276K, committed 8320K, reserved 1048576K
Event: 9.762 GC heap after
Heap after GC invocations=13 (full 2):
 PSYoungGen      total 649728K, used 20983K [0x000000076ab00000, 0x00000007a5780000, 0x00000007c0000000)
  eden space 628736K, 0% used [0x000000076ab00000,0x000000076ab00000,0x0000000791100000)
  from space 20992K, 99% used [0x0000000791100000,0x000000079257dcc8,0x0000000792580000)
  to   space 27136K, 0% used [0x00000007a3d00000,0x00000007a3d00000,0x00000007a5780000)
 ParOldGen       total 131584K, used 30845K [0x00000006c0000000, 0x00000006c8080000, 0x000000076ab00000)
  object space 131584K, 23% used [0x00000006c0000000,0x00000006c1e1f4a8,0x00000006c8080000)
 Metaspace       used 57152K, capacity 57968K, committed 58240K, reserved 1099776K
  class space    used 8069K, capacity 8276K, committed 8320K, reserved 1048576K
}
Event: 9.888 GC heap before
{Heap before GC invocations=14 (full 2):
 PSYoungGen      total 649728K, used 55498K [0x000000076ab00000, 0x00000007a5780000, 0x00000007c0000000)
  eden space 628736K, 5% used [0x000000076ab00000,0x000000076ccb4c98,0x0000000791100000)
  from space 20992K, 99% used [0x0000000791100000,0x000000079257dcc8,0x0000000792580000)
  to   space 27136K, 0% used [0x00000007a3d00000,0x00000007a3d00000,0x00000007a5780000)
 ParOldGen       total 131584K, used 30845K [0x00000006c0000000, 0x00000006c8080000, 0x000000076ab00000)
  object space 131584K, 23% used [0x00000006c0000000,0x00000006c1e1f4a8,0x00000006c8080000)
 Metaspace       used 58173K, capacity 58966K, committed 59028K, reserved 1099776K
  class space    used 8216K, capacity 8437K, committed 8448K, reserved 1048576K
Event: 9.899 GC heap after
Heap after GC invocations=14 (full 2):
 PSYoungGen      total 935936K, used 1480K [0x000000076ab00000, 0x00000007a6000000, 0x00000007c0000000)
  eden space 908800K, 0% used [0x000000076ab00000,0x000000076ab00000,0x00000007a2280000)
  from space 27136K, 5% used [0x00000007a3d00000,0x00000007a3e72328,0x00000007a5780000)
  to   space 27136K, 0% used [0x00000007a2280000,0x00000007a2280000,0x00000007a3d00000)
 ParOldGen       total 131584K, used 38714K [0x00000006c0000000, 0x00000006c8080000, 0x000000076ab00000)
  object space 131584K, 29% used [0x00000006c0000000,0x00000006c25ceb48,0x00000006c8080000)
 Metaspace       used 58173K, capacity 58966K, committed 59028K, reserved 1099776K
  class space    used 8216K, capacity 8437K, committed 8448K, reserved 1048576K
}
Event: 9.899 GC heap before
{Heap before GC invocations=15 (full 3):
 PSYoungGen      total 935936K, used 1480K [0x000000076ab00000, 0x00000007a6000000, 0x00000007c0000000)
  eden space 908800K, 0% used [0x000000076ab00000,0x000000076ab00000,0x00000007a2280000)
  from space 27136K, 5% used [0x00000007a3d00000,0x00000007a3e72328,0x00000007a5780000)
  to   space 27136K, 0% used [0x00000007a2280000,0x00000007a2280000,0x00000007a3d00000)
 ParOldGen       total 131584K, used 38714K [0x00000006c0000000, 0x00000006c8080000, 0x000000076ab00000)
  object space 131584K, 29% used [0x00000006c0000000,0x00000006c25ceb48,0x00000006c8080000)
 Metaspace       used 58173K, capacity 58966K, committed 59028K, reserved 1099776K
  class space    used 8216K, capacity 8437K, committed 8448K, reserved 1048576K
Event: 10.071 GC heap after
Heap after GC invocations=15 (full 3):
 PSYoungGen      total 935936K, used 0K [0x000000076ab00000, 0x00000007a6000000, 0x00000007c0000000)
  eden space 908800K, 0% used [0x000000076ab00000,0x000000076ab00000,0x00000007a2280000)
  from space 27136K, 0% used [0x00000007a3d00000,0x00000007a3d00000,0x00000007a5780000)
  to   space 27136K, 0% used [0x00000007a2280000,0x00000007a2280000,0x00000007a3d00000)
 ParOldGen       total 160768K, used 31451K [0x00000006c0000000, 0x00000006c9d00000, 0x000000076ab00000)
  object space 160768K, 19% used [0x00000006c0000000,0x00000006c1eb6d90,0x00000006c9d00000)
 Metaspace       used 58173K, capacity 58966K, committed 59028K, reserved 1099776K
  class space    used 8216K, capacity 8437K, committed 8448K, reserved 1048576K
}

