# JRE version: Java(TM) SE Runtime Environment (8.0_60-b27) (build 1.8.0_60-b27)
# Java VM: Java HotSpot(TM) 64-Bit Server VM (25.60-b23 mixed mode bsd-amd64 compressed oops)
Heap:
 PSYoungGen      total 941056K, used 718412K [0x000000076ab00000, 0x00000007a6180000, 0x00000007c0000000)
  eden space 914432K, 78% used [0x000000076ab00000,0x0000000796893278,0x00000007a2800000)
  from space 26624K, 0% used [0x00000007a4280000,0x00000007a4280000,0x00000007a5c80000)
  to   space 27136K, 0% used [0x00000007a2800000,0x00000007a2800000,0x00000007a4280000)
 ParOldGen       total 160256K, used 31268K [0x00000006c0000000, 0x00000006c9c80000, 0x000000076ab00000)
  object space 160256K, 19% used [0x00000006c0000000,0x00000006c1e89020,0x00000006c9c80000)
 Metaspace       used 69565K, capacity 71050K, committed 71296K, reserved 1110016K
  class space    used 9716K, capacity 10047K, committed 10112K, reserved 1048576K
GC Heap History (10 events):
Event: 4.454 GC heap before
{Heap before GC invocations=11 (full 1):
 PSYoungGen      total 464896K, used 35432K [0x000000076ab00000, 0x0000000794100000, 0x00000007c0000000)
  eden space 449024K, 4% used [0x000000076ab00000,0x000000076be1de08,0x0000000786180000)
  from space 15872K, 99% used [0x0000000786180000,0x00000007870fc4f8,0x0000000787100000)
  to   space 21504K, 0% used [0x0000000792c00000,0x0000000792c00000,0x0000000794100000)
 ParOldGen       total 89600K, used 17937K [0x00000006c0000000, 0x00000006c5780000, 0x000000076ab00000)
  object space 89600K, 20% used [0x00000006c0000000,0x00000006c1184518,0x00000006c5780000)
 Metaspace       used 34853K, capacity 35342K, committed 35416K, reserved 1079296K
  class space    used 4688K, capacity 4833K, committed 4864K, reserved 1048576K
Event: 4.466 GC heap after
Heap after GC invocations=11 (full 1):
 PSYoungGen      total 656896K, used 6061K [0x000000076ab00000, 0x0000000795b00000, 0x00000007c0000000)
  eden space 635392K, 0% used [0x000000076ab00000,0x000000076ab00000,0x0000000791780000)
  from space 21504K, 28% used [0x0000000792c00000,0x00000007931eb5e8,0x0000000794100000)
  to   space 20992K, 0% used [0x0000000791780000,0x0000000791780000,0x0000000792c00000)
 ParOldGen       total 89600K, used 28539K [0x00000006c0000000, 0x00000006c5780000, 0x000000076ab00000)
  object space 89600K, 31% used [0x00000006c0000000,0x00000006c1bdede8,0x00000006c5780000)
 Metaspace       used 34853K, capacity 35342K, committed 35416K, reserved 1079296K
  class space    used 4688K, capacity 4833K, committed 4864K, reserved 1048576K
}
Event: 4.466 GC heap before
{Heap before GC invocations=12 (full 2):
 PSYoungGen      total 656896K, used 6061K [0x000000076ab00000, 0x0000000795b00000, 0x00000007c0000000)
  eden space 635392K, 0% used [0x000000076ab00000,0x000000076ab00000,0x0000000791780000)
  from space 21504K, 28% used [0x0000000792c00000,0x00000007931eb5e8,0x0000000794100000)
  to   space 20992K, 0% used [0x0000000791780000,0x0000000791780000,0x0000000792c00000)
 ParOldGen       total 89600K, used 28539K [0x00000006c0000000, 0x00000006c5780000, 0x000000076ab00000)
  object space 89600K, 31% used [0x00000006c0000000,0x00000006c1bdede8,0x00000006c5780000)
 Metaspace       used 34853K, capacity 35342K, committed 35416K, reserved 1079296K
  class space    used 4688K, capacity 4833K, committed 4864K, reserved 1048576K
Event: 4.522 GC heap after
Heap after GC invocations=12 (full 2):
 PSYoungGen      total 656896K, used 0K [0x000000076ab00000, 0x0000000795b00000, 0x00000007c0000000)
  eden space 635392K, 0% used [0x000000076ab00000,0x000000076ab00000,0x0000000791780000)
  from space 21504K, 0% used [0x0000000792c00000,0x0000000792c00000,0x0000000794100000)
  to   space 20992K, 0% used [0x0000000791780000,0x0000000791780000,0x0000000792c00000)
 ParOldGen       total 131072K, used 23530K [0x00000006c0000000, 0x00000006c8000000, 0x000000076ab00000)
  object space 131072K, 17% used [0x00000006c0000000,0x00000006c16fa838,0x00000006c8000000)
 Metaspace       used 34853K, capacity 35342K, committed 35416K, reserved 1079296K
  class space    used 4688K, capacity 4833K, committed 4864K, reserved 1048576K
}
Event: 8.738 GC heap before
{Heap before GC invocations=13 (full 2):
 PSYoungGen      total 656896K, used 635392K [0x000000076ab00000, 0x0000000795b00000, 0x00000007c0000000)
  eden space 635392K, 100% used [0x000000076ab00000,0x0000000791780000,0x0000000791780000)
  from space 21504K, 0% used [0x0000000792c00000,0x0000000792c00000,0x0000000794100000)
  to   space 20992K, 0% used [0x0000000791780000,0x0000000791780000,0x0000000792c00000)
 ParOldGen       total 131072K, used 23530K [0x00000006c0000000, 0x00000006c8000000, 0x000000076ab00000)
  object space 131072K, 17% used [0x00000006c0000000,0x00000006c16fa838,0x00000006c8000000)
 Metaspace       used 56310K, capacity 57118K, committed 57472K, reserved 1097728K
  class space    used 7988K, capacity 8219K, committed 8320K, reserved 1048576K
Event: 8.764 GC heap after
Heap after GC invocations=13 (full 2):
 PSYoungGen      total 656384K, used 20977K [0x000000076ab00000, 0x00000007a5c80000, 0x00000007c0000000)
  eden space 635392K, 0% used [0x000000076ab00000,0x000000076ab00000,0x0000000791780000)
  from space 20992K, 99% used [0x0000000791780000,0x0000000792bfc488,0x0000000792c00000)
  to   space 26624K, 0% used [0x00000007a4280000,0x00000007a4280000,0x00000007a5c80000)
 ParOldGen       total 131072K, used 30551K [0x00000006c0000000, 0x00000006c8000000, 0x000000076ab00000)
  object space 131072K, 23% used [0x00000006c0000000,0x00000006c1dd5de0,0x00000006c8000000)
 Metaspace       used 56310K, capacity 57118K, committed 57472K, reserved 1097728K
  class space    used 7988K, capacity 8219K, committed 8320K, reserved 1048576K
}
Event: 8.897 GC heap before
{Heap before GC invocations=14 (full 2):
 PSYoungGen      total 656384K, used 60118K [0x000000076ab00000, 0x00000007a5c80000, 0x00000007c0000000)
  eden space 635392K, 6% used [0x000000076ab00000,0x000000076d1393b8,0x0000000791780000)
  from space 20992K, 99% used [0x0000000791780000,0x0000000792bfc488,0x0000000792c00000)
  to   space 26624K, 0% used [0x00000007a4280000,0x00000007a4280000,0x00000007a5c80000)
 ParOldGen       total 131072K, used 30551K [0x00000006c0000000, 0x00000006c8000000, 0x000000076ab00000)
  object space 131072K, 23% used [0x00000006c0000000,0x00000006c1dd5de0,0x00000006c8000000)
 Metaspace       used 57726K, capacity 58880K, committed 59008K, reserved 1099776K
  class space    used 8211K, capacity 8488K, committed 8576K, reserved 1048576K
Event: 8.906 GC heap after
Heap after GC invocations=14 (full 2):
 PSYoungGen      total 941056K, used 1334K [0x000000076ab00000, 0x00000007a6180000, 0x00000007c0000000)
  eden space 914432K, 0% used [0x000000076ab00000,0x000000076ab00000,0x00000007a2800000)
  from space 26624K, 5% used [0x00000007a4280000,0x00000007a43cdae8,0x00000007a5c80000)
  to   space 27136K, 0% used [0x00000007a2800000,0x00000007a2800000,0x00000007a4280000)
 ParOldGen       total 131072K, used 38369K [0x00000006c0000000, 0x00000006c8000000, 0x000000076ab00000)
  object space 131072K, 29% used [0x00000006c0000000,0x00000006c2578640,0x00000006c8000000)
 Metaspace       used 57726K, capacity 58880K, committed 59008K, reserved 1099776K
  class space    used 8211K, capacity 8488K, committed 8576K, reserved 1048576K
}
Event: 8.906 GC heap before
{Heap before GC invocations=15 (full 3):
 PSYoungGen      total 941056K, used 1334K [0x000000076ab00000, 0x00000007a6180000, 0x00000007c0000000)
  eden space 914432K, 0% used [0x000000076ab00000,0x000000076ab00000,0x00000007a2800000)
  from space 26624K, 5% used [0x00000007a4280000,0x00000007a43cdae8,0x00000007a5c80000)
  to   space 27136K, 0% used [0x00000007a2800000,0x00000007a2800000,0x00000007a4280000)
 ParOldGen       total 131072K, used 38369K [0x00000006c0000000, 0x00000006c8000000, 0x000000076ab00000)
  object space 131072K, 29% used [0x00000006c0000000,0x00000006c2578640,0x00000006c8000000)
 Metaspace       used 57726K, capacity 58880K, committed 59008K, reserved 1099776K
  class space    used 8211K, capacity 8488K, committed 8576K, reserved 1048576K
Event: 9.076 GC heap after
Heap after GC invocations=15 (full 3):
 PSYoungGen      total 941056K, used 0K [0x000000076ab00000, 0x00000007a6180000, 0x00000007c0000000)
  eden space 914432K, 0% used [0x000000076ab00000,0x000000076ab00000,0x00000007a2800000)
  from space 26624K, 0% used [0x00000007a4280000,0x00000007a4280000,0x00000007a5c80000)
  to   space 27136K, 0% used [0x00000007a2800000,0x00000007a2800000,0x00000007a4280000)
 ParOldGen       total 160256K, used 31268K [0x00000006c0000000, 0x00000006c9c80000, 0x000000076ab00000)
  object space 160256K, 19% used [0x00000006c0000000,0x00000006c1e89020,0x00000006c9c80000)
 Metaspace       used 57726K, capacity 58880K, committed 59008K, reserved 1099776K
  class space    used 8211K, capacity 8488K, committed 8576K, reserved 1048576K
}

