# JRE version: Java(TM) SE Runtime Environment (8.0_60-b27) (build 1.8.0_60-b27)
# Java VM: Java HotSpot(TM) 64-Bit Server VM (25.60-b23 mixed mode bsd-amd64 compressed oops)
Heap:
 PSYoungGen      total 887808K, used 591613K [0x000000076ab00000, 0x00000007b7c00000, 0x00000007c0000000)
  eden space 864768K, 68% used [0x000000076ab00000,0x000000078ecbf6b0,0x000000079f780000)
  from space 23040K, 0% used [0x000000079f780000,0x000000079f780000,0x00000007a0e00000)
  to   space 29184K, 0% used [0x00000007b5f80000,0x00000007b5f80000,0x00000007b7c00000)
 ParOldGen       total 174080K, used 50672K [0x00000006c0000000, 0x00000006caa00000, 0x000000076ab00000)
  object space 174080K, 29% used [0x00000006c0000000,0x00000006c317c138,0x00000006caa00000)
 Metaspace       used 69639K, capacity 71150K, committed 71552K, reserved 1110016K
  class space    used 9712K, capacity 10053K, committed 10112K, reserved 1048576K
GC Heap History (10 events):
Event: 3.971 GC heap before
{Heap before GC invocations=8 (full 1):
 PSYoungGen      total 494080K, used 493934K [0x000000076ab00000, 0x000000078c600000, 0x00000007c0000000)
  eden space 480256K, 100% used [0x000000076ab00000,0x0000000788000000,0x0000000788000000)
  from space 13824K, 98% used [0x000000078b880000,0x000000078c5dbad0,0x000000078c600000)
  to   space 16384K, 0% used [0x000000078a600000,0x000000078a600000,0x000000078b600000)
 ParOldGen       total 84480K, used 7917K [0x00000006c0000000, 0x00000006c5280000, 0x000000076ab00000)
  object space 84480K, 9% used [0x00000006c0000000,0x00000006c07bb4f8,0x00000006c5280000)
 Metaspace       used 28835K, capacity 29324K, committed 29440K, reserved 1075200K
  class space    used 3674K, capacity 3813K, committed 3840K, reserved 1048576K
Event: 3.987 GC heap after
Heap after GC invocations=8 (full 1):
 PSYoungGen      total 535552K, used 16364K [0x000000076ab00000, 0x00000007a2080000, 0x00000007c0000000)
  eden space 519168K, 0% used [0x000000076ab00000,0x000000076ab00000,0x000000078a600000)
  from space 16384K, 99% used [0x000000078a600000,0x000000078b5fb120,0x000000078b600000)
  to   space 18944K, 0% used [0x00000007a0e00000,0x00000007a0e00000,0x00000007a2080000)
 ParOldGen       total 84480K, used 8148K [0x00000006c0000000, 0x00000006c5280000, 0x000000076ab00000)
  object space 84480K, 9% used [0x00000006c0000000,0x00000006c07f50a0,0x00000006c5280000)
 Metaspace       used 28835K, capacity 29324K, committed 29440K, reserved 1075200K
  class space    used 3674K, capacity 3813K, committed 3840K, reserved 1048576K
}
Event: 5.387 GC heap before
{Heap before GC invocations=9 (full 1):
 PSYoungGen      total 535552K, used 279984K [0x000000076ab00000, 0x00000007a2080000, 0x00000007c0000000)
  eden space 519168K, 50% used [0x000000076ab00000,0x000000077ac71070,0x000000078a600000)
  from space 16384K, 99% used [0x000000078a600000,0x000000078b5fb120,0x000000078b600000)
  to   space 18944K, 0% used [0x00000007a0e00000,0x00000007a0e00000,0x00000007a2080000)
 ParOldGen       total 84480K, used 8148K [0x00000006c0000000, 0x00000006c5280000, 0x000000076ab00000)
  object space 84480K, 9% used [0x00000006c0000000,0x00000006c07f50a0,0x00000006c5280000)
 Metaspace       used 34795K, capacity 35342K, committed 35416K, reserved 1079296K
  class space    used 4680K, capacity 4833K, committed 4864K, reserved 1048576K
Event: 5.406 GC heap after
Heap after GC invocations=9 (full 1):
 PSYoungGen      total 883712K, used 18921K [0x000000076ab00000, 0x00000007a5b80000, 0x00000007c0000000)
  eden space 864768K, 0% used [0x000000076ab00000,0x000000076ab00000,0x000000079f780000)
  from space 18944K, 99% used [0x00000007a0e00000,0x00000007a207a4d0,0x00000007a2080000)
  to   space 23040K, 0% used [0x000000079f780000,0x000000079f780000,0x00000007a0e00000)
 ParOldGen       total 84480K, used 10503K [0x00000006c0000000, 0x00000006c5280000, 0x000000076ab00000)
  object space 84480K, 12% used [0x00000006c0000000,0x00000006c0a41de8,0x00000006c5280000)
 Metaspace       used 34795K, capacity 35342K, committed 35416K, reserved 1079296K
  class space    used 4680K, capacity 4833K, committed 4864K, reserved 1048576K
}
Event: 5.406 GC heap before
{Heap before GC invocations=10 (full 2):
 PSYoungGen      total 883712K, used 18921K [0x000000076ab00000, 0x00000007a5b80000, 0x00000007c0000000)
  eden space 864768K, 0% used [0x000000076ab00000,0x000000076ab00000,0x000000079f780000)
  from space 18944K, 99% used [0x00000007a0e00000,0x00000007a207a4d0,0x00000007a2080000)
  to   space 23040K, 0% used [0x000000079f780000,0x000000079f780000,0x00000007a0e00000)
 ParOldGen       total 84480K, used 10503K [0x00000006c0000000, 0x00000006c5280000, 0x000000076ab00000)
  object space 84480K, 12% used [0x00000006c0000000,0x00000006c0a41de8,0x00000006c5280000)
 Metaspace       used 34795K, capacity 35342K, committed 35416K, reserved 1079296K
  class space    used 4680K, capacity 4833K, committed 4864K, reserved 1048576K
Event: 5.485 GC heap after
Heap after GC invocations=10 (full 2):
 PSYoungGen      total 883712K, used 0K [0x000000076ab00000, 0x00000007a5b80000, 0x00000007c0000000)
  eden space 864768K, 0% used [0x000000076ab00000,0x000000076ab00000,0x000000079f780000)
  from space 18944K, 0% used [0x00000007a0e00000,0x00000007a0e00000,0x00000007a2080000)
  to   space 23040K, 0% used [0x000000079f780000,0x000000079f780000,0x00000007a0e00000)
 ParOldGen       total 126976K, used 27731K [0x00000006c0000000, 0x00000006c7c00000, 0x000000076ab00000)
  object space 126976K, 21% used [0x00000006c0000000,0x00000006c1b14fe8,0x00000006c7c00000)
 Metaspace       used 34795K, capacity 35342K, committed 35416K, reserved 1079296K
  class space    used 4680K, capacity 4833K, committed 4864K, reserved 1048576K
}
Event: 10.170 GC heap before
{Heap before GC invocations=11 (full 2):
 PSYoungGen      total 883712K, used 682628K [0x000000076ab00000, 0x00000007a5b80000, 0x00000007c0000000)
  eden space 864768K, 78% used [0x000000076ab00000,0x00000007945a11a0,0x000000079f780000)
  from space 18944K, 0% used [0x00000007a0e00000,0x00000007a0e00000,0x00000007a2080000)
  to   space 23040K, 0% used [0x000000079f780000,0x000000079f780000,0x00000007a0e00000)
 ParOldGen       total 126976K, used 27731K [0x00000006c0000000, 0x00000006c7c00000, 0x000000076ab00000)
  object space 126976K, 21% used [0x00000006c0000000,0x00000006c1b14fe8,0x00000006c7c00000)
 Metaspace       used 58074K, capacity 58902K, committed 59028K, reserved 1099776K
  class space    used 8207K, capacity 8437K, committed 8448K, reserved 1048576K
Event: 10.197 GC heap after
Heap after GC invocations=11 (full 2):
 PSYoungGen      total 887808K, used 23017K [0x000000076ab00000, 0x00000007b7c00000, 0x00000007c0000000)
  eden space 864768K, 0% used [0x000000076ab00000,0x000000076ab00000,0x000000079f780000)
  from space 23040K, 99% used [0x000000079f780000,0x00000007a0dfa510,0x00000007a0e00000)
  to   space 29184K, 0% used [0x00000007b5f80000,0x00000007b5f80000,0x00000007b7c00000)
 ParOldGen       total 126976K, used 34470K [0x00000006c0000000, 0x00000006c7c00000, 0x000000076ab00000)
  object space 126976K, 27% used [0x00000006c0000000,0x00000006c21a99c8,0x00000006c7c00000)
 Metaspace       used 58074K, capacity 58902K, committed 59028K, reserved 1099776K
  class space    used 8207K, capacity 8437K, committed 8448K, reserved 1048576K
}
Event: 10.197 GC heap before
{Heap before GC invocations=12 (full 3):
 PSYoungGen      total 887808K, used 23017K [0x000000076ab00000, 0x00000007b7c00000, 0x00000007c0000000)
  eden space 864768K, 0% used [0x000000076ab00000,0x000000076ab00000,0x000000079f780000)
  from space 23040K, 99% used [0x000000079f780000,0x00000007a0dfa510,0x00000007a0e00000)
  to   space 29184K, 0% used [0x00000007b5f80000,0x00000007b5f80000,0x00000007b7c00000)
 ParOldGen       total 126976K, used 34470K [0x00000006c0000000, 0x00000006c7c00000, 0x000000076ab00000)
  object space 126976K, 27% used [0x00000006c0000000,0x00000006c21a99c8,0x00000006c7c00000)
 Metaspace       used 58074K, capacity 58902K, committed 59028K, reserved 1099776K
  class space    used 8207K, capacity 8437K, committed 8448K, reserved 1048576K
Event: 10.322 GC heap after
Heap after GC invocations=12 (full 3):
 PSYoungGen      total 887808K, used 0K [0x000000076ab00000, 0x00000007b7c00000, 0x00000007c0000000)
  eden space 864768K, 0% used [0x000000076ab00000,0x000000076ab00000,0x000000079f780000)
  from space 23040K, 0% used [0x000000079f780000,0x000000079f780000,0x00000007a0e00000)
  to   space 29184K, 0% used [0x00000007b5f80000,0x00000007b5f80000,0x00000007b7c00000)
 ParOldGen       total 174080K, used 50672K [0x00000006c0000000, 0x00000006caa00000, 0x000000076ab00000)
  object space 174080K, 29% used [0x00000006c0000000,0x00000006c317c138,0x00000006caa00000)
 Metaspace       used 58074K, capacity 58902K, committed 59028K, reserved 1099776K
  class space    used 8207K, capacity 8437K, committed 8448K, reserved 1048576K
}

