# JRE version: Java(TM) SE Runtime Environment (8.0_60-b27) (build 1.8.0_60-b27)
# Java VM: Java HotSpot(TM) 64-Bit Server VM (25.60-b23 mixed mode bsd-amd64 compressed oops)
Heap:
 PSYoungGen      total 784896K, used 697830K [0x000000076ab00000, 0x00000007abb80000, 0x00000007c0000000)
  eden space 761856K, 91% used [0x000000076ab00000,0x0000000795479918,0x0000000799300000)
  from space 23040K, 0% used [0x0000000799300000,0x0000000799300000,0x000000079a980000)
  to   space 29184K, 0% used [0x00000007a9f00000,0x00000007a9f00000,0x00000007abb80000)
 ParOldGen       total 204288K, used 50647K [0x00000006c0000000, 0x00000006cc780000, 0x000000076ab00000)
  object space 204288K, 24% used [0x00000006c0000000,0x00000006c3175e18,0x00000006cc780000)
 Metaspace       used 70292K, capacity 71760K, committed 71936K, reserved 1112064K
  class space    used 9786K, capacity 10122K, committed 10240K, reserved 1048576K
GC Heap History (10 events):
Event: 3.545 GC heap before
{Heap before GC invocations=8 (full 1):
 PSYoungGen      total 464896K, used 464622K [0x000000076ab00000, 0x000000078c600000, 0x00000007c0000000)
  eden space 451072K, 99% used [0x000000076ab00000,0x000000078637e568,0x0000000786380000)
  from space 13824K, 98% used [0x000000078b880000,0x000000078c5bd600,0x000000078c600000)
  to   space 15872K, 0% used [0x000000078a700000,0x000000078a700000,0x000000078b680000)
 ParOldGen       total 91136K, used 7917K [0x00000006c0000000, 0x00000006c5900000, 0x000000076ab00000)
  object space 91136K, 8% used [0x00000006c0000000,0x00000006c07bb480,0x00000006c5900000)
 Metaspace       used 28813K, capacity 29318K, committed 29440K, reserved 1075200K
  class space    used 3670K, capacity 3812K, committed 3840K, reserved 1048576K
Event: 3.556 GC heap after
Heap after GC invocations=8 (full 1):
 PSYoungGen      total 536064K, used 14220K [0x000000076ab00000, 0x000000079bb00000, 0x00000007c0000000)
  eden space 520192K, 0% used [0x000000076ab00000,0x000000076ab00000,0x000000078a700000)
  from space 15872K, 89% used [0x000000078a700000,0x000000078b4e33f0,0x000000078b680000)
  to   space 17920K, 0% used [0x000000079a980000,0x000000079a980000,0x000000079bb00000)
 ParOldGen       total 91136K, used 7925K [0x00000006c0000000, 0x00000006c5900000, 0x000000076ab00000)
  object space 91136K, 8% used [0x00000006c0000000,0x00000006c07bd480,0x00000006c5900000)
 Metaspace       used 28813K, capacity 29318K, committed 29440K, reserved 1075200K
  class space    used 3670K, capacity 3812K, committed 3840K, reserved 1048576K
}
Event: 4.796 GC heap before
{Heap before GC invocations=9 (full 1):
 PSYoungGen      total 536064K, used 291313K [0x000000076ab00000, 0x000000079bb00000, 0x00000007c0000000)
  eden space 520192K, 53% used [0x000000076ab00000,0x000000077b999028,0x000000078a700000)
  from space 15872K, 89% used [0x000000078a700000,0x000000078b4e33f0,0x000000078b680000)
  to   space 17920K, 0% used [0x000000079a980000,0x000000079a980000,0x000000079bb00000)
 ParOldGen       total 91136K, used 7925K [0x00000006c0000000, 0x00000006c5900000, 0x000000076ab00000)
  object space 91136K, 8% used [0x00000006c0000000,0x00000006c07bd480,0x00000006c5900000)
 Metaspace       used 34801K, capacity 35342K, committed 35416K, reserved 1079296K
  class space    used 4675K, capacity 4833K, committed 4864K, reserved 1048576K
Event: 4.816 GC heap after
Heap after GC invocations=9 (full 1):
 PSYoungGen      total 779776K, used 17891K [0x000000076ab00000, 0x00000007a2580000, 0x00000007c0000000)
  eden space 761856K, 0% used [0x000000076ab00000,0x000000076ab00000,0x0000000799300000)
  from space 17920K, 99% used [0x000000079a980000,0x000000079baf8e68,0x000000079bb00000)
  to   space 23040K, 0% used [0x0000000799300000,0x0000000799300000,0x000000079a980000)
 ParOldGen       total 91136K, used 13626K [0x00000006c0000000, 0x00000006c5900000, 0x000000076ab00000)
  object space 91136K, 14% used [0x00000006c0000000,0x00000006c0d4e920,0x00000006c5900000)
 Metaspace       used 34801K, capacity 35342K, committed 35416K, reserved 1079296K
  class space    used 4675K, capacity 4833K, committed 4864K, reserved 1048576K
}
Event: 4.816 GC heap before
{Heap before GC invocations=10 (full 2):
 PSYoungGen      total 779776K, used 17891K [0x000000076ab00000, 0x00000007a2580000, 0x00000007c0000000)
  eden space 761856K, 0% used [0x000000076ab00000,0x000000076ab00000,0x0000000799300000)
  from space 17920K, 99% used [0x000000079a980000,0x000000079baf8e68,0x000000079bb00000)
  to   space 23040K, 0% used [0x0000000799300000,0x0000000799300000,0x000000079a980000)
 ParOldGen       total 91136K, used 13626K [0x00000006c0000000, 0x00000006c5900000, 0x000000076ab00000)
  object space 91136K, 14% used [0x00000006c0000000,0x00000006c0d4e920,0x00000006c5900000)
 Metaspace       used 34801K, capacity 35342K, committed 35416K, reserved 1079296K
  class space    used 4675K, capacity 4833K, committed 4864K, reserved 1048576K
Event: 4.900 GC heap after
Heap after GC invocations=10 (full 2):
 PSYoungGen      total 779776K, used 0K [0x000000076ab00000, 0x00000007a2580000, 0x00000007c0000000)
  eden space 761856K, 0% used [0x000000076ab00000,0x000000076ab00000,0x0000000799300000)
  from space 17920K, 0% used [0x000000079a980000,0x000000079a980000,0x000000079bb00000)
  to   space 23040K, 0% used [0x0000000799300000,0x0000000799300000,0x000000079a980000)
 ParOldGen       total 148992K, used 30050K [0x00000006c0000000, 0x00000006c9180000, 0x000000076ab00000)
  object space 148992K, 20% used [0x00000006c0000000,0x00000006c1d58ba0,0x00000006c9180000)
 Metaspace       used 34801K, capacity 35342K, committed 35416K, reserved 1079296K
  class space    used 4675K, capacity 4833K, committed 4864K, reserved 1048576K
}
Event: 9.250 GC heap before
{Heap before GC invocations=11 (full 2):
 PSYoungGen      total 779776K, used 676885K [0x000000076ab00000, 0x00000007a2580000, 0x00000007c0000000)
  eden space 761856K, 88% used [0x000000076ab00000,0x00000007940055c0,0x0000000799300000)
  from space 17920K, 0% used [0x000000079a980000,0x000000079a980000,0x000000079bb00000)
  to   space 23040K, 0% used [0x0000000799300000,0x0000000799300000,0x000000079a980000)
 ParOldGen       total 148992K, used 30050K [0x00000006c0000000, 0x00000006c9180000, 0x000000076ab00000)
  object space 148992K, 20% used [0x00000006c0000000,0x00000006c1d58ba0,0x00000006c9180000)
 Metaspace       used 58171K, capacity 58966K, committed 59028K, reserved 1099776K
  class space    used 8215K, capacity 8437K, committed 8448K, reserved 1048576K
Event: 9.281 GC heap after
Heap after GC invocations=11 (full 2):
 PSYoungGen      total 784896K, used 23030K [0x000000076ab00000, 0x00000007abb80000, 0x00000007c0000000)
  eden space 761856K, 0% used [0x000000076ab00000,0x000000076ab00000,0x0000000799300000)
  from space 23040K, 99% used [0x0000000799300000,0x000000079a97d818,0x000000079a980000)
  to   space 29184K, 0% used [0x00000007a9f00000,0x00000007a9f00000,0x00000007abb80000)
 ParOldGen       total 148992K, used 36589K [0x00000006c0000000, 0x00000006c9180000, 0x000000076ab00000)
  object space 148992K, 24% used [0x00000006c0000000,0x00000006c23bb6d0,0x00000006c9180000)
 Metaspace       used 58171K, capacity 58966K, committed 59028K, reserved 1099776K
  class space    used 8215K, capacity 8437K, committed 8448K, reserved 1048576K
}
Event: 9.281 GC heap before
{Heap before GC invocations=12 (full 3):
 PSYoungGen      total 784896K, used 23030K [0x000000076ab00000, 0x00000007abb80000, 0x00000007c0000000)
  eden space 761856K, 0% used [0x000000076ab00000,0x000000076ab00000,0x0000000799300000)
  from space 23040K, 99% used [0x0000000799300000,0x000000079a97d818,0x000000079a980000)
  to   space 29184K, 0% used [0x00000007a9f00000,0x00000007a9f00000,0x00000007abb80000)
 ParOldGen       total 148992K, used 36589K [0x00000006c0000000, 0x00000006c9180000, 0x000000076ab00000)
  object space 148992K, 24% used [0x00000006c0000000,0x00000006c23bb6d0,0x00000006c9180000)
 Metaspace       used 58171K, capacity 58966K, committed 59028K, reserved 1099776K
  class space    used 8215K, capacity 8437K, committed 8448K, reserved 1048576K
Event: 9.395 GC heap after
Heap after GC invocations=12 (full 3):
 PSYoungGen      total 784896K, used 0K [0x000000076ab00000, 0x00000007abb80000, 0x00000007c0000000)
  eden space 761856K, 0% used [0x000000076ab00000,0x000000076ab00000,0x0000000799300000)
  from space 23040K, 0% used [0x0000000799300000,0x0000000799300000,0x000000079a980000)
  to   space 29184K, 0% used [0x00000007a9f00000,0x00000007a9f00000,0x00000007abb80000)
 ParOldGen       total 204288K, used 50647K [0x00000006c0000000, 0x00000006cc780000, 0x000000076ab00000)
  object space 204288K, 24% used [0x00000006c0000000,0x00000006c3175e18,0x00000006cc780000)
 Metaspace       used 58171K, capacity 58966K, committed 59028K, reserved 1099776K
  class space    used 8215K, capacity 8437K, committed 8448K, reserved 1048576K
}

