# JRE version: Java(TM) SE Runtime Environment (8.0_60-b27) (build 1.8.0_60-b27)
# Java VM: Java HotSpot(TM) 64-Bit Server VM (25.60-b23 mixed mode bsd-amd64 compressed oops)
Heap:
 PSYoungGen      total 963072K, used 654049K [0x000000076ab00000, 0x00000007a7300000, 0x00000007c0000000)
  eden space 936960K, 69% used [0x000000076ab00000,0x00000007929b8610,0x00000007a3e00000)
  from space 26112K, 0% used [0x00000007a5980000,0x00000007a5980000,0x00000007a7300000)
  to   space 27136K, 0% used [0x00000007a3e00000,0x00000007a3e00000,0x00000007a5880000)
 ParOldGen       total 156160K, used 31775K [0x00000006c0000000, 0x00000006c9880000, 0x000000076ab00000)
  object space 156160K, 20% used [0x00000006c0000000,0x00000006c1f07d98,0x00000006c9880000)
 Metaspace       used 69424K, capacity 70876K, committed 71040K, reserved 1110016K
  class space    used 9678K, capacity 9996K, committed 10112K, reserved 1048576K
GC Heap History (10 events):
Event: 4.857 GC heap before
{Heap before GC invocations=11 (full 1):
 PSYoungGen      total 466944K, used 35352K [0x000000076ab00000, 0x0000000794880000, 0x00000007c0000000)
  eden space 451072K, 4% used [0x000000076ab00000,0x000000076be098f0,0x0000000786380000)
  from space 15872K, 99% used [0x0000000786380000,0x00000007872fcaf0,0x0000000787300000)
  to   space 21504K, 0% used [0x0000000793380000,0x0000000793380000,0x0000000794880000)
 ParOldGen       total 89088K, used 17947K [0x00000006c0000000, 0x00000006c5700000, 0x000000076ab00000)
  object space 89088K, 20% used [0x00000006c0000000,0x00000006c1186d80,0x00000006c5700000)
 Metaspace       used 34791K, capacity 35342K, committed 35416K, reserved 1079296K
  class space    used 4678K, capacity 4833K, committed 4864K, reserved 1048576K
Event: 4.873 GC heap after
Heap after GC invocations=11 (full 1):
 PSYoungGen      total 664576K, used 5901K [0x000000076ab00000, 0x0000000796a00000, 0x00000007c0000000)
  eden space 643072K, 0% used [0x000000076ab00000,0x000000076ab00000,0x0000000791f00000)
  from space 21504K, 27% used [0x0000000793380000,0x0000000793943560,0x0000000794880000)
  to   space 20992K, 0% used [0x0000000791f00000,0x0000000791f00000,0x0000000793380000)
 ParOldGen       total 89088K, used 28551K [0x00000006c0000000, 0x00000006c5700000, 0x000000076ab00000)
  object space 89088K, 32% used [0x00000006c0000000,0x00000006c1be1e48,0x00000006c5700000)
 Metaspace       used 34791K, capacity 35342K, committed 35416K, reserved 1079296K
  class space    used 4678K, capacity 4833K, committed 4864K, reserved 1048576K
}
Event: 4.873 GC heap before
{Heap before GC invocations=12 (full 2):
 PSYoungGen      total 664576K, used 5901K [0x000000076ab00000, 0x0000000796a00000, 0x00000007c0000000)
  eden space 643072K, 0% used [0x000000076ab00000,0x000000076ab00000,0x0000000791f00000)
  from space 21504K, 27% used [0x0000000793380000,0x0000000793943560,0x0000000794880000)
  to   space 20992K, 0% used [0x0000000791f00000,0x0000000791f00000,0x0000000793380000)
 ParOldGen       total 89088K, used 28551K [0x00000006c0000000, 0x00000006c5700000, 0x000000076ab00000)
  object space 89088K, 32% used [0x00000006c0000000,0x00000006c1be1e48,0x00000006c5700000)
 Metaspace       used 34791K, capacity 35342K, committed 35416K, reserved 1079296K
  class space    used 4678K, capacity 4833K, committed 4864K, reserved 1048576K
Event: 4.932 GC heap after
Heap after GC invocations=12 (full 2):
 PSYoungGen      total 664576K, used 0K [0x000000076ab00000, 0x0000000796a00000, 0x00000007c0000000)
  eden space 643072K, 0% used [0x000000076ab00000,0x000000076ab00000,0x0000000791f00000)
  from space 21504K, 0% used [0x0000000793380000,0x0000000793380000,0x0000000794880000)
  to   space 20992K, 0% used [0x0000000791f00000,0x0000000791f00000,0x0000000793380000)
 ParOldGen       total 128000K, used 23480K [0x00000006c0000000, 0x00000006c7d00000, 0x000000076ab00000)
  object space 128000K, 18% used [0x00000006c0000000,0x00000006c16ee318,0x00000006c7d00000)
 Metaspace       used 34791K, capacity 35342K, committed 35416K, reserved 1079296K
  class space    used 4678K, capacity 4833K, committed 4864K, reserved 1048576K
}
Event: 9.325 GC heap before
{Heap before GC invocations=13 (full 2):
 PSYoungGen      total 664576K, used 643072K [0x000000076ab00000, 0x0000000796a00000, 0x00000007c0000000)
  eden space 643072K, 100% used [0x000000076ab00000,0x0000000791f00000,0x0000000791f00000)
  from space 21504K, 0% used [0x0000000793380000,0x0000000793380000,0x0000000794880000)
  to   space 20992K, 0% used [0x0000000791f00000,0x0000000791f00000,0x0000000793380000)
 ParOldGen       total 128000K, used 23480K [0x00000006c0000000, 0x00000006c7d00000, 0x000000076ab00000)
  object space 128000K, 18% used [0x00000006c0000000,0x00000006c16ee318,0x00000006c7d00000)
 Metaspace       used 56644K, capacity 57550K, committed 57728K, reserved 1099776K
  class space    used 8012K, capacity 8243K, committed 8320K, reserved 1048576K
Event: 9.350 GC heap after
Heap after GC invocations=13 (full 2):
 PSYoungGen      total 664064K, used 20964K [0x000000076ab00000, 0x00000007a7380000, 0x00000007c0000000)
  eden space 643072K, 0% used [0x000000076ab00000,0x000000076ab00000,0x0000000791f00000)
  from space 20992K, 99% used [0x0000000791f00000,0x0000000793379068,0x0000000793380000)
  to   space 26624K, 0% used [0x00000007a5980000,0x00000007a5980000,0x00000007a7380000)
 ParOldGen       total 128000K, used 30439K [0x00000006c0000000, 0x00000006c7d00000, 0x000000076ab00000)
  object space 128000K, 23% used [0x00000006c0000000,0x00000006c1db9e08,0x00000006c7d00000)
 Metaspace       used 56644K, capacity 57550K, committed 57728K, reserved 1099776K
  class space    used 8012K, capacity 8243K, committed 8320K, reserved 1048576K
}
Event: 9.512 GC heap before
{Heap before GC invocations=14 (full 2):
 PSYoungGen      total 664064K, used 65906K [0x000000076ab00000, 0x00000007a7380000, 0x00000007c0000000)
  eden space 643072K, 6% used [0x000000076ab00000,0x000000076d6e3ac0,0x0000000791f00000)
  from space 20992K, 99% used [0x0000000791f00000,0x0000000793379068,0x0000000793380000)
  to   space 26624K, 0% used [0x00000007a5980000,0x00000007a5980000,0x00000007a7380000)
 ParOldGen       total 128000K, used 30439K [0x00000006c0000000, 0x00000006c7d00000, 0x000000076ab00000)
  object space 128000K, 23% used [0x00000006c0000000,0x00000006c1db9e08,0x00000006c7d00000)
 Metaspace       used 58142K, capacity 58966K, committed 59028K, reserved 1099776K
  class space    used 8213K, capacity 8437K, committed 8448K, reserved 1048576K
Event: 9.521 GC heap after
Heap after GC invocations=14 (full 2):
 PSYoungGen      total 963072K, used 1912K [0x000000076ab00000, 0x00000007a7300000, 0x00000007c0000000)
  eden space 936960K, 0% used [0x000000076ab00000,0x000000076ab00000,0x00000007a3e00000)
  from space 26112K, 7% used [0x00000007a5980000,0x00000007a5b5e278,0x00000007a7300000)
  to   space 27136K, 0% used [0x00000007a3e00000,0x00000007a3e00000,0x00000007a5880000)
 ParOldGen       total 128000K, used 38271K [0x00000006c0000000, 0x00000006c7d00000, 0x000000076ab00000)
  object space 128000K, 29% used [0x00000006c0000000,0x00000006c255fe20,0x00000006c7d00000)
 Metaspace       used 58142K, capacity 58966K, committed 59028K, reserved 1099776K
  class space    used 8213K, capacity 8437K, committed 8448K, reserved 1048576K
}
Event: 9.521 GC heap before
{Heap before GC invocations=15 (full 3):
 PSYoungGen      total 963072K, used 1912K [0x000000076ab00000, 0x00000007a7300000, 0x00000007c0000000)
  eden space 936960K, 0% used [0x000000076ab00000,0x000000076ab00000,0x00000007a3e00000)
  from space 26112K, 7% used [0x00000007a5980000,0x00000007a5b5e278,0x00000007a7300000)
  to   space 27136K, 0% used [0x00000007a3e00000,0x00000007a3e00000,0x00000007a5880000)
 ParOldGen       total 128000K, used 38271K [0x00000006c0000000, 0x00000006c7d00000, 0x000000076ab00000)
  object space 128000K, 29% used [0x00000006c0000000,0x00000006c255fe20,0x00000006c7d00000)
 Metaspace       used 58142K, capacity 58966K, committed 59028K, reserved 1099776K
  class space    used 8213K, capacity 8437K, committed 8448K, reserved 1048576K
Event: 9.685 GC heap after
Heap after GC invocations=15 (full 3):
 PSYoungGen      total 963072K, used 0K [0x000000076ab00000, 0x00000007a7300000, 0x00000007c0000000)
  eden space 936960K, 0% used [0x000000076ab00000,0x000000076ab00000,0x00000007a3e00000)
  from space 26112K, 0% used [0x00000007a5980000,0x00000007a5980000,0x00000007a7300000)
  to   space 27136K, 0% used [0x00000007a3e00000,0x00000007a3e00000,0x00000007a5880000)
 ParOldGen       total 156160K, used 31775K [0x00000006c0000000, 0x00000006c9880000, 0x000000076ab00000)
  object space 156160K, 20% used [0x00000006c0000000,0x00000006c1f07d98,0x00000006c9880000)
 Metaspace       used 58142K, capacity 58966K, committed 59028K, reserved 1099776K
  class space    used 8213K, capacity 8437K, committed 8448K, reserved 1048576K
}

