# JRE version: Java(TM) SE Runtime Environment (8.0_60-b27) (build 1.8.0_60-b27)
# Java VM: Java HotSpot(TM) 64-Bit Server VM (25.60-b23 mixed mode bsd-amd64 compressed oops)
Heap:
 PSYoungGen      total 763904K, used 647700K [0x000000076ab00000, 0x00000007a9300000, 0x00000007c0000000)
  eden space 740352K, 87% used [0x000000076ab00000,0x0000000792385040,0x0000000797e00000)
  from space 23552K, 0% used [0x0000000797e00000,0x0000000797e00000,0x0000000799500000)
  to   space 29696K, 0% used [0x00000007a7600000,0x00000007a7600000,0x00000007a9300000)
 ParOldGen       total 215040K, used 50724K [0x00000006c0000000, 0x00000006cd200000, 0x000000076ab00000)
  object space 215040K, 23% used [0x00000006c0000000,0x00000006c31891d0,0x00000006cd200000)
 Metaspace       used 69626K, capacity 71142K, committed 71552K, reserved 1110016K
  class space    used 9703K, capacity 10025K, committed 10112K, reserved 1048576K
GC Heap History (10 events):
Event: 3.751 GC heap before
{Heap before GC invocations=8 (full 1):
 PSYoungGen      total 457216K, used 457127K [0x000000076ab00000, 0x000000078c600000, 0x00000007c0000000)
  eden space 443392K, 100% used [0x000000076ab00000,0x0000000785c00000,0x0000000785c00000)
  from space 13824K, 99% used [0x000000078b880000,0x000000078c5e9ef0,0x000000078c600000)
  to   space 16384K, 0% used [0x000000078a600000,0x000000078a600000,0x000000078b600000)
 ParOldGen       total 93184K, used 7918K [0x00000006c0000000, 0x00000006c5b00000, 0x000000076ab00000)
  object space 93184K, 8% used [0x00000006c0000000,0x00000006c07bb8e8,0x00000006c5b00000)
 Metaspace       used 28820K, capacity 29318K, committed 29440K, reserved 1075200K
  class space    used 3670K, capacity 3812K, committed 3840K, reserved 1048576K
Event: 3.763 GC heap after
Heap after GC invocations=8 (full 1):
 PSYoungGen      total 535552K, used 14128K [0x000000076ab00000, 0x000000079a680000, 0x00000007c0000000)
  eden space 519168K, 0% used [0x000000076ab00000,0x000000076ab00000,0x000000078a600000)
  from space 16384K, 86% used [0x000000078a600000,0x000000078b3cc2c8,0x000000078b600000)
  to   space 17920K, 0% used [0x0000000799500000,0x0000000799500000,0x000000079a680000)
 ParOldGen       total 93184K, used 7926K [0x00000006c0000000, 0x00000006c5b00000, 0x000000076ab00000)
  object space 93184K, 8% used [0x00000006c0000000,0x00000006c07bd8e8,0x00000006c5b00000)
 Metaspace       used 28820K, capacity 29318K, committed 29440K, reserved 1075200K
  class space    used 3670K, capacity 3812K, committed 3840K, reserved 1048576K
}
Event: 5.115 GC heap before
{Heap before GC invocations=9 (full 1):
 PSYoungGen      total 535552K, used 295011K [0x000000076ab00000, 0x000000079a680000, 0x00000007c0000000)
  eden space 519168K, 54% used [0x000000076ab00000,0x000000077bd4cb48,0x000000078a600000)
  from space 16384K, 86% used [0x000000078a600000,0x000000078b3cc2c8,0x000000078b600000)
  to   space 17920K, 0% used [0x0000000799500000,0x0000000799500000,0x000000079a680000)
 ParOldGen       total 93184K, used 7926K [0x00000006c0000000, 0x00000006c5b00000, 0x000000076ab00000)
  object space 93184K, 8% used [0x00000006c0000000,0x00000006c07bd8e8,0x00000006c5b00000)
 Metaspace       used 34782K, capacity 35342K, committed 35416K, reserved 1079296K
  class space    used 4672K, capacity 4833K, committed 4864K, reserved 1048576K
Event: 5.136 GC heap after
Heap after GC invocations=9 (full 1):
 PSYoungGen      total 758272K, used 17906K [0x000000076ab00000, 0x00000007a1d80000, 0x00000007c0000000)
  eden space 740352K, 0% used [0x000000076ab00000,0x000000076ab00000,0x0000000797e00000)
  from space 17920K, 99% used [0x0000000799500000,0x000000079a67c8c8,0x000000079a680000)
  to   space 23552K, 0% used [0x0000000797e00000,0x0000000797e00000,0x0000000799500000)
 ParOldGen       total 93184K, used 13594K [0x00000006c0000000, 0x00000006c5b00000, 0x000000076ab00000)
  object space 93184K, 14% used [0x00000006c0000000,0x00000006c0d46be0,0x00000006c5b00000)
 Metaspace       used 34782K, capacity 35342K, committed 35416K, reserved 1079296K
  class space    used 4672K, capacity 4833K, committed 4864K, reserved 1048576K
}
Event: 5.136 GC heap before
{Heap before GC invocations=10 (full 2):
 PSYoungGen      total 758272K, used 17906K [0x000000076ab00000, 0x00000007a1d80000, 0x00000007c0000000)
  eden space 740352K, 0% used [0x000000076ab00000,0x000000076ab00000,0x0000000797e00000)
  from space 17920K, 99% used [0x0000000799500000,0x000000079a67c8c8,0x000000079a680000)
  to   space 23552K, 0% used [0x0000000797e00000,0x0000000797e00000,0x0000000799500000)
 ParOldGen       total 93184K, used 13594K [0x00000006c0000000, 0x00000006c5b00000, 0x000000076ab00000)
  object space 93184K, 14% used [0x00000006c0000000,0x00000006c0d46be0,0x00000006c5b00000)
 Metaspace       used 34782K, capacity 35342K, committed 35416K, reserved 1079296K
  class space    used 4672K, capacity 4833K, committed 4864K, reserved 1048576K
Event: 5.221 GC heap after
Heap after GC invocations=10 (full 2):
 PSYoungGen      total 758272K, used 0K [0x000000076ab00000, 0x00000007a1d80000, 0x00000007c0000000)
  eden space 740352K, 0% used [0x000000076ab00000,0x000000076ab00000,0x0000000797e00000)
  from space 17920K, 0% used [0x0000000799500000,0x0000000799500000,0x000000079a680000)
  to   space 23552K, 0% used [0x0000000797e00000,0x0000000797e00000,0x0000000799500000)
 ParOldGen       total 154112K, used 30003K [0x00000006c0000000, 0x00000006c9680000, 0x000000076ab00000)
  object space 154112K, 19% used [0x00000006c0000000,0x00000006c1d4ce58,0x00000006c9680000)
 Metaspace       used 34782K, capacity 35342K, committed 35416K, reserved 1079296K
  class space    used 4672K, capacity 4833K, committed 4864K, reserved 1048576K
}
Event: 9.748 GC heap before
{Heap before GC invocations=11 (full 2):
 PSYoungGen      total 758272K, used 682688K [0x000000076ab00000, 0x00000007a1d80000, 0x00000007c0000000)
  eden space 740352K, 92% used [0x000000076ab00000,0x00000007945b01f8,0x0000000797e00000)
  from space 17920K, 0% used [0x0000000799500000,0x0000000799500000,0x000000079a680000)
  to   space 23552K, 0% used [0x0000000797e00000,0x0000000797e00000,0x0000000799500000)
 ParOldGen       total 154112K, used 30003K [0x00000006c0000000, 0x00000006c9680000, 0x000000076ab00000)
  object space 154112K, 19% used [0x00000006c0000000,0x00000006c1d4ce58,0x00000006c9680000)
 Metaspace       used 58143K, capacity 58966K, committed 59028K, reserved 1099776K
  class space    used 8211K, capacity 8437K, committed 8448K, reserved 1048576K
Event: 9.775 GC heap after
Heap after GC invocations=11 (full 2):
 PSYoungGen      total 763904K, used 23524K [0x000000076ab00000, 0x00000007a9300000, 0x00000007c0000000)
  eden space 740352K, 0% used [0x000000076ab00000,0x000000076ab00000,0x0000000797e00000)
  from space 23552K, 99% used [0x0000000797e00000,0x00000007994f9348,0x0000000799500000)
  to   space 29696K, 0% used [0x00000007a7600000,0x00000007a7600000,0x00000007a9300000)
 ParOldGen       total 154112K, used 36246K [0x00000006c0000000, 0x00000006c9680000, 0x000000076ab00000)
  object space 154112K, 23% used [0x00000006c0000000,0x00000006c2365be0,0x00000006c9680000)
 Metaspace       used 58143K, capacity 58966K, committed 59028K, reserved 1099776K
  class space    used 8211K, capacity 8437K, committed 8448K, reserved 1048576K
}
Event: 9.775 GC heap before
{Heap before GC invocations=12 (full 3):
 PSYoungGen      total 763904K, used 23524K [0x000000076ab00000, 0x00000007a9300000, 0x00000007c0000000)
  eden space 740352K, 0% used [0x000000076ab00000,0x000000076ab00000,0x0000000797e00000)
  from space 23552K, 99% used [0x0000000797e00000,0x00000007994f9348,0x0000000799500000)
  to   space 29696K, 0% used [0x00000007a7600000,0x00000007a7600000,0x00000007a9300000)
 ParOldGen       total 154112K, used 36246K [0x00000006c0000000, 0x00000006c9680000, 0x000000076ab00000)
  object space 154112K, 23% used [0x00000006c0000000,0x00000006c2365be0,0x00000006c9680000)
 Metaspace       used 58143K, capacity 58966K, committed 59028K, reserved 1099776K
  class space    used 8211K, capacity 8437K, committed 8448K, reserved 1048576K
Event: 9.924 GC heap after
Heap after GC invocations=12 (full 3):
 PSYoungGen      total 763904K, used 0K [0x000000076ab00000, 0x00000007a9300000, 0x00000007c0000000)
  eden space 740352K, 0% used [0x000000076ab00000,0x000000076ab00000,0x0000000797e00000)
  from space 23552K, 0% used [0x0000000797e00000,0x0000000797e00000,0x0000000799500000)
  to   space 29696K, 0% used [0x00000007a7600000,0x00000007a7600000,0x00000007a9300000)
 ParOldGen       total 215040K, used 50724K [0x00000006c0000000, 0x00000006cd200000, 0x000000076ab00000)
  object space 215040K, 23% used [0x00000006c0000000,0x00000006c31891d0,0x00000006cd200000)
 Metaspace       used 58143K, capacity 58966K, committed 59028K, reserved 1099776K
  class space    used 8211K, capacity 8437K, committed 8448K, reserved 1048576K
}

