# JRE version: Java(TM) SE Runtime Environment (8.0_60-b27) (build 1.8.0_60-b27)
# Java VM: Java HotSpot(TM) 64-Bit Server VM (25.60-b23 mixed mode bsd-amd64 compressed oops)
Heap:
 PSYoungGen      total 937472K, used 743477K [0x000000076ab00000, 0x00000007a6000000, 0x00000007c0000000)
  eden space 910848K, 81% used [0x000000076ab00000,0x000000079810d5c0,0x00000007a2480000)
  from space 26624K, 0% used [0x00000007a3f00000,0x00000007a3f00000,0x00000007a5900000)
  to   space 27136K, 0% used [0x00000007a2480000,0x00000007a2480000,0x00000007a3f00000)
 ParOldGen       total 160768K, used 31283K [0x00000006c0000000, 0x00000006c9d00000, 0x000000076ab00000)
  object space 160768K, 19% used [0x00000006c0000000,0x00000006c1e8cc60,0x00000006c9d00000)
 Metaspace       used 69678K, capacity 71176K, committed 71552K, reserved 1110016K
  class space    used 9709K, capacity 10020K, committed 10112K, reserved 1048576K
GC Heap History (10 events):
Event: 4.649 GC heap before
{Heap before GC invocations=11 (full 1):
 PSYoungGen      total 463872K, used 40242K [0x000000076ab00000, 0x0000000793e80000, 0x00000007c0000000)
  eden space 448000K, 5% used [0x000000076ab00000,0x000000076c2ce750,0x0000000786080000)
  from space 15872K, 99% used [0x0000000786080000,0x0000000786ffe0c8,0x0000000787000000)
  to   space 21504K, 0% used [0x0000000792980000,0x0000000792980000,0x0000000793e80000)
 ParOldGen       total 90112K, used 17746K [0x00000006c0000000, 0x00000006c5800000, 0x000000076ab00000)
  object space 90112K, 19% used [0x00000006c0000000,0x00000006c1154858,0x00000006c5800000)
 Metaspace       used 34786K, capacity 35342K, committed 35416K, reserved 1079296K
  class space    used 4669K, capacity 4833K, committed 4864K, reserved 1048576K
Event: 4.663 GC heap after
Heap after GC invocations=11 (full 1):
 PSYoungGen      total 654336K, used 5797K [0x000000076ab00000, 0x0000000795900000, 0x00000007c0000000)
  eden space 632832K, 0% used [0x000000076ab00000,0x000000076ab00000,0x0000000791500000)
  from space 21504K, 26% used [0x0000000792980000,0x0000000792f295d8,0x0000000793e80000)
  to   space 20992K, 0% used [0x0000000791500000,0x0000000791500000,0x0000000792980000)
 ParOldGen       total 90112K, used 28280K [0x00000006c0000000, 0x00000006c5800000, 0x000000076ab00000)
  object space 90112K, 31% used [0x00000006c0000000,0x00000006c1b9e2d0,0x00000006c5800000)
 Metaspace       used 34786K, capacity 35342K, committed 35416K, reserved 1079296K
  class space    used 4669K, capacity 4833K, committed 4864K, reserved 1048576K
}
Event: 4.663 GC heap before
{Heap before GC invocations=12 (full 2):
 PSYoungGen      total 654336K, used 5797K [0x000000076ab00000, 0x0000000795900000, 0x00000007c0000000)
  eden space 632832K, 0% used [0x000000076ab00000,0x000000076ab00000,0x0000000791500000)
  from space 21504K, 26% used [0x0000000792980000,0x0000000792f295d8,0x0000000793e80000)
  to   space 20992K, 0% used [0x0000000791500000,0x0000000791500000,0x0000000792980000)
 ParOldGen       total 90112K, used 28280K [0x00000006c0000000, 0x00000006c5800000, 0x000000076ab00000)
  object space 90112K, 31% used [0x00000006c0000000,0x00000006c1b9e2d0,0x00000006c5800000)
 Metaspace       used 34786K, capacity 35342K, committed 35416K, reserved 1079296K
  class space    used 4669K, capacity 4833K, committed 4864K, reserved 1048576K
Event: 4.717 GC heap after
Heap after GC invocations=12 (full 2):
 PSYoungGen      total 654336K, used 0K [0x000000076ab00000, 0x0000000795900000, 0x00000007c0000000)
  eden space 632832K, 0% used [0x000000076ab00000,0x000000076ab00000,0x0000000791500000)
  from space 21504K, 0% used [0x0000000792980000,0x0000000792980000,0x0000000793e80000)
  to   space 20992K, 0% used [0x0000000791500000,0x0000000791500000,0x0000000792980000)
 ParOldGen       total 131072K, used 23397K [0x00000006c0000000, 0x00000006c8000000, 0x000000076ab00000)
  object space 131072K, 17% used [0x00000006c0000000,0x00000006c16d9798,0x00000006c8000000)
 Metaspace       used 34786K, capacity 35342K, committed 35416K, reserved 1079296K
  class space    used 4669K, capacity 4833K, committed 4864K, reserved 1048576K
}
Event: 8.866 GC heap before
{Heap before GC invocations=13 (full 2):
 PSYoungGen      total 654336K, used 632832K [0x000000076ab00000, 0x0000000795900000, 0x00000007c0000000)
  eden space 632832K, 100% used [0x000000076ab00000,0x0000000791500000,0x0000000791500000)
  from space 21504K, 0% used [0x0000000792980000,0x0000000792980000,0x0000000793e80000)
  to   space 20992K, 0% used [0x0000000791500000,0x0000000791500000,0x0000000792980000)
 ParOldGen       total 131072K, used 23397K [0x00000006c0000000, 0x00000006c8000000, 0x000000076ab00000)
  object space 131072K, 17% used [0x00000006c0000000,0x00000006c16d9798,0x00000006c8000000)
 Metaspace       used 56438K, capacity 57320K, committed 57472K, reserved 1097728K
  class space    used 7985K, capacity 8210K, committed 8320K, reserved 1048576K
Event: 8.890 GC heap after
Heap after GC invocations=13 (full 2):
 PSYoungGen      total 653824K, used 20985K [0x000000076ab00000, 0x00000007a5900000, 0x00000007c0000000)
  eden space 632832K, 0% used [0x000000076ab00000,0x000000076ab00000,0x0000000791500000)
  from space 20992K, 99% used [0x0000000791500000,0x000000079297e7a8,0x0000000792980000)
  to   space 26624K, 0% used [0x00000007a3f00000,0x00000007a3f00000,0x00000007a5900000)
 ParOldGen       total 131072K, used 30459K [0x00000006c0000000, 0x00000006c8000000, 0x000000076ab00000)
  object space 131072K, 23% used [0x00000006c0000000,0x00000006c1dbec18,0x00000006c8000000)
 Metaspace       used 56438K, capacity 57320K, committed 57472K, reserved 1097728K
  class space    used 7985K, capacity 8210K, committed 8320K, reserved 1048576K
}
Event: 9.016 GC heap before
{Heap before GC invocations=14 (full 2):
 PSYoungGen      total 653824K, used 54712K [0x000000076ab00000, 0x00000007a5900000, 0x00000007c0000000)
  eden space 632832K, 5% used [0x000000076ab00000,0x000000076cbefb20,0x0000000791500000)
  from space 20992K, 99% used [0x0000000791500000,0x000000079297e7a8,0x0000000792980000)
  to   space 26624K, 0% used [0x00000007a3f00000,0x00000007a3f00000,0x00000007a5900000)
 ParOldGen       total 131072K, used 30459K [0x00000006c0000000, 0x00000006c8000000, 0x000000076ab00000)
  object space 131072K, 23% used [0x00000006c0000000,0x00000006c1dbec18,0x00000006c8000000)
 Metaspace       used 57729K, capacity 58848K, committed 59008K, reserved 1099776K
  class space    used 8190K, capacity 8456K, committed 8576K, reserved 1048576K
Event: 9.026 GC heap after
Heap after GC invocations=14 (full 2):
 PSYoungGen      total 937472K, used 1334K [0x000000076ab00000, 0x00000007a6000000, 0x00000007c0000000)
  eden space 910848K, 0% used [0x000000076ab00000,0x000000076ab00000,0x00000007a2480000)
  from space 26624K, 5% used [0x00000007a3f00000,0x00000007a404dae8,0x00000007a5900000)
  to   space 27136K, 0% used [0x00000007a2480000,0x00000007a2480000,0x00000007a3f00000)
 ParOldGen       total 131072K, used 38244K [0x00000006c0000000, 0x00000006c8000000, 0x000000076ab00000)
  object space 131072K, 29% used [0x00000006c0000000,0x00000006c25590f8,0x00000006c8000000)
 Metaspace       used 57729K, capacity 58848K, committed 59008K, reserved 1099776K
  class space    used 8190K, capacity 8456K, committed 8576K, reserved 1048576K
}
Event: 9.026 GC heap before
{Heap before GC invocations=15 (full 3):
 PSYoungGen      total 937472K, used 1334K [0x000000076ab00000, 0x00000007a6000000, 0x00000007c0000000)
  eden space 910848K, 0% used [0x000000076ab00000,0x000000076ab00000,0x00000007a2480000)
  from space 26624K, 5% used [0x00000007a3f00000,0x00000007a404dae8,0x00000007a5900000)
  to   space 27136K, 0% used [0x00000007a2480000,0x00000007a2480000,0x00000007a3f00000)
 ParOldGen       total 131072K, used 38244K [0x00000006c0000000, 0x00000006c8000000, 0x000000076ab00000)
  object space 131072K, 29% used [0x00000006c0000000,0x00000006c25590f8,0x00000006c8000000)
 Metaspace       used 57729K, capacity 58848K, committed 59008K, reserved 1099776K
  class space    used 8190K, capacity 8456K, committed 8576K, reserved 1048576K
Event: 9.200 GC heap after
Heap after GC invocations=15 (full 3):
 PSYoungGen      total 937472K, used 0K [0x000000076ab00000, 0x00000007a6000000, 0x00000007c0000000)
  eden space 910848K, 0% used [0x000000076ab00000,0x000000076ab00000,0x00000007a2480000)
  from space 26624K, 0% used [0x00000007a3f00000,0x00000007a3f00000,0x00000007a5900000)
  to   space 27136K, 0% used [0x00000007a2480000,0x00000007a2480000,0x00000007a3f00000)
 ParOldGen       total 160768K, used 31283K [0x00000006c0000000, 0x00000006c9d00000, 0x000000076ab00000)
  object space 160768K, 19% used [0x00000006c0000000,0x00000006c1e8cc60,0x00000006c9d00000)
 Metaspace       used 57729K, capacity 58848K, committed 59008K, reserved 1099776K
  class space    used 8190K, capacity 8456K, committed 8576K, reserved 1048576K
}

