# JRE version: Java(TM) SE Runtime Environment (8.0_60-b27) (build 1.8.0_60-b27)
# Java VM: Java HotSpot(TM) 64-Bit Server VM (25.60-b23 mixed mode bsd-amd64 compressed oops)
Heap:
 PSYoungGen      total 965120K, used 697035K [0x000000076ab00000, 0x00000007a7580000, 0x00000007c0000000)
  eden space 940544K, 74% used [0x000000076ab00000,0x00000007953b2f10,0x00000007a4180000)
  from space 24576K, 0% used [0x00000007a5d80000,0x00000007a5d80000,0x00000007a7580000)
  to   space 26624K, 0% used [0x00000007a4180000,0x00000007a4180000,0x00000007a5b80000)
 ParOldGen       total 155648K, used 32031K [0x00000006c0000000, 0x00000006c9800000, 0x000000076ab00000)
  object space 155648K, 20% used [0x00000006c0000000,0x00000006c1f47fb0,0x00000006c9800000)
 Metaspace       used 69110K, capacity 70546K, committed 70912K, reserved 1110016K
  class space    used 9632K, capacity 9931K, committed 9984K, reserved 1048576K
GC Heap History (10 events):
Event: 4.629 GC heap before
{Heap before GC invocations=11 (full 1):
 PSYoungGen      total 466944K, used 35347K [0x000000076ab00000, 0x0000000794900000, 0x00000007c0000000)
  eden space 451072K, 4% used [0x000000076ab00000,0x000000076be0c5e8,0x0000000786380000)
  from space 15872K, 99% used [0x0000000786380000,0x00000007872f8688,0x0000000787300000)
  to   space 21504K, 0% used [0x0000000793400000,0x0000000793400000,0x0000000794900000)
 ParOldGen       total 89088K, used 18121K [0x00000006c0000000, 0x00000006c5700000, 0x000000076ab00000)
  object space 89088K, 20% used [0x00000006c0000000,0x00000006c11b25c8,0x00000006c5700000)
 Metaspace       used 34803K, capacity 35342K, committed 35416K, reserved 1079296K
  class space    used 4672K, capacity 4833K, committed 4864K, reserved 1048576K
Event: 4.640 GC heap after
Heap after GC invocations=11 (full 1):
 PSYoungGen      total 665088K, used 5882K [0x000000076ab00000, 0x0000000796880000, 0x00000007c0000000)
  eden space 643584K, 0% used [0x000000076ab00000,0x000000076ab00000,0x0000000791f80000)
  from space 21504K, 27% used [0x0000000793400000,0x00000007939bea00,0x0000000794900000)
  to   space 20992K, 0% used [0x0000000791f80000,0x0000000791f80000,0x0000000793400000)
 ParOldGen       total 89088K, used 28521K [0x00000006c0000000, 0x00000006c5700000, 0x000000076ab00000)
  object space 89088K, 32% used [0x00000006c0000000,0x00000006c1bda430,0x00000006c5700000)
 Metaspace       used 34803K, capacity 35342K, committed 35416K, reserved 1079296K
  class space    used 4672K, capacity 4833K, committed 4864K, reserved 1048576K
}
Event: 4.640 GC heap before
{Heap before GC invocations=12 (full 2):
 PSYoungGen      total 665088K, used 5882K [0x000000076ab00000, 0x0000000796880000, 0x00000007c0000000)
  eden space 643584K, 0% used [0x000000076ab00000,0x000000076ab00000,0x0000000791f80000)
  from space 21504K, 27% used [0x0000000793400000,0x00000007939bea00,0x0000000794900000)
  to   space 20992K, 0% used [0x0000000791f80000,0x0000000791f80000,0x0000000793400000)
 ParOldGen       total 89088K, used 28521K [0x00000006c0000000, 0x00000006c5700000, 0x000000076ab00000)
  object space 89088K, 32% used [0x00000006c0000000,0x00000006c1bda430,0x00000006c5700000)
 Metaspace       used 34803K, capacity 35342K, committed 35416K, reserved 1079296K
  class space    used 4672K, capacity 4833K, committed 4864K, reserved 1048576K
Event: 4.690 GC heap after
Heap after GC invocations=12 (full 2):
 PSYoungGen      total 665088K, used 0K [0x000000076ab00000, 0x0000000796880000, 0x00000007c0000000)
  eden space 643584K, 0% used [0x000000076ab00000,0x000000076ab00000,0x0000000791f80000)
  from space 21504K, 0% used [0x0000000793400000,0x0000000793400000,0x0000000794900000)
  to   space 20992K, 0% used [0x0000000791f80000,0x0000000791f80000,0x0000000793400000)
 ParOldGen       total 127488K, used 23459K [0x00000006c0000000, 0x00000006c7c80000, 0x000000076ab00000)
  object space 127488K, 18% used [0x00000006c0000000,0x00000006c16e8d88,0x00000006c7c80000)
 Metaspace       used 34803K, capacity 35342K, committed 35416K, reserved 1079296K
  class space    used 4672K, capacity 4833K, committed 4864K, reserved 1048576K
}
Event: 8.821 GC heap before
{Heap before GC invocations=13 (full 2):
 PSYoungGen      total 665088K, used 643584K [0x000000076ab00000, 0x0000000796880000, 0x00000007c0000000)
  eden space 643584K, 100% used [0x000000076ab00000,0x0000000791f80000,0x0000000791f80000)
  from space 21504K, 0% used [0x0000000793400000,0x0000000793400000,0x0000000794900000)
  to   space 20992K, 0% used [0x0000000791f80000,0x0000000791f80000,0x0000000793400000)
 ParOldGen       total 127488K, used 23459K [0x00000006c0000000, 0x00000006c7c80000, 0x000000076ab00000)
  object space 127488K, 18% used [0x00000006c0000000,0x00000006c16e8d88,0x00000006c7c80000)
 Metaspace       used 56390K, capacity 57176K, committed 57344K, reserved 1097728K
  class space    used 7971K, capacity 8170K, committed 8192K, reserved 1048576K
Event: 8.843 GC heap after
Heap after GC invocations=13 (full 2):
 PSYoungGen      total 664576K, used 20970K [0x000000076ab00000, 0x00000007a7780000, 0x00000007c0000000)
  eden space 643584K, 0% used [0x000000076ab00000,0x000000076ab00000,0x0000000791f80000)
  from space 20992K, 99% used [0x0000000791f80000,0x00000007933faae0,0x0000000793400000)
  to   space 26624K, 0% used [0x00000007a5d80000,0x00000007a5d80000,0x00000007a7780000)
 ParOldGen       total 127488K, used 30140K [0x00000006c0000000, 0x00000006c7c80000, 0x000000076ab00000)
  object space 127488K, 23% used [0x00000006c0000000,0x00000006c1d6f3f8,0x00000006c7c80000)
 Metaspace       used 56390K, capacity 57176K, committed 57344K, reserved 1097728K
  class space    used 7971K, capacity 8170K, committed 8192K, reserved 1048576K
}
Event: 9.022 GC heap before
{Heap before GC invocations=14 (full 2):
 PSYoungGen      total 664576K, used 81321K [0x000000076ab00000, 0x00000007a7780000, 0x00000007c0000000)
  eden space 643584K, 9% used [0x000000076ab00000,0x000000076e5ef9f8,0x0000000791f80000)
  from space 20992K, 99% used [0x0000000791f80000,0x00000007933faae0,0x0000000793400000)
  to   space 26624K, 0% used [0x00000007a5d80000,0x00000007a5d80000,0x00000007a7780000)
 ParOldGen       total 127488K, used 30140K [0x00000006c0000000, 0x00000006c7c80000, 0x000000076ab00000)
  object space 127488K, 23% used [0x00000006c0000000,0x00000006c1d6f3f8,0x00000006c7c80000)
 Metaspace       used 58161K, capacity 58966K, committed 59028K, reserved 1099776K
  class space    used 8208K, capacity 8437K, committed 8448K, reserved 1048576K
Event: 9.032 GC heap after
Heap after GC invocations=14 (full 2):
 PSYoungGen      total 965120K, used 2168K [0x000000076ab00000, 0x00000007a7580000, 0x00000007c0000000)
  eden space 940544K, 0% used [0x000000076ab00000,0x000000076ab00000,0x00000007a4180000)
  from space 24576K, 8% used [0x00000007a5d80000,0x00000007a5f9e150,0x00000007a7580000)
  to   space 26624K, 0% used [0x00000007a4180000,0x00000007a4180000,0x00000007a5b80000)
 ParOldGen       total 127488K, used 37888K [0x00000006c0000000, 0x00000006c7c80000, 0x000000076ab00000)
  object space 127488K, 29% used [0x00000006c0000000,0x00000006c25001a8,0x00000006c7c80000)
 Metaspace       used 58161K, capacity 58966K, committed 59028K, reserved 1099776K
  class space    used 8208K, capacity 8437K, committed 8448K, reserved 1048576K
}
Event: 9.032 GC heap before
{Heap before GC invocations=15 (full 3):
 PSYoungGen      total 965120K, used 2168K [0x000000076ab00000, 0x00000007a7580000, 0x00000007c0000000)
  eden space 940544K, 0% used [0x000000076ab00000,0x000000076ab00000,0x00000007a4180000)
  from space 24576K, 8% used [0x00000007a5d80000,0x00000007a5f9e150,0x00000007a7580000)
  to   space 26624K, 0% used [0x00000007a4180000,0x00000007a4180000,0x00000007a5b80000)
 ParOldGen       total 127488K, used 37888K [0x00000006c0000000, 0x00000006c7c80000, 0x000000076ab00000)
  object space 127488K, 29% used [0x00000006c0000000,0x00000006c25001a8,0x00000006c7c80000)
 Metaspace       used 58161K, capacity 58966K, committed 59028K, reserved 1099776K
  class space    used 8208K, capacity 8437K, committed 8448K, reserved 1048576K
Event: 9.196 GC heap after
Heap after GC invocations=15 (full 3):
 PSYoungGen      total 965120K, used 0K [0x000000076ab00000, 0x00000007a7580000, 0x00000007c0000000)
  eden space 940544K, 0% used [0x000000076ab00000,0x000000076ab00000,0x00000007a4180000)
  from space 24576K, 0% used [0x00000007a5d80000,0x00000007a5d80000,0x00000007a7580000)
  to   space 26624K, 0% used [0x00000007a4180000,0x00000007a4180000,0x00000007a5b80000)
 ParOldGen       total 155648K, used 32031K [0x00000006c0000000, 0x00000006c9800000, 0x000000076ab00000)
  object space 155648K, 20% used [0x00000006c0000000,0x00000006c1f47fb0,0x00000006c9800000)
 Metaspace       used 58161K, capacity 58966K, committed 59028K, reserved 1099776K
  class space    used 8208K, capacity 8437K, committed 8448K, reserved 1048576K
}

