# JRE version: Java(TM) SE Runtime Environment (8.0_60-b27) (build 1.8.0_60-b27)
# Java VM: Java HotSpot(TM) 64-Bit Server VM (25.60-b23 mixed mode bsd-amd64 compressed oops)
Heap:
 PSYoungGen      total 953344K, used 675507K [0x000000076ab00000, 0x00000007a7e80000, 0x00000007c0000000)
  eden space 926208K, 72% used [0x000000076ab00000,0x0000000793eace78,0x00000007a3380000)
  from space 27136K, 0% used [0x00000007a4e80000,0x00000007a4e80000,0x00000007a6900000)
  to   space 27648K, 0% used [0x00000007a3380000,0x00000007a3380000,0x00000007a4e80000)
 ParOldGen       total 155136K, used 30899K [0x00000006c0000000, 0x00000006c9780000, 0x000000076ab00000)
  object space 155136K, 19% used [0x00000006c0000000,0x00000006c1e2cec8,0x00000006c9780000)
 Metaspace       used 69108K, capacity 70550K, committed 70784K, reserved 1110016K
  class space    used 9655K, capacity 9985K, committed 10112K, reserved 1048576K
GC Heap History (10 events):
Event: 4.834 GC heap before
{Heap before GC invocations=11 (full 1):
 PSYoungGen      total 465408K, used 35431K [0x000000076ab00000, 0x0000000794480000, 0x00000007c0000000)
  eden space 449536K, 4% used [0x000000076ab00000,0x000000076be1c280,0x0000000786200000)
  from space 15872K, 99% used [0x0000000786200000,0x000000078717dad8,0x0000000787180000)
  to   space 21504K, 0% used [0x0000000792f80000,0x0000000792f80000,0x0000000794480000)
 ParOldGen       total 89600K, used 17831K [0x00000006c0000000, 0x00000006c5780000, 0x000000076ab00000)
  object space 89600K, 19% used [0x00000006c0000000,0x00000006c1169cb0,0x00000006c5780000)
 Metaspace       used 34848K, capacity 35342K, committed 35416K, reserved 1079296K
  class space    used 4694K, capacity 4833K, committed 4864K, reserved 1048576K
Event: 4.845 GC heap after
Heap after GC invocations=11 (full 1):
 PSYoungGen      total 660480K, used 6003K [0x000000076ab00000, 0x0000000796180000, 0x00000007c0000000)
  eden space 638976K, 0% used [0x000000076ab00000,0x000000076ab00000,0x0000000791b00000)
  from space 21504K, 27% used [0x0000000792f80000,0x000000079355cfb0,0x0000000794480000)
  to   space 20992K, 0% used [0x0000000791b00000,0x0000000791b00000,0x0000000792f80000)
 ParOldGen       total 89600K, used 28397K [0x00000006c0000000, 0x00000006c5780000, 0x000000076ab00000)
  object space 89600K, 31% used [0x00000006c0000000,0x00000006c1bbb728,0x00000006c5780000)
 Metaspace       used 34848K, capacity 35342K, committed 35416K, reserved 1079296K
  class space    used 4694K, capacity 4833K, committed 4864K, reserved 1048576K
}
Event: 4.845 GC heap before
{Heap before GC invocations=12 (full 2):
 PSYoungGen      total 660480K, used 6003K [0x000000076ab00000, 0x0000000796180000, 0x00000007c0000000)
  eden space 638976K, 0% used [0x000000076ab00000,0x000000076ab00000,0x0000000791b00000)
  from space 21504K, 27% used [0x0000000792f80000,0x000000079355cfb0,0x0000000794480000)
  to   space 20992K, 0% used [0x0000000791b00000,0x0000000791b00000,0x0000000792f80000)
 ParOldGen       total 89600K, used 28397K [0x00000006c0000000, 0x00000006c5780000, 0x000000076ab00000)
  object space 89600K, 31% used [0x00000006c0000000,0x00000006c1bbb728,0x00000006c5780000)
 Metaspace       used 34848K, capacity 35342K, committed 35416K, reserved 1079296K
  class space    used 4694K, capacity 4833K, committed 4864K, reserved 1048576K
Event: 4.894 GC heap after
Heap after GC invocations=12 (full 2):
 PSYoungGen      total 660480K, used 0K [0x000000076ab00000, 0x0000000796180000, 0x00000007c0000000)
  eden space 638976K, 0% used [0x000000076ab00000,0x000000076ab00000,0x0000000791b00000)
  from space 21504K, 0% used [0x0000000792f80000,0x0000000792f80000,0x0000000794480000)
  to   space 20992K, 0% used [0x0000000791b00000,0x0000000791b00000,0x0000000792f80000)
 ParOldGen       total 129536K, used 23554K [0x00000006c0000000, 0x00000006c7e80000, 0x000000076ab00000)
  object space 129536K, 18% used [0x00000006c0000000,0x00000006c1700a88,0x00000006c7e80000)
 Metaspace       used 34848K, capacity 35342K, committed 35416K, reserved 1079296K
  class space    used 4694K, capacity 4833K, committed 4864K, reserved 1048576K
}
Event: 9.110 GC heap before
{Heap before GC invocations=13 (full 2):
 PSYoungGen      total 660480K, used 638976K [0x000000076ab00000, 0x0000000796180000, 0x00000007c0000000)
  eden space 638976K, 100% used [0x000000076ab00000,0x0000000791b00000,0x0000000791b00000)
  from space 21504K, 0% used [0x0000000792f80000,0x0000000792f80000,0x0000000794480000)
  to   space 20992K, 0% used [0x0000000791b00000,0x0000000791b00000,0x0000000792f80000)
 ParOldGen       total 129536K, used 23554K [0x00000006c0000000, 0x00000006c7e80000, 0x000000076ab00000)
  object space 129536K, 18% used [0x00000006c0000000,0x00000006c1700a88,0x00000006c7e80000)
 Metaspace       used 57333K, capacity 58488K, committed 58624K, reserved 1099776K
  class space    used 8147K, capacity 8412K, committed 8448K, reserved 1048576K
Event: 9.132 GC heap after
Heap after GC invocations=13 (full 2):
 PSYoungGen      total 659968K, used 20979K [0x000000076ab00000, 0x00000007a6900000, 0x00000007c0000000)
  eden space 638976K, 0% used [0x000000076ab00000,0x000000076ab00000,0x0000000791b00000)
  from space 20992K, 99% used [0x0000000791b00000,0x0000000792f7cf10,0x0000000792f80000)
  to   space 27136K, 0% used [0x00000007a4e80000,0x00000007a4e80000,0x00000007a6900000)
 ParOldGen       total 129536K, used 31454K [0x00000006c0000000, 0x00000006c7e80000, 0x000000076ab00000)
  object space 129536K, 24% used [0x00000006c0000000,0x00000006c1eb7a70,0x00000006c7e80000)
 Metaspace       used 57333K, capacity 58488K, committed 58624K, reserved 1099776K
  class space    used 8147K, capacity 8412K, committed 8448K, reserved 1048576K
}
Event: 9.198 GC heap before
{Heap before GC invocations=14 (full 2):
 PSYoungGen      total 659968K, used 45998K [0x000000076ab00000, 0x00000007a6900000, 0x00000007c0000000)
  eden space 638976K, 3% used [0x000000076ab00000,0x000000076c36ea48,0x0000000791b00000)
  from space 20992K, 99% used [0x0000000791b00000,0x0000000792f7cf10,0x0000000792f80000)
  to   space 27136K, 0% used [0x00000007a4e80000,0x00000007a4e80000,0x00000007a6900000)
 ParOldGen       total 129536K, used 31454K [0x00000006c0000000, 0x00000006c7e80000, 0x000000076ab00000)
  object space 129536K, 24% used [0x00000006c0000000,0x00000006c1eb7a70,0x00000006c7e80000)
 Metaspace       used 57741K, capacity 58880K, committed 59008K, reserved 1099776K
  class space    used 8209K, capacity 8488K, committed 8576K, reserved 1048576K
Event: 9.207 GC heap after
Heap after GC invocations=14 (full 2):
 PSYoungGen      total 953344K, used 352K [0x000000076ab00000, 0x00000007a7e80000, 0x00000007c0000000)
  eden space 926208K, 0% used [0x000000076ab00000,0x000000076ab00000,0x00000007a3380000)
  from space 27136K, 1% used [0x00000007a4e80000,0x00000007a4ed8000,0x00000007a6900000)
  to   space 27648K, 0% used [0x00000007a3380000,0x00000007a3380000,0x00000007a4e80000)
 ParOldGen       total 129536K, used 39853K [0x00000006c0000000, 0x00000006c7e80000, 0x000000076ab00000)
  object space 129536K, 30% used [0x00000006c0000000,0x00000006c26eb430,0x00000006c7e80000)
 Metaspace       used 57741K, capacity 58880K, committed 59008K, reserved 1099776K
  class space    used 8209K, capacity 8488K, committed 8576K, reserved 1048576K
}
Event: 9.207 GC heap before
{Heap before GC invocations=15 (full 3):
 PSYoungGen      total 953344K, used 352K [0x000000076ab00000, 0x00000007a7e80000, 0x00000007c0000000)
  eden space 926208K, 0% used [0x000000076ab00000,0x000000076ab00000,0x00000007a3380000)
  from space 27136K, 1% used [0x00000007a4e80000,0x00000007a4ed8000,0x00000007a6900000)
  to   space 27648K, 0% used [0x00000007a3380000,0x00000007a3380000,0x00000007a4e80000)
 ParOldGen       total 129536K, used 39853K [0x00000006c0000000, 0x00000006c7e80000, 0x000000076ab00000)
  object space 129536K, 30% used [0x00000006c0000000,0x00000006c26eb430,0x00000006c7e80000)
 Metaspace       used 57741K, capacity 58880K, committed 59008K, reserved 1099776K
  class space    used 8209K, capacity 8488K, committed 8576K, reserved 1048576K
Event: 9.365 GC heap after
Heap after GC invocations=15 (full 3):
 PSYoungGen      total 953344K, used 0K [0x000000076ab00000, 0x00000007a7e80000, 0x00000007c0000000)
  eden space 926208K, 0% used [0x000000076ab00000,0x000000076ab00000,0x00000007a3380000)
  from space 27136K, 0% used [0x00000007a4e80000,0x00000007a4e80000,0x00000007a6900000)
  to   space 27648K, 0% used [0x00000007a3380000,0x00000007a3380000,0x00000007a4e80000)
 ParOldGen       total 155136K, used 30899K [0x00000006c0000000, 0x00000006c9780000, 0x000000076ab00000)
  object space 155136K, 19% used [0x00000006c0000000,0x00000006c1e2cec8,0x00000006c9780000)
 Metaspace       used 57741K, capacity 58880K, committed 59008K, reserved 1099776K
  class space    used 8209K, capacity 8488K, committed 8576K, reserved 1048576K
}

